100 741 504 0.003627
200 1569 962 0.00732
300 2199 1546 0.010933
400 3430 2302 0.016823
500 4581 2739 0.021162
600 5483 3444 0.025742
700 6572 4233 0.031467
800 7821 4477 0.035831
900 8452 5518 0.040624
1000 9957 6467 0.047703
1100 11669 7311 0.055251
1200 12234 7411 0.057042
1300 14131 8418 0.065576
1400 15562 10179 0.074577
1500 16740 10035 0.077595
1600 18046 12591 0.089141
1700 18380 11218 0.086444
1800 19440 12436 0.092933
1900 21109 13257 0.099742
2000 23631 13637 0.108166
2100 24913 13742 0.112731
2200 24164 14871 0.113604
2300 27894 16955 0.130929
2400 27156 16648 0.12768
2500 29056 18315 0.138355
2600 29467 17810 0.137972
2700 33655 19020 0.153302
2800 32330 22018 0.157981
2900 32786 21470 0.157891
3000 35493 23213 0.170509
3100 37956 23987 0.180657
3200 37825 22915 0.177088
3300 41668 26222 0.197862
3400 42433 23292 0.191783
3500 52339 22159 0.217042
3600 46326 26769 0.213112
3700 46618 28071 0.217513
3800 48781 28746 0.225572
3900 47710 27955 0.2204
4000 49867 29265 0.230831
4100 53827 31219 0.247851
4200 52937 30344 0.242766
4300 55871 34136 0.262038
4400 53112 33149 0.250572
4500 56465 35928 0.268429
4600 63817 34193 0.284762
4700 60825 35321 0.2784
4800 61671 37354 0.288347
4900 62926 39328 0.297716
5000 67078 38750 0.307225
5100 66859 39871 0.310668
5200 66683 40181 0.310823
5300 79256 48157 0.370999
5400 73372 40993 0.332476
5500 71620 43615 0.33557
5600 74042 46615 0.351248
5700 72838 43601 0.338155
5800 82917 43766 0.36823
5900 76736 46296 0.357447
6000 79931 45748 0.365817
6100 78059 46463 0.361875
6200 88048 48057 0.39389
6300 83474 50175 0.388542
6400 83961 53783 0.400254
6500 85101 50222 0.393112
6600 85579 51913 0.398206
6700 86622 54175 0.408019
6800 87939 55123 0.413878
6900 96604 54815 0.439179
7000 96174 52252 0.43167
7100 98267 62017 0.465967
7200 97805 61540 0.463255
7300 104261 66243 0.494963
7400 101768 63062 0.47937
7500 100465 66911 0.485388
7600 101288 59636 0.468019
7700 103632 64372 0.488825
7800 120268 58805 0.52048
7900 106633 64042 0.495946
8000 112956 66759 0.523122
8100 107972 67783 0.511466
8200 115469 67640 0.532772
8300 115264 67634 0.532138
8400 114908 75293 0.55307
8500 122577 73071 0.568905
8600 130871 67737 0.57835
8700 123117 72641 0.569428
8800 130839 81695 0.616787
8900 123045 73801 0.571633
9000 131593 70922 0.588711
9100 127744 78682 0.598738
9200 125465 74376 0.580625
9300 133011 80911 0.621952
9400 130266 76735 0.601991
9500 131759 82695 0.6234
9600 137755 79923 0.633566
9700 137027 86206 0.649892
9800 133372 84471 0.633811
9900 146922 83182 0.669025
10000 139061 89501 0.665335
