100 584 426 0.002931
200 1425 922 0.006855
300 2400 1601 0.011685
400 3106 2139 0.015251
500 4992 2739 0.022394
600 5963 4069 0.02929
700 6552 3942 0.030576
800 7866 4934 0.037283
900 8769 6093 0.042954
1000 10290 6210 0.047832
1100 11191 7935 0.055334
1200 12435 7548 0.057597
1300 13265 8917 0.064206
1400 14325 9410 0.068501
1500 16940 10559 0.079406
1600 17076 10039 0.078402
1700 20471 11988 0.094009
1800 19470 12347 0.091996
1900 20270 12908 0.095769
2000 23310 14610 0.109462
2100 24583 13803 0.111163
2200 24843 15149 0.115639
2300 26503 17599 0.127575
2400 28083 17211 0.130886
2500 29971 16307 0.133693
2600 29787 19341 0.14232
2700 31422 19678 0.147527
2800 34347 22940 0.1652
2900 34735 23116 0.166757
3000 37569 24317 0.178961
3100 37505 20452 0.167674
3200 39007 25744 0.18765
3300 42777 25378 0.197308
3400 40741 25341 0.191223
3500 44126 26880 0.205858
3600 43709 29137 0.211039
3700 45816 29017 0.216798
3800 46249 28137 0.215177
3900 51449 30841 0.238184
4000 51677 30466 0.237451
4100 50115 30261 0.232685
4200 55456 33723 0.25834
4300 55794 35742 0.265462
4400 60432 38790 0.286692
4500 56233 34761 0.26296
4600 57903 37860 0.277381
4700 62158 40492 0.297822
4800 65265 36348 0.293655
4900 67039 38891 0.306631
5000 62065 39652 0.294892
5100 67536 42430 0.319392
5200 73765 41815 0.334316
5300 68933 39632 0.314018
5400 67944 40466 0.313956
5500 74746 40369 0.332987
5600 75215 45252 0.348607
5700 77270 44961 0.353778
5800 75728 48750 0.359925
5900 76247 45056 0.350762
6000 84774 48302 0.384544
6100 81028 50760 0.381024
6200 81629 47856 0.37511
6300 80747 48147 0.373482
6400 89567 49713 0.402473
6500 97580 47410 0.419332
6600 88332 55325 0.415866
6700 88802 52704 0.409247
6800 90411 59569 0.433276
6900 92104 54991 0.425574
7000 93151 58575 0.438398
7100 95380 58684 0.445306
7200 97444 56879 0.446036
7300 110901 66326 0.512685
7400 96102 59981 0.451229
7500 102846 63621 0.481224
7600 103322 67709 0.494653
7700 107720 59697 0.483432
7800 107348 59447 0.481778
7900 112707 66378 0.517303
8000 110859 68731 0.519747
8100 112227 65069 0.512506
8200 116515 61782 0.515201
8300 115732 63422 0.518288
8400 120174 64396 0.533918
8500 117089 69715 0.53995
8600 117773 71526 0.547612
8700 123045 70196 0.558835
8800 126241 70709 0.569679
8900 121798 78129 0.57806
9000 134435 71119 0.593913
9100 125338 69900 0.564827
9200 125651 79051 0.592297
9300 129353 78521 0.600876
9400 130505 80835 0.611824
9500 136533 75324 0.612553
9600 131569 81146 0.614071
9700 136858 85537 0.642557
9800 139809 80769 0.637839
9900 150571 81492 0.670307
10000 142530 87539 0.66576
100 573 385 0.002766
200 1415 1023 0.007065
300 2488 1687 0.012103
400 3402 2216 0.016282
500 4247 2568 0.019725
600 5260 3550 0.02567
700 6737 4446 0.032487
800 7529 4702 0.035405
900 9189 5286 0.042
1000 11182 6958 0.052645
1100 12094 6877 0.055082
1200 12294 8300 0.059615
1300 13994 8589 0.065411
1400 14975 9297 0.070338
1500 15771 10113 0.074985
1600 16925 10781 0.080492
1700 21245 11202 0.093934
1800 19458 11311 0.08914
1900 21280 11867 0.096162
2000 21504 12901 0.099647
2100 22865 15431 0.110868
2200 25137 15209 0.116677
2300 27458 14620 0.121545
2400 27401 17107 0.12833
2500 28720 16729 0.131181
2600 30826 19815 0.146192
2700 31299 19196 0.145994
2800 32320 21400 0.15547
2900 33187 21314 0.157569
3000 38431 21924 0.174139
3100 37590 23820 0.177605
3200 39471 24915 0.185824
3300 38067 24959 0.18223
3400 40388 25612 0.190934
3500 45026 27245 0.208869
3600 43818 25747 0.201182
3700 48198 30069 0.226491
3800 46192 30506 0.222453
3900 47367 28233 0.2187
4000 51348 32153 0.241066
4100 50338 31081 0.234916
4200 52911 33882 0.25095
4300 55383 30437 0.248188
4400 56635 31289 0.254185
4500 57491 38210 0.276715
4600 57267 36026 0.270303
4700 58639 36172 0.274394
4800 61008 41056 0.295558
4900 60868 39652 0.290726
5000 66224 38361 0.30275
5100 66019 38866 0.303689
5200 67771 40147 0.312506
5300 72144 40838 0.327612
5400 73412 43785 0.339003
5500 70418 40555 0.321087
5600 72133 44323 0.337797
5700 75090 47386 0.354311
5800 76569 44216 0.349525
5900 80265 42712 0.356151
6000 81054 52263 0.385538
6100 81205 48714 0.376181
6200 87000 52653 0.404466
6300 80747 52959 0.387021
6400 86436 54974 0.409661
6500 85047 50494 0.392193
6600 89079 54291 0.415089
6700 86342 54836 0.408769
6800 91836 53762 0.421066
6900 89685 60986 0.43597
7000 92048 57052 0.430499
7100 95840 56356 0.439717
7200 94076 55661 0.433096
7300 99881 59351 0.460418
7400 106865 59702 0.481655
7500 98329 61509 0.46294
7600 104632 63170 0.48593
7700 103734 60660 0.474857
7800 106110 63962 0.492232
7900 106312 60400 0.482567
8000 109756 63780 0.502122
8100 110044 67709 0.514454
8200 112244 68469 0.523492
8300 110027 67525 0.513861
8400 113065 64230 0.513247
8500 119946 68030 0.544226
8600 119443 75745 0.564961
8700 120582 78228 0.576363
8800 125884 70670 0.569358
8900 127313 69513 0.569914
9000 120594 77627 0.573296
9100 123793 76765 0.580131
9200 127710 79838 0.600647
9300 132413 76876 0.604864
9400 131402 82275 0.617907
9500 125807 80140 0.595445
9600 134534 77195 0.612672
9700 137961 80813 0.632382
9800 140306 87322 0.657349
9900 145999 76344 0.641516
10000 140294 86270 0.654382
100 629 429 0.003064
200 1456 947 0.006925
300 2268 1544 0.010943
400 3324 2269 0.016175
500 5001 3034 0.023216
600 5374 3583 0.025922
700 6412 3820 0.029562
800 7813 4717 0.036279
900 8955 5658 0.042331
1000 10561 6953 0.050693
1100 11350 7066 0.053566
1200 12203 7763 0.057523
1300 14174 8370 0.065365
1400 14480 9421 0.069323
1500 16534 11662 0.081612
1600 16844 10860 0.080049
1700 18239 12775 0.08954
1800 19508 12108 0.091571
1900 20517 13634 0.098905
2000 21939 14177 0.105143
2100 24554 14839 0.114127
2200 24570 15543 0.116398
2300 27868 17583 0.131525
2400 26730 17277 0.127784
2500 28640 18404 0.13577
2600 30469 19964 0.145657
2700 31968 19166 0.147816
2800 34230 22519 0.1643
2900 34904 21210 0.162233
3000 34774 20465 0.159528
3100 37247 22299 0.172156
3200 40662 25825 0.192267
3300 39974 25246 0.188911
3400 42199 23879 0.190629
3500 47467 30015 0.223967
3600 43548 26929 0.203845
3700 45938 25762 0.207375
3800 45678 29830 0.218328
3900 47896 28874 0.222052
4000 49652 31695 0.234954
4100 50282 29941 0.231684
4200 54178 31402 0.247763
4300 53011 31804 0.245033
4400 56376 31873 0.254315
4500 56926 35505 0.267056
4600 58323 34973 0.269706
4700 57718 36757 0.273306
4800 64530 37552 0.295442
4900 62672 36915 0.288024
5000 67125 37575 0.30276
5100 63717 42374 0.30692
5200 69771 41668 0.322782
5300 68721 47326 0.335781
5400 71077 42015 0.326795
5500 69762 44586 0.330582
5600 73407 44530 0.341229
5700 74731 42900 0.340339
5800 74695 43011 0.340537
5900 78446 46978 0.363021
6000 79822 45341 0.36164
6100 86377 45554 0.381269
6200 81360 46641 0.370411
6300 91319 53752 0.420056
6400 82779 51637 0.388795
6500 94589 60622 0.448582
6600 86100 50649 0.395038
6700 87974 55181 0.413988
6800 89751 56165 0.421788
6900 91695 53502 0.41893
7000 97377 58058 0.448926
7100 106849 63661 0.492482
7200 96735 59382 0.451096
7300 103057 64448 0.484419
7400 95937 59629 0.449351
7500 101591 59158 0.465171
7600 100769 62982 0.473955
7700 105182 62196 0.485386
7800 107792 65044 0.499367
7900 103417 66341 0.490897
8000 106431 61856 0.48755
8100 110728 72088 0.528742
8200 116634 66075 0.528612
8300 113887 67710 0.525105
8400 117194 72420 0.548229
8500 122723 67601 0.550896
8600 126092 68646 0.562944
8700 122323 72711 0.564663
8800 119553 69695 0.54744
8900 123401 71759 0.564585
9000 124176 71679 0.565848
9100 123955 76114 0.578815
9200 142125 75179 0.628681
9300 129261 79719 0.604855
9400 136213 80120 0.626262
9500 129920 79900 0.605876
9600 143886 76555 0.636648
9700 140603 86183 0.656252
9800 138113 76977 0.623212
9900 139239 78583 0.634119
10000 147030 82989 0.670421
100 591 462 0.003077
200 1465 978 0.007093
300 2286 1466 0.01095
400 3891 2328 0.018142
500 4264 2883 0.020893
600 5441 3782 0.026862
700 6538 4523 0.03232
800 7599 4689 0.035804
900 8996 5540 0.042284
1000 10246 6328 0.04833
1100 12696 6297 0.055361
1200 12468 7342 0.057787
1300 13643 8199 0.063542
1400 14875 10423 0.073532
1500 16679 11269 0.081744
1600 16535 10718 0.079587
1700 19069 11499 0.089163
1800 20275 11333 0.092329
1900 21921 13740 0.1044
2000 23193 13372 0.10609
2100 24257 15528 0.115797
2200 24908 16381 0.120176
2300 25530 16701 0.12319
2400 28158 15678 0.128043
2500 31777 18627 0.146652
2600 30443 17883 0.140514
2700 32187 19261 0.150204
2800 35979 19540 0.162386
2900 35881 21662 0.167941
3000 40020 24836 0.189581
3100 38292 20103 0.170166
3200 37135 23609 0.17651
3300 42142 26786 0.201329
3400 40032 25386 0.190853
3500 43557 24413 0.1986
3600 45220 28599 0.215648
3700 44443 27564 0.210171
3800 47041 32241 0.231388
3900 47730 28089 0.2212
4000 51405 29090 0.235298
4100 53280 31443 0.247656
4200 52518 33376 0.250754
4300 57063 32113 0.260623
4400 60686 32461 0.271407
4500 63212 34480 0.285032
4600 60362 37125 0.283995
4700 60649 36955 0.285167
4800 64852 38987 0.303854
4900 63431 38599 0.298313
5000 63565 37439 0.294075
5100 65761 38830 0.305123
5200 69842 38826 0.316544
5300 69169 43812 0.329024
5400 71868 40169 0.327409
5500 69355 42195 0.323786
5600 72696 43637 0.338068
5700 76065 44344 0.349085
5800 76995 42837 0.348925
5900 84340 49569 0.389875
6000 80369 47801 0.373168
6100 82807 53823 0.397877
6200 81902 51324 0.387812
6300 86555 49938 0.397176
6400 87522 48392 0.395485
6500 85094 50815 0.395968
6600 86268 51339 0.401075
6700 95230 54621 0.43597
6800 90050 53762 0.418388
6900 92127 55743 0.431433
7000 91959 52975 0.424124
7100 94162 55585 0.435344
7200 95978 54083 0.436906
7300 101554 55141 0.456033
7400 100691 63350 0.478119
7500 99106 65667 0.479682
7600 108307 60191 0.4905
7700 106348 62968 0.492594
7800 111978 64268 0.513266
7900 106422 63373 0.494977
8000 108465 70517 0.520997
8100 113429 68609 0.530078
8200 111612 68972 0.525359
8300 121909 66346 0.547508
8400 117967 65467 0.534526
8500 114681 72467 0.545557
8600 128871 76761 0.599316
8700 119980 73208 0.562656
8800 118976 70564 0.552435
8900 122071 76784 0.579608
9000 128878 72844 0.58755
9100 124727 78716 0.59204
9200 133399 80591 0.623278
9300 132594 81860 0.624481
9400 130581 75482 0.599237
9500 142610 78824 0.644355
9600 139878 84170 0.652791
9700 141037 84814 0.658379
9800 135102 79050 0.622736
9900 147171 81280 0.66499
10000 142101 83320 0.656596
100 661 439 0.003193
200 1384 944 0.006823
300 2491 1504 0.011643
400 3456 2329 0.016906
500 4227 3149 0.021365
600 5728 3664 0.027416
700 6359 4257 0.030872
800 8148 4835 0.037729
900 8996 6033 0.043749
1000 10813 6679 0.051038
1100 10996 7008 0.052244
1200 13632 8002 0.06268
1300 15858 9099 0.072423
1400 14467 9016 0.068293
1500 16928 9961 0.07847
1600 18558 11389 0.087152
1700 19233 11954 0.090775
1800 19437 12087 0.091971
1900 24611 13189 0.110293
2000 22947 13139 0.10507
2100 24171 13008 0.107995
2200 26047 14804 0.118993
2300 26021 16847 0.124943
2400 28193 16435 0.130124
2500 32475 18821 0.149294
2600 31743 19729 0.149638
2700 33194 20995 0.157921
2800 33318 19877 0.154701
2900 40111 21274 0.178015
3000 36920 21787 0.170787
3100 38279 21760 0.175162
3200 38615 24101 0.18303
3300 38745 23207 0.180594
3400 40003 24551 0.187766
3500 40667 26345 0.195083
3600 44468 26660 0.207409
3700 45578 28830 0.21702
3800 46133 29205 0.220235
3900 48743 29354 0.227211
4000 52842 32440 0.248316
4100 53323 29951 0.242479
4200 53715 32261 0.250422
4300 58508 35177 0.272931
4400 55533 32891 0.257684
4500 56009 34876 0.264579
4600 58158 35871 0.273582
4700 58621 37142 0.27881
4800 67333 35937 0.300556
4900 63775 37591 0.295523
5000 62971 37815 0.293668
5100 66522 38803 0.306556
5200 67221 41278 0.315519
5300 70896 41615 0.326347
5400 70428 46003 0.338223
5500 74026 40685 0.332639
5600 76428 43626 0.349151
5700 74697 46313 0.350988
5800 76130 50258 0.367512
5900 77286 45873 0.358517
6000 81359 44662 0.36658
6100 80263 48735 0.375777
6200 82336 53343 0.394476
6300 85826 48609 0.390657
6400 87445 50988 0.402801
6500 85554 52012 0.399893
6600 88550 55172 0.418455
6700 86640 55795 0.414865
6800 92221 51036 0.417342
6900 94753 51504 0.425678
7000 96601 52214 0.433149
7100 102818 59709 0.472938
7200 100407 61834 0.471937
7300 94529 59606 0.447931
7400 104820 61428 0.484667
7500 100928 63738 0.479582
7600 110276 61365 0.499499
7700 104315 59488 0.476167
7800 107008 62986 0.494607
7900 108796 64198 0.503086
8000 107684 64013 0.499401
8100 109151 67326 0.513171
8200 109821 68536 0.520439
8300 117448 67590 0.538905
8400 114189 69388 0.534263
8500 124180 70409 0.566512
8600 125104 74370 0.580462
8700 118927 76862 0.570747
8800 124502 70903 0.567935
8900 123789 82299 0.599922
9000 125456 73509 0.578564
9100 126428 81817 0.605783
9200 135210 77391 0.620135
9300 139433 80406 0.639414
9400 130070 75751 0.598601
9500 131426 76062 0.604642
9600 131550 78915 0.611954
9700 133489 77958 0.613847
9800 135880 77552 0.621652
9900 140480 86081 0.658411
10000 143630 83634 0.65969
100 598 414 0.002937
200 1522 1131 0.007747
300 2275 1537 0.011092
400 3441 2457 0.017041
500 4385 2967 0.021262
600 5828 3809 0.028181
700 6587 4268 0.031724
800 7925 4751 0.036896
900 9416 5787 0.044275
1000 10185 6443 0.048506
1100 10732 6981 0.051421
1200 13344 8661 0.063953
1300 14002 8180 0.064572
1400 15525 9352 0.072348
1500 18824 9928 0.083732
1600 17684 11029 0.083681
1700 19094 12142 0.090747
1800 21250 12758 0.098903
1900 20884 12437 0.096914
2000 22289 13248 0.103479
2100 22013 14859 0.107373
2200 23899 15007 0.1133
2300 27399 16815 0.128661
2400 29770 16042 0.133321
2500 32315 16977 0.143241
2600 29725 18333 0.1395
2700 32976 20450 0.155312
2800 31613 19938 0.150161
2900 34411 22886 0.166597
3000 37105 20882 0.167911
3100 35990 21310 0.166865
3200 37419 23945 0.178902
3300 39066 23319 0.181295
3400 41411 24298 0.191196
3500 41580 26851 0.199565
3600 45287 25865 0.207196
3700 47288 27977 0.218872
3800 46788 28756 0.220241
3900 48014 28140 0.221589
4000 52896 27654 0.233871
4100 51161 32909 0.244698
4200 54651 31479 0.250376
4300 56110 32197 0.256423
4400 58541 30594 0.259151
4500 57105 35190 0.269518
4600 57740 33714 0.266584
4700 57733 33168 0.264722
4800 62263 35932 0.285878
4900 62113 36639 0.287164
5000 67812 40618 0.316411
5100 71400 43929 0.336805
5200 68298 40003 0.316253
5300 66883 42750 0.31952
5400 67901 42632 0.321204
5500 71262 44735 0.336803
5600 75202 44286 0.347521
5700 72906 44636 0.342008
5800 73515 47024 0.351404
5900 77100 46763 0.360285
6000 82387 50119 0.385331
6100 77438 49309 0.368985
6200 84066 52358 0.397556
6300 83779 51207 0.392853
6400 87317 52771 0.407597
6500 86504 55253 0.412996
6600 93069 53086 0.425903
6700 91413 53489 0.42229
6800 97026 57988 0.45148
6900 90135 55988 0.425525
7000 92855 56973 0.436617
7100 95360 52976 0.432092
7200 98626 59196 0.459094
7300 96885 57207 0.448609
7400 98334 61755 0.465696
7500 101160 65339 0.486241
7600 106457 66180 0.502752
7700 102941 66938 0.494362
7800 110529 68385 0.522384
7900 104726 62879 0.488448
8000 122353 72647 0.568415
8100 119767 66004 0.540984
8200 108204 65507 0.506532
8300 121950 71478 0.563487
8400 118195 69624 0.547244
8500 114838 69340 0.534878
8600 122531 78029 0.583738
8700 116967 76932 0.565234
8800 120587 75377 0.570409
8900 122572 73790 0.57233
9000 127703 73485 0.585385
9100 132720 75440 0.605719
9200 127191 72088 0.580586
9300 134630 82829 0.633626
9400 136144 74105 0.612309
9500 129093 79470 0.607979
9600 132836 76519 0.609816
9700 138029 76785 0.62445
9800 137654 79942 0.633507
9900 143819 84971 0.665754
10000 138388 83722 0.64603
100 615 477 0.003173
200 1416 993 0.006955
300 2465 1762 0.012308
400 3269 1926 0.015156
500 4429 2800 0.021075
600 5373 3494 0.025867
700 7016 4494 0.03343
800 7744 4729 0.036315
900 9267 6067 0.044793
1000 9941 6203 0.046971
1100 11819 6910 0.054574
1200 11875 7976 0.057689
1300 13605 8443 0.064341
1400 14898 9637 0.071464
1500 16888 10876 0.080966
1600 18284 11876 0.087906
1700 19750 11578 0.091334
1800 19261 12744 0.093124
1900 22065 12139 0.099358
2000 22610 13431 0.104998
2100 23900 13053 0.107745
2200 24806 15118 0.115963
2300 26817 15999 0.124499
2400 27524 16896 0.129186
2500 29003 18492 0.137833
2600 33618 20279 0.15694
2700 30830 18934 0.144661
2800 33982 21526 0.161871
2900 33563 22438 0.162913
3000 35661 21673 0.167318
3100 36859 23460 0.175381
3200 39613 25153 0.188931
3300 40849 23831 0.188557
3400 41271 27439 0.200291
3500 41082 26607 0.197272
3600 44916 28639 0.214595
3700 48245 31676 0.232678
3800 46950 27542 0.216692
3900 48600 27680 0.222123
4000 50670 32083 0.240918
4100 52778 31959 0.2464
4200 54212 29787 0.244199
4300 55985 33220 0.258835
4400 56029 34987 0.264821
4500 58622 34239 0.270004
4600 57479 34757 0.268367
4700 64425 36598 0.293908
4800 69420 39070 0.316756
4900 62031 40862 0.299949
5000 69462 35523 0.30584
5100 66775 41758 0.316501
5200 64147 38180 0.298475
5300 73604 42434 0.337265
5400 74985 49036 0.35881
5500 72044 44200 0.336341
5600 70662 44056 0.331677
5700 78143 47573 0.363054
5800 74229 43674 0.341015
5900 85980 45399 0.379746
6000 77619 45174 0.354744
6100 85768 49147 0.390207
6200 88103 53770 0.410488
6300 86252 51319 0.397826
6400 82776 49373 0.381878
6500 88942 49460 0.400067
6600 87097 50234 0.397159
6700 89350 57631 0.425153
6800 95108 51728 0.424736
6900 93485 51651 0.41954
7000 95664 59151 0.447685
7100 96249 52986 0.431975
7200 97537 55664 0.443083
7300 96705 57462 0.446119
7400 98955 59473 0.45834
7500 110847 70753 0.525317
7600 104058 61086 0.477221
7700 111417 64256 0.508072
7800 109596 66369 0.508453
7900 111333 61454 0.499692
8000 104643 66152 0.493908
8100 111405 67418 0.517664
8200 116168 66756 0.531523
8300 123067 69430 0.558109
8400 119754 72518 0.556333
8500 128207 66035 0.561933
8600 112495 72772 0.53786
8700 121446 71967 0.559019
8800 128375 67158 0.565362
8900 130633 70262 0.580168
9000 129458 74795 0.59059
9100 129954 76294 0.596001
9200 125700 78159 0.589236
9300 127171 75886 0.587911
9400 132754 72970 0.595183
9500 144186 77015 0.639698
9600 143203 83344 0.654529
9700 136619 79484 0.623931
9800 133687 81169 0.620647
9900 139829 85336 0.651256
10000 137953 90387 0.659132
100 626 375 0.002958
200 1387 1035 0.006945
300 2668 1750 0.012783
400 3495 2157 0.016351
500 4538 2956 0.021515
600 5552 3598 0.026373
700 6289 4572 0.031424
800 7799 5861 0.039522
900 8824 5181 0.040584
1000 9865 6553 0.04749
1100 11447 6921 0.053243
1200 12431 7582 0.057734
1300 15430 8903 0.070321
1400 15337 9472 0.07186
1500 17008 10581 0.079835
1600 17873 11195 0.084067
1700 18533 11009 0.08573
1800 19640 12733 0.093802
1900 21552 13148 0.100251
2000 24486 13536 0.110032
2100 23342 14048 0.108152
2200 25975 15156 0.118959
2300 26458 16039 0.122817
2400 30521 18319 0.141148
2500 30670 16929 0.137559
2600 31600 19256 0.14678
2700 31242 18920 0.14461
2800 35229 20890 0.162104
2900 33990 20118 0.156625
3000 36584 23028 0.172861
3100 36009 22645 0.170018
3200 39925 22799 0.181145
3300 42919 22705 0.189551
3400 42865 24152 0.194475
3500 42012 24985 0.193616
3600 42908 27822 0.204154
3700 45861 25927 0.207814
3800 46745 27891 0.215701
3900 47911 30098 0.225167
4000 50349 29348 0.230378
4100 52456 28047 0.23295
4200 53007 30194 0.240499
4300 51251 32073 0.241092
4400 52996 34047 0.251678
4500 57941 34244 0.266333
4600 62173 37242 0.287963
4700 61855 35952 0.283831
4800 61892 38319 0.290097
4900 64299 40444 0.303208
5000 66989 40291 0.31083
5100 64111 38578 0.296613
5200 67695 38342 0.305964
5300 70035 39299 0.316549
5400 70287 43629 0.32958
5500 72171 39873 0.324386
5600 70689 40564 0.32155
5700 77394 46344 0.358228
5800 88609 50893 0.403682
5900 76361 46678 0.355957
6000 88010 48919 0.396604
6100 85158 50312 0.392204
6200 87939 44873 0.384503
6300 86134 54459 0.406889
6400 93163 58441 0.438782
6500 86783 56023 0.413215
6600 88296 54357 0.412739
6700 89947 53147 0.413613
6800 90303 57235 0.426961
6900 98104 55792 0.445031
7000 97841 52683 0.435928
7100 103869 59341 0.472058
7200 96238 56152 0.440542
7300 98650 57374 0.451555
7400 104960 63106 0.486305
7500 103753 61667 0.478876
7600 101123 62232 0.472107
7700 103593 63440 0.482892
7800 102512 65405 0.485873
7900 107121 68494 0.509371
8000 110552 65486 0.508789
8100 114417 68082 0.528243
8200 110738 65283 0.509669
8300 117502 74946 0.557042
8400 114198 64807 0.517885
8500 114914 67428 0.526256
8600 114743 71940 0.54063
8700 134152 77730 0.613568
8800 121245 71098 0.556184
8900 121373 73903 0.56482
9000 127081 70662 0.57217
9100 130702 78571 0.605769
9200 133046 79861 0.61528
9300 129188 76102 0.594332
9400 141937 71751 0.61767
9500 138328 79422 0.630334
9600 137915 83780 0.641664
9700 139785 79819 0.635049
9800 147526 78684 0.654232
9900 141150 82817 0.649648
10000 140622 83597 0.650565
100 565 390 0.002754
200 1428 1034 0.007097
300 2568 1505 0.011796
400 3327 2221 0.016002
500 4632 2983 0.022101
600 5460 3780 0.026714
700 6482 4634 0.032097
800 7574 4885 0.035978
900 9251 5587 0.042837
1000 10134 6180 0.046986
1100 11320 7053 0.052913
1200 12234 8036 0.058354
1300 13740 8010 0.062823
1400 15095 9344 0.070538
1500 16062 10656 0.077383
1600 17370 12279 0.08588
1700 18993 11541 0.088843
1800 20020 11850 0.092445
1900 20176 12559 0.094588
2000 22808 14129 0.106565
2100 23336 16344 0.114484
2200 26050 16942 0.124522
2300 26949 16432 0.1255
2400 27234 15278 0.122872
2500 29501 18587 0.138729
2600 30480 18968 0.143095
2700 31210 19472 0.14641
2800 33525 21993 0.160362
2900 34589 21723 0.162629
3000 35419 21276 0.163653
3100 36661 23267 0.173156
3200 39055 22476 0.177832
3300 37772 24974 0.181127
3400 40723 25186 0.190642
3500 41983 24916 0.19388
3600 46681 26872 0.212609
3700 48326 28968 0.223306
3800 46910 26753 0.212528
3900 50176 28727 0.228078
4000 52594 32164 0.244959
4100 51693 31084 0.239275
4200 55369 32706 0.254851
4300 55009 32240 0.252051
4400 56745 35360 0.266104
4500 57807 32171 0.259723
4600 58299 33570 0.265614
4700 58047 37340 0.275469
4800 60366 37452 0.282422
4900 60917 37057 0.283222
5000 64348 39994 0.301219
5100 63982 39122 0.297638
5200 64864 40490 0.304455
5300 67151 42344 0.316472
5400 76231 42929 0.344359
5500 70671 43583 0.330376
5600 77562 44012 0.351547
5700 78553 43363 0.352763
5800 75604 46793 0.354051
5900 74456 47843 0.353436
6000 86614 51378 0.398708
6100 78927 44638 0.356931
6200 82739 46889 0.374779
6300 93940 60714 0.44697
6400 82277 47342 0.374416
6500 90318 53597 0.41551
6600 94596 53350 0.427253
6700 102920 60915 0.474161
6800 90033 55255 0.419547
6900 98765 50463 0.431004
7000 93867 57579 0.437974
7100 91930 58931 0.436546
7200 104743 58358 0.471164
7300 98225 56257 0.446452
7400 105292 58497 0.472694
7500 102353 59877 0.468555
7600 105777 61269 0.482961
7700 102632 62393 0.476287
7800 107611 64741 0.497964
7900 107175 65761 0.500221
8000 110177 70558 0.522816
8100 111482 67537 0.51714
8200 117560 62828 0.521767
8300 113283 69518 0.527909
8400 113582 70126 0.530831
8500 122581 74175 0.56956
8600 115734 72619 0.544759
8700 117009 79667 0.568273
8800 121196 73566 0.562865
8900 124513 76801 0.582112
9000 131521 79596 0.609893
9100 132634 77875 0.608737
9200 131435 78514 0.607121
9300 128043 78483 0.597448
9400 130933 74066 0.592796
9500 154256 77041 0.668934
9600 131981 86534 0.632887
9700 147636 91471 0.692726
9800 138283 78883 0.630965
9900 135120 79247 0.620698
10000 143127 82967 0.653363
100 634 408 0.003015
200 1450 1044 0.007227
300 2363 1413 0.010927
400 3419 2329 0.016596
500 4674 2964 0.022067
600 5420 3731 0.026467
700 6503 4129 0.03071
800 7423 4526 0.034488
900 8357 5446 0.039886
1000 9662 6407 0.04636
1100 11614 7059 0.054403
1200 12262 7210 0.056437
1300 13017 8028 0.060762
1400 17711 9874 0.079576
1500 15606 10786 0.076091
1600 18334 11104 0.084952
1700 20075 12190 0.093065
1800 20411 11915 0.093247
1900 22016 14503 0.105411
2000 22669 14929 0.108522
2100 22608 13654 0.104924
2200 24657 16088 0.117803
2300 27306 17474 0.129671
2400 27412 16495 0.127127
2500 31156 16178 0.137067
2600 29471 17958 0.137201
2700 30877 18627 0.143152
2800 32159 21590 0.155619
2900 36749 21260 0.167982
3000 36478 22564 0.170826
3100 37647 23049 0.17566
3200 40471 24134 0.186912
3300 39355 22709 0.179608
3400 41634 23972 0.190057
3500 41969 26862 0.199111
3600 43205 24829 0.196707
3700 48514 26626 0.216928
3800 49337 27234 0.221539
3900 49180 29696 0.228198
4000 50016 30194 0.232205
4100 59634 29980 0.259152
4200 53168 30542 0.242007
4300 56541 33993 0.261846
4400 55124 32741 0.254264
4500 59304 33022 0.267236
4600 65260 34607 0.288862
4700 58781 37038 0.276988
4800 62287 39258 0.293868
4900 63074 41360 0.302348
5000 63443 38732 0.295829
5100 66457 37833 0.301511
5200 71403 44899 0.337134
5300 66371 39799 0.307203
5400 70166 41718 0.323076
5500 71057 42809 0.329588
5600 74894 46397 0.350761
5700 70445 44191 0.331888
5800 77274 44316 0.35151
5900 81244 50383 0.381172
6000 79454 50160 0.375108
6100 82216 48136 0.377524
6200 80365 52317 0.382892
6300 82251 50370 0.383365
6400 82407 51807 0.388276
6500 86043 50964 0.396489
6600 90433 51804 0.411263
6700 90486 55941 0.423799
6800 90707 50629 0.409062
6900 94015 56569 0.435641
7000 91613 58259 0.433343
7100 99068 61286 0.463603
7200 95825 55479 0.437842
7300 95362 55914 0.437739
7400 104688 57484 0.469803
7500 97603 59046 0.452387
7600 101937 55737 0.455668
7700 106626 67920 0.504608
7800 109599 67809 0.512675
7900 116057 60306 0.510138
8000 113628 71612 0.535634
8100 108466 68034 0.511178
8200 113498 64378 0.513822
8300 115059 63323 0.51632
8400 125064 74112 0.57571
8500 118417 67312 0.536312
8600 114681 72627 0.541287
8700 117276 73888 0.55217
8800 127310 72958 0.578771
8900 129507 80914 0.60964
9000 128903 78201 0.599763
9100 131327 78765 0.608293
9200 131426 73305 0.593223
9300 129261 80164 0.606408
9400 135240 79498 0.621444
9500 138790 72551 0.611576
9600 130288 84313 0.619782
9700 137852 82957 0.638455
9800 136253 83400 0.634851
9900 133949 80497 0.621236
10000 145157 82639 0.659435
