100 633 414 0.003126
200 1368 1019 0.006775
300 2338 1716 0.011554
400 3209 2193 0.015439
500 4490 2762 0.020799
600 5165 3316 0.024279
700 6295 4193 0.030063
800 7710 5295 0.037122
900 8780 5260 0.040054
1000 10134 6260 0.046925
1100 11418 7288 0.053677
1200 11967 7571 0.056225
1300 13793 8791 0.064794
1400 16011 9859 0.074029
1500 17351 11065 0.081237
1600 16652 12107 0.082263
1700 18203 12237 0.087402
1800 19484 11804 0.089844
1900 21316 13753 0.100459
2000 23434 14132 0.107527
100 586 468 0.003034
200 1485 1020 0.007215
300 2262 1423 0.010583
400 3212 2255 0.015591
500 4238 2953 0.020617
600 5447 3758 0.026289
700 7003 5015 0.034373
800 7840 5571 0.038428
900 8457 5656 0.040376
1000 10572 6991 0.050423
1100 10675 6691 0.049736
1200 14271 8602 0.065567
1300 13891 8253 0.063375
1400 15010 9383 0.069966
1500 16874 11154 0.080241
1600 17037 10479 0.07888
1700 18865 11127 0.085917
1800 20217 11820 0.091822
1900 21566 12209 0.096893
2000 22689 13641 0.103903
100 760 546 0.003725
200 1389 936 0.006664
300 2787 1429 0.012041
400 3386 2288 0.016259
500 4297 2677 0.019965
600 5578 3548 0.026034
700 7372 4455 0.03374
800 7888 4789 0.036196
900 9147 6173 0.043694
1000 10645 6228 0.048163
1100 10665 6816 0.050052
1200 11615 7953 0.055916
1300 13734 8065 0.062376
1400 15392 8599 0.068645
1500 16052 9288 0.072474
1600 17051 10289 0.078337
1700 17953 11489 0.084187
1800 21107 13331 0.098372
1900 21978 14115 0.103165
2000 21407 13109 0.098436
100 555 390 0.002707
200 1403 1020 0.00693
300 2459 1452 0.011192
400 3264 2031 0.01518
500 4631 3040 0.021941
600 6816 4091 0.031166
700 6535 4114 0.030365
800 7706 4828 0.03586
900 8484 5310 0.039505
1000 9980 6891 0.048263
1100 11001 6819 0.051024
1200 13160 7348 0.058892
1300 13358 8368 0.06229
1400 15583 9667 0.072239
1500 16745 10487 0.077848
1600 17229 10125 0.078354
1700 18743 11906 0.087943
1800 20603 12803 0.095526
1900 20749 12591 0.095549
2000 22836 13045 0.102816
100 608 430 0.002985
200 1390 1020 0.006886
300 2487 1765 0.012196
400 3085 2304 0.015392
500 4514 2951 0.021369
600 5167 3581 0.024956
700 6724 3941 0.030459
800 7637 4891 0.035909
900 8730 5361 0.040351
1000 10758 7022 0.05087
1100 11631 7170 0.053771
1200 12660 7616 0.058068
1300 14186 8116 0.063901
1400 15411 8818 0.069246
1500 15679 9543 0.072215
1600 16372 11135 0.078764
1700 18331 12500 0.088249
1800 20604 11755 0.092567
1900 20363 14043 0.098406
2000 21767 12837 0.098857
100 675 440 0.003157
200 1494 992 0.007058
300 2358 1598 0.011359
400 3363 2116 0.015615
500 4968 2513 0.021394
600 5335 3515 0.025327
700 6855 4746 0.033144
800 8040 5183 0.037891
900 8996 5761 0.042238
1000 10370 6748 0.049133
1100 11376 7778 0.054843
1200 11964 7935 0.057116
1300 13542 8656 0.063624
1400 15337 9096 0.069975
1500 17369 10044 0.078551
1600 17690 10481 0.080451
1700 18277 11128 0.084184
1800 21480 12734 0.098075
1900 22277 12702 0.100078
2000 20893 13400 0.098137
100 593 427 0.002906
200 1409 1005 0.006866
300 2468 1649 0.011759
400 3407 2050 0.015602
500 4382 2902 0.02099
600 5703 3627 0.026641
700 7847 4192 0.034491
800 7714 5171 0.036735
900 8399 5513 0.039911
1000 10283 6257 0.047164
1100 10864 6855 0.050762
1200 13236 7844 0.060312
1300 13053 8331 0.061331
1400 14059 9199 0.066663
1500 16388 9850 0.07518
1600 17395 9977 0.078199
1700 19063 10191 0.083885
1800 20156 12870 0.09442
1900 20367 13092 0.0957
2000 23566 13705 0.10665
100 591 399 0.002828
200 1527 1035 0.007389
300 2380 1485 0.011055
400 3441 2159 0.016061
500 4742 2563 0.020945
600 5029 3353 0.024049
700 6374 3928 0.029482
800 8489 4881 0.038295
900 9175 5292 0.041581
1000 9965 6230 0.046408
1100 11180 6506 0.050599
1200 12483 7633 0.057597
1300 13843 8019 0.062482
1400 14584 9195 0.067994
1500 15620 9606 0.072187
1600 16737 11060 0.07994
1700 17455 11171 0.081691
1800 19964 11636 0.090227
1900 21147 12861 0.097258
2000 23149 13995 0.106532
100 590 393 0.002811
200 1327 906 0.006414
300 2515 1571 0.011723
400 3230 2124 0.015364
500 4698 2899 0.021801
600 5382 3514 0.025566
700 6410 4276 0.030577
800 7499 4410 0.034215
900 9575 5300 0.042712
1000 10175 6943 0.049108
1100 11355 7784 0.054835
1200 12384 8427 0.059655
1300 12887 8682 0.06193
1400 14466 8834 0.066763
1500 17511 9740 0.078206
1600 17209 11166 0.081331
1700 19177 12949 0.091975
1800 19361 12968 0.092557
1900 22639 13965 0.104931
2000 22736 13437 0.1036
100 622 535 0.003312
200 1583 1028 0.007492
300 2325 1646 0.011436
400 3289 2119 0.015551
500 4375 3078 0.021338
600 5373 3501 0.025423
700 6354 3899 0.029299
800 7696 5018 0.036434
900 9066 6092 0.04337
1000 10199 5962 0.046362
1100 11713 7459 0.054922
1200 11785 7935 0.0566
1300 14465 8077 0.064705
1400 15026 8881 0.068574
1500 15933 9457 0.072823
1600 16988 10510 0.078789
1700 18204 12020 0.086474
1800 20387 12301 0.093556
1900 21492 13166 0.09929
2000 23238 13967 0.106743
