100 2627 2628 0.017109
200 10091 10095 0.058587
300 21625 21626 0.124382
400 41677 41680 0.241387
500 61514 61518 0.356711
600 95690 95696 0.551693
700 123463 123471 0.711321
800 161512 161515 0.931023
900 199667 199674 1.15153
1000 256539 256543 1.48419
1100 307307 307309 1.76989
1200 362612 362619 2.0968
1300 414300 414310 2.40325
1400 510200 510206 2.95112
1500 567955 567961 3.28021
1600 667239 667246 3.86252
1700 739110 739114 4.25755
1800 816656 816662 4.69704
1900 920646 920651 5.30481
2000 985211 985219 5.69174
2100 1113463 1113467 6.41442
2200 1211320 1211327 6.99427
2300 1340716 1340723 7.74996
2400 1420711 1420718 8.20856
2500 1519067 1519071 8.78813
2600 1667503 1667514 9.63001
2700 1765273 1765281 10.1686
2800 1938839 1938841 11.1602
2900 2120004 2120006 12.2128
3000 2227651 2227652 12.8667
3100 2347246 2347254 13.6089
3200 2514582 2514591 14.5417
3300 2770971 2770978 16.0015
3400 2905994 2906001 16.7759
3500 3020147 3020152 17.4229
3600 3218934 3218939 18.6016
3700 3480217 3480227 20.1399
3800 3605281 3605287 20.8522
3900 3767006 3767015 21.7408
4000 4072240 4072247 23.523
4100 4138505 4138511 23.882
4200 4412996 4413002 25.5133
4300 4546961 4546965 26.2688
4400 4792525 4792534 27.7248
4500 5047133 5047145 29.1668
4600 5294725 5294731 30.5996
4700 5520661 5520669 31.909
4800 5871087 5871099 33.8905
4900 5982820 5982833 34.5368
5000 6275871 6275881 36.5211
5100 6467374 6467382 37.3946
5200 6806195 6806200 39.3109
5300 7143300 7143308 41.3427
5400 7327749 7327755 42.2442
5500 7653775 7653785 44.1013
5600 7825769 7825779 45.2035
5700 8108346 8108353 46.914
5800 8316308 8316314 48.1247
5900 8680594 8680601 50.2306
6000 9028545 9028556 52.094
6100 9142833 9142841 52.7202
6200 9726963 9726972 56.1713
6300 9895828 9895836 57.2413
6400 10279501 10279506 59.334
6500 10639665 10639670 61.5086
6600 10968522 10968528 63.479
6700 11382897 11382903 65.8064
6800 11655719 11655727 67.5251
6900 11878831 11878841 68.8172
7000 12093236 12093246 69.972
7100 12515341 12515348 72.4371
7200 13072488 13072497 75.6125
7300 13303785 13303794 76.9691
7400 13690779 13690788 79.0813
7500 14156985 14156992 81.9461
7600 14591967 14591977 84.3698
7700 14725161 14725164 85.0175
7800 15316644 15316655 88.5028
7900 15618884 15618892 90.196
8000 16015578 16015586 92.5494
8100 16340273 16340283 94.4409
8200 16634054 16634063 96.0175
8300 17295115 17295124 99.8548
8400 17607798 17607807 102.318
8500 17978640 17978650 104.007
8600 18750504 18750513 108.399
8700 19011126 19011134 109.917
8800 19345795 19345807 111.789
8900 20057181 20057189 115.904
9000 20144477 20144488 116.601
9100 20537352 20537359 118.72
9200 21215427 21215434 122.612
9300 21764888 21764896 125.725
9400 22177643 22177649 128.265
9500 22326566 22326575 128.849
9600 23029494 23029506 132.873
9700 23516581 23516588 135.95
9800 24087431 24087438 139.895
9900 24398678 24398689 141.632
10000 25194770 25194779 145.828
100 2355 2360 0.01375
200 10336 10337 0.059634
300 22826 22832 0.131627
400 42154 42156 0.24464
500 63371 63381 0.367835
600 92678 92685 0.538485
700 121685 121694 0.703025
800 163509 163513 0.948136
900 197518 197522 1.14318
1000 245325 245333 1.42232
1100 296898 296902 1.7257
1200 366536 366544 2.12144
1300 430772 430775 2.49242
1400 505197 505206 2.93038
1500 570754 570763 3.29115
1600 640806 640808 3.71552
1700 712306 712311 4.13345
1800 789785 789791 4.57422
1900 886985 886996 5.12433
2000 1001991 1001997 5.78349
2100 1099898 1099904 6.35429
2200 1208637 1208642 6.98984
2300 1334564 1334569 7.71202
2400 1417059 1417064 8.22727
2500 1529946 1529950 8.84934
2600 1704662 1704667 9.86251
2700 1821979 1821982 10.5589
2800 2013071 2013081 11.6719
2900 2099982 2099986 12.1379
3000 2265315 2265320 13.078
3100 2353623 2353626 13.6064
3200 2593568 2593572 14.9924
3300 2732405 2732412 15.7709
3400 2870493 2870499 16.5837
3500 3053461 3053470 17.6178
3600 3218759 3218768 18.5937
3700 3469700 3469710 20.036
3800 3588113 3588118 20.7099
3900 3815330 3815334 22.0184
4000 3978220 3978229 22.9567
4100 4239809 4239814 24.5205
4200 4457992 4457997 25.7321
4300 4629858 4629863 26.7312
4400 4882784 4882792 28.158
4500 4997335 4997341 28.8463
4600 5256324 5256327 30.4154
4700 5509274 5509279 31.8651
4800 5697576 5697581 33.051
4900 6086093 6086098 35.1759
5000 6317643 6317654 36.5217
5100 6471067 6471077 37.2791
5200 6725896 6725909 38.8073
5300 6969214 6969224 40.1683
5400 7218689 7218697 41.5357
5500 7595087 7595091 43.69
5600 7911483 7911490 45.4736
5700 8080683 8080690 46.4834
5800 8424432 8424437 48.4629
5900 8675419 8675431 49.8851
6000 9038203 9038209 52.0509
6100 9461392 9461399 54.56
6200 9617047 9617050 55.3345
6300 10030198 10030205 57.7185
6400 10208176 10208181 58.7859
6500 10447360 10447372 60.1927
6600 10974630 10974639 63.2487
6700 11182400 11182407 64.336
6800 11431927 11431935 65.7257
6900 11740130 11740140 67.6159
7000 12148639 12148648 70.04
7100 12679792 12679802 73.0271
7200 13068144 13068157 75.2053
7300 13197900 13197906 76.3123
7400 13755077 13755085 79.6511
7500 14096446 14096458 81.4435
7600 14547331 14547344 84.0465
7700 14772766 14772776 85.3571
7800 15098414 15098422 87.3121
7900 15786616 15786621 91.2232
8000 16030156 16030158 92.7361
8100 16490325 16490336 95.3266
8200 16826244 16826253 97.1966
8300 17263280 17263289 99.856
8400 17563465 17563476 101.769
8500 18033895 18033900 104.292
8600 18569574 18569579 107.22
8700 19113091 19113097 110.12
8800 18999313 18999322 109.495
8900 19939539 19939549 115.956
9000 20629184 20629192 119.112
9100 20864456 20864461 120.361
9200 21067969 21067979 121.601
9300 21715755 21715761 125.181
9400 21993245 21993253 126.923
9500 22378319 22378330 129.13
9600 23107874 23107881 133.255
9700 23460846 23460857 135.21
9800 23965056 23965065 138.348
9900 24426883 24426888 141.137
10000 25105936 25105948 145.254
