100 2439 2445 0.016009
200 9306 9312 0.053869
300 22236 22240 0.128167
400 42100 42104 0.244211
500 66151 66161 0.383707
600 89157 89162 0.514995
700 127052 127057 0.732495
800 159555 159558 0.920986
900 202413 202418 1.17521
1000 259229 259237 1.50353
1100 301984 301988 1.74514
1200 358983 358987 2.07232
1300 420983 420987 2.42965
1400 491803 491813 2.84788
1500 557666 557673 3.23498
1600 642761 642767 3.72148
1700 723203 723210 4.18307
1800 837400 837404 4.85661
1900 909587 909594 5.27559
2000 1015499 1015503 5.89248
2100 1127046 1127053 6.53151
2200 1189635 1189644 6.89922
2300 1337534 1337537 7.75738
2400 1417275 1417280 8.22001
2500 1544064 1544069 8.96687
2600 1683433 1683440 9.78223
2700 1849074 1849081 10.7325
2800 1975495 1975505 11.4498
2900 2132886 2132895 12.3698
3000 2209759 2209769 12.7968
3100 2394334 2394343 13.8375
3200 2578767 2578769 14.9123
3300 2716670 2716675 15.7163
3400 2912392 2912397 16.8516
3500 3019298 3019308 17.4834
3600 3211301 3211313 18.5622
3700 3387135 3387146 19.598
3800 3642430 3642435 21.0793
3900 3832339 3832347 22.1505
4000 4036215 4036223 23.3454
4100 4175351 4175356 24.1533
4200 4443750 4443757 25.6926
4300 4599116 4599122 26.6145
4400 4805573 4805587 27.751
4500 5033202 5033210 29.1213
4600 5192220 5192223 30.0193
4700 5564647 5564655 32.1357
4800 5696643 5696652 32.916
4900 6012558 6012561 34.8138
5000 6189843 6189849 35.7943
5100 6527060 6527072 37.7462
5200 6747509 6747516 39.0137
5300 7037016 7037027 40.7352
5400 7362507 7362512 42.4465
5500 7554164 7554170 43.5531
5600 7755960 7755963 44.6698
5700 8080232 8080240 46.5602
5800 8342115 8342121 48.0482
5900 8693548 8693556 50.121
6000 8971576 8971584 51.7669
6100 9406340 9406344 54.2125
6200 9618336 9618352 55.3956
6300 9710487 9710492 56.2427
6400 10208707 10208716 58.9266
6500 10773913 10773920 62.0637
6600 10741468 10741477 61.9486
6700 11235269 11235282 64.763
6800 11569446 11569460 66.7172
6900 11956042 11956049 69.1032
7000 12238540 12238550 70.9685
7100 12589513 12589517 72.9687
7200 12845054 12845063 74.6559
7300 13281004 13281008 77.1243
7400 13810779 13810786 80.1138
7500 14016594 14016605 81.1256
7600 14418291 14418300 83.0635
7700 14774890 14774895 85.1935
7800 15169435 15169446 87.4233
7900 15484515 15484521 89.2497
8000 15915528 15915540 91.64
8100 16340572 16340586 93.9396
8200 16613932 16613946 95.4889
8300 17253707 17253717 99.2707
8400 17704723 17704732 102.248
8500 18058230 18058240 104.829
8600 18488466 18488472 106.622
8700 18724900 18724909 107.943
8800 19323243 19323253 111.533
8900 19535274 19535282 112.998
9000 20201021 20201026 116.821
9100 20822911 20822923 120.517
9200 21064348 21064361 121.646
9300 21688121 21688132 125.302
9400 22016942 22016947 127.983
9500 22512932 22512942 130.472
9600 23071383 23071391 133.549
9700 23307308 23307320 134.059
9800 23993172 23993183 138.287
9900 24520176 24520187 141.171
10000 25439012 25439021 146.109
