100 532 672 0.003634
200 1287 1544 0.008187
300 2089 2488 0.012985
400 2974 3488 0.018846
500 3866 4488 0.024384
600 4777 5576 0.030096
700 5723 6676 0.036089
800 6731 7776 0.042071
900 7729 8876 0.04792
1000 8718 9976 0.054236
1100 9720 11152 0.061137
1200 10750 12352 0.067382
1300 11820 13552 0.074322
1400 12897 14752 0.081128
1500 13972 15952 0.087973
1600 15033 17152 0.094486
1700 16088 18352 0.100747
1800 17244 19552 0.107711
1900 18373 20752 0.114157
2000 19390 21952 0.121254
2100 20517 23204 0.126912
2200 21654 24504 0.13407
2300 22830 25804 0.141225
2400 23978 27104 0.148243
2500 25083 28404 0.154749
2600 26321 29704 0.162827
2700 27479 31004 0.169549
2800 28589 32304 0.176845
2900 29733 33604 0.183986
3000 30910 34904 0.190625
3100 32133 36204 0.198011
3200 33277 37504 0.206953
3300 34480 38804 0.214368
3400 35655 40104 0.220622
3500 36875 41404 0.227639
3600 37983 42704 0.235532
3700 39200 44004 0.241148
3800 40467 45304 0.249332
3900 41593 46604 0.255819
4000 42842 47904 0.266766
4100 44079 49208 0.275419
4200 45289 50608 0.283862
4300 46503 52008 0.286085
4400 47793 53408 0.294237
4500 48929 54808 0.301895
4600 50283 56208 0.309
4700 51462 57608 0.31786
4800 52750 59008 0.325308
4900 53968 60408 0.334624
5000 55245 61808 0.342383
5100 56478 63208 0.350263
5200 57739 64608 0.356608
5300 58953 66008 0.364557
5400 60283 67408 0.371536
5500 61505 68808 0.380914
5600 62784 70208 0.386874
5700 64040 71608 0.394478
5800 65364 73008 0.403943
5900 66600 74408 0.40986
6000 67900 75808 0.417546
6100 69131 77208 0.42536
6200 70388 78608 0.432975
6300 71732 80008 0.442794
6400 72913 81408 0.449438
6500 74256 82808 0.457706
6600 75513 84208 0.465434
6700 76826 85608 0.474482
6800 78073 87008 0.480925
6900 79456 88408 0.488185
7000 80748 89808 0.496231
7100 81902 91208 0.504768
7200 83212 92608 0.514552
7300 84513 94008 0.520752
7400 85788 95408 0.526587
7500 87123 96808 0.536464
7600 88521 98208 0.543046
7700 89721 99608 0.550502
7800 90980 101008 0.560073
7900 92294 102408 0.566668
8000 93641 103808 0.573971
8100 95002 105208 0.581864
8200 96245 106616 0.590461
8300 97544 108116 0.599865
8400 98910 109616 0.607315
8500 100255 111116 0.617428
8600 101563 112616 0.62475
8700 102980 114116 0.63336
8800 104287 115616 0.639504
8900 105638 117116 0.650087
9000 107016 118616 0.659379
9100 108338 120116 0.665037
9200 109642 121616 0.672915
9300 111076 123116 0.683006
9400 112277 124616 0.689407
9500 113660 126116 0.696847
9600 115181 127616 0.710853
9700 116456 129116 0.714709
9800 117771 130616 0.72211
9900 119171 132116 0.731054
10000 120471 133616 0.742534
