100 551 672 0.005386
200 1285 1544 0.008
300 2110 2488 0.013195
400 2968 3488 0.018475
500 3867 4488 0.023955
600 4779 5576 0.029564
700 5727 6676 0.035434
800 6737 7776 0.041543
900 7742 8876 0.047438
1000 8696 9976 0.053416
1100 9779 11152 0.059869
1200 10789 12352 0.066168
1300 11816 13552 0.072676
1400 12872 14752 0.079006
1500 13948 15952 0.085577
1600 15022 17152 0.09214
1700 16117 18352 0.098858
1800 17208 19552 0.105049
1900 18311 20752 0.111648
2000 19412 21952 0.118311
100 542 672 0.003468
200 1276 1544 0.008104
300 2079 2488 0.013123
400 2975 3488 0.018394
500 3857 4488 0.023726
600 4790 5576 0.029607
700 5754 6676 0.035572
800 6734 7776 0.041532
900 7690 8876 0.047465
1000 8721 9976 0.053538
1100 9756 11152 0.059738
1200 10790 12352 0.066325
1300 11843 13552 0.072948
1400 12916 14752 0.079371
1500 13962 15952 0.085558
1600 15047 17152 0.092147
1700 16138 18352 0.098549
1800 17206 19552 0.105037
1900 18352 20752 0.111569
2000 19442 21952 0.118063
100 543 672 0.003476
200 1276 1544 0.008045
300 2105 2488 0.013088
400 2973 3488 0.018473
500 3860 4488 0.023991
600 4803 5576 0.029619
700 5748 6676 0.035433
800 6730 7776 0.041479
900 7704 8876 0.047239
1000 8704 9976 0.053319
1100 9690 11152 0.059573
1200 10786 12352 0.066007
1300 11831 13552 0.07239
1400 12854 14752 0.078732
1500 13939 15952 0.085628
1600 15033 17152 0.092015
1700 16096 18352 0.098466
1800 17226 19552 0.105248
1900 18303 20752 0.111749
2000 19423 21952 0.11818
100 538 672 0.003472
200 1256 1544 0.008044
300 2089 2488 0.01308
400 2947 3488 0.018323
500 3848 4488 0.023763
600 4822 5576 0.029627
700 5731 6676 0.035496
800 6738 7776 0.041237
900 7710 8876 0.047284
1000 8676 9976 0.053342
1100 9752 11152 0.059872
1200 10751 12352 0.066148
1300 11830 13552 0.072477
1400 12899 14752 0.079292
1500 13984 15952 0.085656
1600 15050 17152 0.092289
1700 16100 18352 0.098837
1800 17195 19552 0.105272
1900 18302 20752 0.111592
2000 19394 21952 0.11773
100 541 672 0.003454
200 1259 1544 0.008039
300 2077 2488 0.013111
400 2960 3488 0.018492
500 3832 4488 0.023747
600 4777 5576 0.029591
700 5755 6676 0.035444
800 6711 7776 0.041407
900 7699 8876 0.047387
1000 8704 9976 0.053246
1100 9733 11152 0.059729
1200 10781 12352 0.066032
1300 11829 13552 0.072668
1400 12887 14752 0.078943
1500 13970 15952 0.085528
1600 15035 17152 0.092178
1700 16149 18352 0.098902
1800 17229 19552 0.105226
1900 18327 20752 0.111823
2000 19405 21952 0.118512
100 548 672 0.003498
200 1286 1544 0.008129
300 2102 2488 0.013165
400 2934 3488 0.018404
500 3882 4488 0.023824
600 4764 5576 0.029546
700 5754 6676 0.035248
800 6727 7776 0.04135
900 7719 8876 0.047382
1000 8714 9976 0.053414
1100 9738 11152 0.059498
1200 10799 12352 0.06607
1300 11802 13552 0.072327
1400 12859 14752 0.078822
1500 13951 15952 0.085597
1600 15043 17152 0.092314
1700 16110 18352 0.09845
1800 17154 19552 0.105028
1900 18272 20752 0.111582
2000 19432 21952 0.11847
100 543 672 0.003479
200 1267 1544 0.008019
300 2108 2488 0.013121
400 2969 3488 0.018354
500 3847 4488 0.023782
600 4801 5576 0.029766
700 5751 6676 0.035486
800 6747 7776 0.041443
900 7714 8876 0.047444
1000 8648 9976 0.053255
1100 9747 11152 0.059781
1200 10781 12352 0.066199
1300 11883 13552 0.072624
1400 12873 14752 0.078872
1500 13961 15952 0.08553
1600 15020 17152 0.091942
1700 16127 18352 0.098702
1800 17184 19552 0.105289
1900 18309 20752 0.111679
2000 19399 21952 0.118489
100 542 672 0.003462
200 1266 1544 0.008036
300 2093 2488 0.013157
400 2961 3488 0.018443
500 3827 4488 0.023811
600 4802 5576 0.029742
700 5758 6676 0.035468
800 6737 7776 0.041265
900 7713 8876 0.047501
1000 8695 9976 0.053191
1100 9754 11152 0.059749
1200 10771 12352 0.065867
1300 11821 13552 0.072346
1400 12912 14752 0.078806
1500 13966 15952 0.085414
1600 15020 17152 0.091911
1700 16097 18352 0.098687
1800 17208 19552 0.105113
1900 18305 20752 0.111756
2000 19405 21952 0.118261
100 550 672 0.003499
200 1275 1544 0.008081
300 2098 2488 0.013179
400 2965 3488 0.018498
500 3850 4488 0.023752
600 4797 5576 0.029524
700 5748 6676 0.035444
800 6709 7776 0.041388
900 7714 8876 0.047372
1000 8704 9976 0.053464
1100 9756 11152 0.059813
1200 10776 12352 0.066266
1300 11852 13552 0.072749
1400 12870 14752 0.079055
1500 13957 15952 0.085734
1600 15056 17152 0.092258
1700 16064 18352 0.098563
1800 17230 19552 0.105485
1900 18345 20752 0.112278
2000 19440 21952 0.118869
100 545 672 0.003486
200 1267 1544 0.008077
300 2113 2488 0.013238
400 2969 3488 0.018808
500 3848 4488 0.023884
600 4758 5576 0.029517
700 5757 6676 0.035634
800 6748 7776 0.041488
900 7719 8876 0.047213
1000 8702 9976 0.053419
1100 9721 11152 0.059776
1200 10795 12352 0.066413
1300 11822 13552 0.072619
1400 12908 14752 0.079152
1500 13943 15952 0.085521
1600 15050 17152 0.092268
1700 16129 18352 0.098639
1800 17238 19552 0.105315
1900 18277 20752 0.111688
2000 19451 21952 0.118543
