100 541 672 0.003564
200 1283 1544 0.008118
300 2103 2488 0.013164
400 2947 3488 0.018406
500 3866 4488 0.024004
600 4799 5576 0.029793
700 5749 6676 0.035651
800 6723 7776 0.04152
900 7707 8876 0.047352
1000 8718 9976 0.053471
1100 9720 11152 0.059485
1200 10790 12352 0.066356
1300 11792 13552 0.072381
1400 12893 14752 0.07918
1500 13963 15952 0.085768
1600 15007 17152 0.09218
1700 16108 18352 0.098797
1800 17214 19552 0.105135
1900 18312 20752 0.111636
2000 19447 21952 0.11865
100 535 672 0.00348
200 1294 1544 0.008157
300 2088 2488 0.013145
400 2964 3488 0.018536
500 3865 4488 0.0239
600 4772 5576 0.029564
700 5744 6676 0.035527
800 6730 7776 0.04155
900 7724 8876 0.047464
1000 8720 9976 0.053279
1100 9751 11152 0.059869
1200 10774 12352 0.066341
1300 11859 13552 0.072786
1400 12887 14752 0.079317
1500 13934 15952 0.085703
1600 15034 17152 0.092248
1700 16161 18352 0.098883
1800 17242 19552 0.105516
1900 18332 20752 0.112009
2000 19397 21952 0.118625
100 548 672 0.003497
200 1279 1544 0.0081
300 2100 2488 0.013179
400 2950 3488 0.018421
500 3855 4488 0.023971
600 4826 5576 0.029731
700 5729 6676 0.035553
800 6717 7776 0.041498
900 7751 8876 0.04782
1000 8695 9976 0.053525
1100 9764 11152 0.059854
1200 10800 12352 0.066372
1300 11846 13552 0.073155
1400 12875 14752 0.079335
1500 13960 15952 0.08553
1600 15030 17152 0.092275
1700 16131 18352 0.099028
1800 17183 19552 0.105392
1900 18359 20752 0.112146
2000 19395 21952 0.118662
100 541 672 0.003473
200 1286 1544 0.008133
300 2072 2488 0.013043
400 2954 3488 0.018443
500 3836 4488 0.023827
600 4794 5576 0.029708
700 5755 6676 0.035684
800 6728 7776 0.041427
900 7656 8876 0.047166
1000 8729 9976 0.053501
1100 9743 11152 0.059811
1200 10774 12352 0.066261
1300 11800 13552 0.072427
1400 12814 14752 0.079
1500 13950 15952 0.085595
1600 15014 17152 0.092127
1700 16117 18352 0.098572
1800 17232 19552 0.105483
1900 18314 20752 0.112065
2000 19394 21952 0.118475
100 541 672 0.003465
200 1299 1544 0.008129
300 2091 2488 0.013154
400 2966 3488 0.018501
500 3876 4488 0.023986
600 4777 5576 0.029612
700 5760 6676 0.035677
800 6715 7776 0.041427
900 7723 8876 0.047417
1000 8682 9976 0.053551
1100 9766 11152 0.059835
1200 10761 12352 0.066181
1300 11801 13552 0.0728
1400 12867 14752 0.079155
1500 13919 15952 0.085548
1600 15033 17152 0.092133
1700 16138 18352 0.098719
1800 17220 19552 0.105613
1900 18296 20752 0.111922
2000 19374 21952 0.118468
100 544 672 0.003485
200 1274 1544 0.008047
300 2098 2488 0.013201
400 2976 3488 0.018516
500 3869 4488 0.023923
600 4776 5576 0.02972
700 5739 6676 0.035497
800 6749 7776 0.041552
900 7752 8876 0.047798
1000 8728 9976 0.053602
1100 9713 11152 0.059828
1200 10771 12352 0.066159
1300 11807 13552 0.072583
1400 12883 14752 0.079246
1500 13928 15952 0.085619
1600 15053 17152 0.092274
1700 16126 18352 0.098762
1800 17197 19552 0.105296
1900 18315 20752 0.112037
2000 19416 21952 0.118658
100 547 672 0.003486
200 1286 1544 0.008121
300 2098 2488 0.013147
400 2957 3488 0.018406
500 3845 4488 0.023837
600 4770 5576 0.029713
700 5757 6676 0.035619
800 6709 7776 0.041166
900 7691 8876 0.047535
1000 8717 9976 0.053657
1100 9737 11152 0.060083
1200 10764 12352 0.066463
1300 11869 13552 0.07323
1400 12864 14752 0.079658
1500 13987 15952 0.086358
1600 15015 17152 0.092551
1700 16123 18352 0.099625
1800 17207 19552 0.106245
1900 18294 20752 0.112295
2000 19434 21952 0.118833
100 545 672 0.003482
200 1280 1544 0.008123
300 2104 2488 0.013151
400 2943 3488 0.018367
500 3862 4488 0.023898
600 4788 5576 0.029728
700 5744 6676 0.035536
800 6726 7776 0.041267
900 7708 8876 0.04748
1000 8685 9976 0.053682
1100 9750 11152 0.059883
1200 10789 12352 0.06632
1300 11860 13552 0.072982
1400 12903 14752 0.079227
1500 13947 15952 0.085461
1600 14989 17152 0.092051
1700 16111 18352 0.0989
1800 17182 19552 0.105421
1900 18301 20752 0.111976
2000 19428 21952 0.118959
100 545 672 0.003485
200 1299 1544 0.008164
300 2102 2488 0.013217
400 2968 3488 0.018583
500 3866 4488 0.024064
600 4775 5576 0.029818
700 5751 6676 0.035768
800 6716 7776 0.041609
900 7722 8876 0.047832
1000 8700 9976 0.053875
1100 9724 11152 0.060167
1200 10768 12352 0.066632
1300 11849 13552 0.073052
1400 12930 14752 0.07979
1500 13988 15952 0.086383
1600 15025 17152 0.092634
1700 16106 18352 0.099011
1800 17263 19552 0.105662
1900 18315 20752 0.111907
2000 19403 21952 0.118813
100 532 672 0.003466
200 1296 1544 0.008155
300 2097 2488 0.013141
400 2962 3488 0.018496
500 3852 4488 0.023863
600 4795 5576 0.029679
700 5726 6676 0.035498
800 6731 7776 0.041519
900 7692 8876 0.047395
1000 8725 9976 0.053642
1100 9761 11152 0.059894
1200 10793 12352 0.066366
1300 11809 13552 0.072827
1400 12917 14752 0.079371
1500 13951 15952 0.085937
1600 15066 17152 0.092097
1700 16145 18352 0.098531
1800 17190 19552 0.1054
1900 18308 20752 0.112081
2000 19367 21952 0.118482
100 538 672 0.003475
200 1281 1544 0.008098
300 2106 2488 0.013162
400 2943 3488 0.018418
500 3844 4488 0.02388
600 4778 5576 0.029797
700 5750 6676 0.03563
800 6701 7776 0.041487
900 7698 8876 0.047495
1000 8714 9976 0.053507
1100 9736 11152 0.059999
1200 10772 12352 0.066497
1300 11822 13552 0.073042
1400 12882 14752 0.079195
1500 13937 15952 0.085859
1600 15088 17152 0.092285
1700 16113 18352 0.098829
1800 17263 19552 0.105709
1900 18256 20752 0.11193
2000 19383 21952 0.118442
100 544 672 0.003508
200 1279 1544 0.008075
300 2108 2488 0.013164
400 2956 3488 0.018435
500 3839 4488 0.02384
600 4788 5576 0.029593
700 5755 6676 0.035542
800 6710 7776 0.041454
900 7693 8876 0.047486
1000 8714 9976 0.053545
1100 9761 11152 0.059958
1200 10800 12352 0.066345
1300 11806 13552 0.072709
1400 12928 14752 0.07933
1500 14011 15952 0.085823
1600 15059 17152 0.092438
1700 16141 18352 0.098948
1800 17267 19552 0.105598
1900 18333 20752 0.112456
2000 19408 21952 0.118547
100 540 672 0.003472
200 1277 1544 0.008132
300 2096 2488 0.013159
400 2955 3488 0.018512
500 3873 4488 0.024057
600 4768 5576 0.029611
700 5744 6676 0.035514
800 6726 7776 0.0417
900 7728 8876 0.047802
1000 8721 9976 0.053601
1100 9726 11152 0.060105
1200 10781 12352 0.06646
1300 11815 13552 0.07241
1400 12926 14752 0.078727
1500 13979 15952 0.085821
1600 15032 17152 0.092503
1700 16116 18352 0.098937
1800 17202 19552 0.105509
1900 18276 20752 0.112135
2000 19411 21952 0.118621
100 537 672 0.003465
200 1282 1544 0.008084
300 2091 2488 0.013131
400 2969 3488 0.018473
500 3829 4488 0.023851
600 4797 5576 0.02985
700 5758 6676 0.035575
800 6730 7776 0.041523
900 7704 8876 0.047448
1000 8703 9976 0.053444
1100 9729 11152 0.059812
1200 10749 12352 0.066222
1300 11830 13552 0.073042
1400 12886 14752 0.079239
1500 13978 15952 0.085746
1600 15006 17152 0.092082
1700 16118 18352 0.098874
1800 17221 19552 0.105355
1900 18382 20752 0.112468
2000 19428 21952 0.118754
100 544 672 0.003487
200 1297 1544 0.008108
300 2106 2488 0.013199
400 2970 3488 0.018547
500 3862 4488 0.02391
600 4783 5576 0.029732
700 5742 6676 0.035494
800 6705 7776 0.04144
900 7689 8876 0.047646
1000 8710 9976 0.05349
1100 9732 11152 0.060006
1200 10782 12352 0.066278
1300 11853 13552 0.072836
1400 12900 14752 0.079368
1500 13959 15952 0.085869
1600 15028 17152 0.092411
1700 16093 18352 0.099021
1800 17212 19552 0.106002
1900 18283 20752 0.111873
2000 19455 21952 0.118605
100 545 672 0.003491
200 1282 1544 0.008112
300 2100 2488 0.01316
400 2955 3488 0.018542
500 3865 4488 0.023999
600 4794 5576 0.029838
700 5779 6676 0.035779
800 6742 7776 0.041707
900 7703 8876 0.047475
1000 8700 9976 0.053577
1100 9732 11152 0.060025
1200 10776 12352 0.066175
1300 11814 13552 0.072936
1400 12920 14752 0.079374
1500 13967 15952 0.085668
1600 15067 17152 0.092315
1700 16150 18352 0.098775
1800 17224 19552 0.105495
1900 18323 20752 0.111878
2000 19416 21952 0.118681
100 537 672 0.003528
200 1273 1544 0.008087
300 2102 2488 0.013159
400 2970 3488 0.018471
500 3868 4488 0.02388
600 4782 5576 0.029718
700 5754 6676 0.0355
800 6714 7776 0.041476
900 7700 8876 0.047593
1000 8686 9976 0.053516
1100 9732 11152 0.059819
1200 10803 12352 0.066227
1300 11825 13552 0.072711
1400 12887 14752 0.07906
1500 13915 15952 0.085591
1600 15019 17152 0.092125
1700 16126 18352 0.098656
1800 17208 19552 0.105322
1900 18354 20752 0.112274
2000 19426 21952 0.118584
100 547 672 0.003487
200 1278 1544 0.008085
300 2120 2488 0.01325
400 2959 3488 0.018403
500 3854 4488 0.024019
600 4783 5576 0.029575
700 5747 6676 0.035618
800 6744 7776 0.041531
900 7711 8876 0.047531
1000 8705 9976 0.053475
1100 9774 11152 0.05978
1200 10777 12352 0.06618
1300 11813 13552 0.072447
1400 12883 14752 0.078797
1500 13959 15952 0.085487
1600 15042 17152 0.092047
1700 16089 18352 0.098477
1800 17233 19552 0.10521
1900 18281 20752 0.111566
2000 19444 21952 0.118474
100 541 672 0.003476
200 1278 1544 0.00803
300 2095 2488 0.01315
400 2956 3488 0.01851
500 3859 4488 0.023935
600 4792 5576 0.029593
700 5721 6676 0.035382
800 6726 7776 0.041286
900 7718 8876 0.047399
1000 8724 9976 0.053524
1100 9785 11152 0.059832
1200 10829 12352 0.066218
1300 11802 13552 0.072629
1400 12902 14752 0.079226
1500 13945 15952 0.085684
1600 15027 17152 0.092304
1700 16115 18352 0.09869
1800 17189 19552 0.105554
1900 18338 20752 0.112113
2000 19406 21952 0.118833
100 546 672 0.003507
200 1277 1544 0.008048
300 2111 2488 0.013169
400 2947 3488 0.018354
500 3859 4488 0.023939
600 4785 5576 0.029705
700 5758 6676 0.035667
800 6717 7776 0.041477
900 7715 8876 0.047468
1000 8707 9976 0.053516
1100 9752 11152 0.059888
1200 10773 12352 0.066247
1300 11826 13552 0.07266
1400 12903 14752 0.079304
1500 13973 15952 0.085831
1600 15029 17152 0.092109
1700 16095 18352 0.098842
1800 17256 19552 0.10557
1900 18304 20752 0.112052
2000 19377 21952 0.118472
100 545 672 0.003563
200 1280 1544 0.008117
300 2098 2488 0.01314
400 2954 3488 0.018432
500 3870 4488 0.023965
600 4791 5576 0.029667
700 5726 6676 0.035495
800 6696 7776 0.041442
900 7701 8876 0.047472
1000 8724 9976 0.053477
1100 9762 11152 0.059912
1200 10798 12352 0.066201
1300 11865 13552 0.073119
1400 12887 14752 0.079323
1500 13926 15952 0.085652
1600 15073 17152 0.092529
1700 16082 18352 0.098591
1800 17219 19552 0.105444
1900 18310 20752 0.111708
2000 19434 21952 0.11858
100 537 672 0.003468
200 1279 1544 0.008116
300 2107 2488 0.013161
400 2965 3488 0.01856
500 3840 4488 0.023936
600 4778 5576 0.029642
700 5760 6676 0.035583
800 6729 7776 0.041499
900 7707 8876 0.047546
1000 8727 9976 0.053452
1100 9791 11152 0.060006
1200 10802 12352 0.066199
1300 11854 13552 0.072633
1400 12882 14752 0.0792
1500 13963 15952 0.085705
1600 15077 17152 0.092215
1700 16166 18352 0.099186
1800 17172 19552 0.105185
1900 18270 20752 0.111893
2000 19335 21952 0.118259
100 540 672 0.003492
200 1291 1544 0.008122
300 2094 2488 0.013203
400 2930 3488 0.018356
500 3861 4488 0.02385
600 4777 5576 0.029608
700 5777 6676 0.035659
800 6747 7776 0.041572
900 7712 8876 0.047462
1000 8691 9976 0.053261
1100 9745 11152 0.059783
1200 10815 12352 0.06647
1300 11825 13552 0.072726
1400 12918 14752 0.079186
1500 13982 15952 0.085729
1600 15031 17152 0.09208
1700 16108 18352 0.09882
1800 17236 19552 0.105273
1900 18336 20752 0.111745
2000 19403 21952 0.118498
100 537 672 0.003458
200 1278 1544 0.008135
300 2083 2488 0.013082
400 2953 3488 0.018468
500 3860 4488 0.023743
600 4818 5576 0.029836
700 5751 6676 0.035478
800 6714 7776 0.041263
900 7668 8876 0.047365
1000 8679 9976 0.053301
1100 9760 11152 0.059708
1200 10785 12352 0.06624
1300 11846 13552 0.072538
1400 12865 14752 0.079107
1500 14009 15952 0.08598
1600 15005 17152 0.092252
1700 16100 18352 0.098749
1800 17173 19552 0.105306
1900 18318 20752 0.111852
2000 19393 21952 0.118466
100 549 672 0.003537
200 1275 1544 0.008044
300 2087 2488 0.013129
400 2962 3488 0.018448
500 3857 4488 0.023826
600 4791 5576 0.029661
700 5753 6676 0.035632
800 6721 7776 0.041542
900 7692 8876 0.047191
1000 8708 9976 0.053484
1100 9772 11152 0.059897
1200 10814 12352 0.066473
1300 11863 13552 0.072816
1400 12881 14752 0.07914
1500 13950 15952 0.085643
1600 15068 17152 0.092182
1700 16164 18352 0.099081
1800 17239 19552 0.105409
1900 18333 20752 0.111993
2000 19390 21952 0.1183
100 534 672 0.003474
200 1267 1544 0.008072
300 2103 2488 0.013093
400 2967 3488 0.018444
500 3837 4488 0.023888
600 4800 5576 0.029684
700 5739 6676 0.035502
800 6730 7776 0.041509
900 7707 8876 0.047621
1000 8707 9976 0.053593
1100 9748 11152 0.059951
1200 10782 12352 0.066324
1300 11840 13552 0.072797
1400 12869 14752 0.078883
1500 13974 15952 0.085855
1600 15052 17152 0.091805
1700 16090 18352 0.09866
1800 17253 19552 0.105783
1900 18330 20752 0.111859
2000 19433 21952 0.118476
100 534 672 0.003483
200 1288 1544 0.008137
300 2088 2488 0.013087
400 2986 3488 0.018554
500 3855 4488 0.023708
600 4809 5576 0.029635
700 5790 6676 0.035699
800 6704 7776 0.041537
900 7722 8876 0.047399
1000 8716 9976 0.053375
1100 9729 11152 0.059938
1200 10773 12352 0.066117
1300 11859 13552 0.072719
1400 12885 14752 0.079287
1500 14004 15952 0.08588
1600 15076 17152 0.092498
1700 16098 18352 0.098679
1800 17231 19552 0.105634
1900 18230 20752 0.111901
2000 19399 21952 0.118448
100 543 672 0.00348
200 1262 1544 0.008025
300 2097 2488 0.013127
400 2960 3488 0.018552
500 3855 4488 0.023877
600 4787 5576 0.029677
700 5752 6676 0.035507
800 6712 7776 0.041556
900 7712 8876 0.047469
1000 8735 9976 0.053431
1100 9737 11152 0.059643
1200 10757 12352 0.066124
1300 11879 13552 0.072812
1400 12907 14752 0.079251
1500 13969 15952 0.085869
1600 15068 17152 0.092436
1700 16135 18352 0.098842
1800 17199 19552 0.105247
1900 18303 20752 0.111945
2000 19378 21952 0.118648
100 545 672 0.003493
200 1295 1544 0.008128
300 2092 2488 0.013107
400 2954 3488 0.018468
500 3848 4488 0.023857
600 4775 5576 0.029619
700 5750 6676 0.035536
800 6708 7776 0.041419
900 7698 8876 0.047408
1000 8690 9976 0.053535
1100 9730 11152 0.059916
1200 10771 12352 0.066284
1300 11826 13552 0.072546
1400 12913 14752 0.079131
1500 13920 15952 0.085687
1600 15057 17152 0.092343
1700 16080 18352 0.098846
1800 17249 19552 0.105541
1900 18306 20752 0.111942
2000 19446 21952 0.118811
100 535 672 0.003449
200 1282 1544 0.008117
300 2094 2488 0.013174
400 2948 3488 0.018481
500 3856 4488 0.023979
600 4765 5576 0.029637
700 5774 6676 0.035715
800 6719 7776 0.041586
900 7707 8876 0.047538
1000 8725 9976 0.053638
1100 9777 11152 0.059732
1200 10813 12352 0.066235
1300 11821 13552 0.072792
1400 12869 14752 0.078868
1500 14003 15952 0.086046
1600 15051 17152 0.092457
1700 16122 18352 0.098992
1800 17208 19552 0.105247
1900 18303 20752 0.111808
2000 19416 21952 0.118551
100 537 672 0.003464
200 1277 1544 0.008092
300 2090 2488 0.013119
400 2977 3488 0.018583
500 3840 4488 0.023827
600 4795 5576 0.029805
700 5723 6676 0.035581
800 6706 7776 0.041542
900 7707 8876 0.047547
1000 8695 9976 0.053649
1100 9740 11152 0.059904
1200 10799 12352 0.066339
1300 11849 13552 0.072877
1400 12856 14752 0.079105
1500 13953 15952 0.085652
1600 15037 17152 0.092416
1700 16131 18352 0.099027
1800 17197 19552 0.10547
1900 18308 20752 0.112109
2000 19392 21952 0.11869
100 551 672 0.003508
200 1280 1544 0.008108
300 2085 2488 0.013163
400 2971 3488 0.018509
500 3874 4488 0.023949
600 4811 5576 0.029718
700 5732 6676 0.035552
800 6734 7776 0.041501
900 7709 8876 0.047579
1000 8728 9976 0.05359
1100 9736 11152 0.059865
1200 10812 12352 0.066255
1300 11864 13552 0.073089
1400 12885 14752 0.079238
1500 13959 15952 0.08568
1600 15034 17152 0.092315
1700 16128 18352 0.099137
1800 17239 19552 0.105379
1900 18363 20752 0.112246
2000 19444 21952 0.118644
100 537 672 0.003458
200 1283 1544 0.008098
300 2080 2488 0.013111
400 2951 3488 0.018521
500 3863 4488 0.023893
600 4788 5576 0.02981
700 5732 6676 0.03557
800 6718 7776 0.041429
900 7697 8876 0.047547
1000 8686 9976 0.053338
1100 9746 11152 0.059898
1200 10786 12352 0.066369
1300 11818 13552 0.072753
1400 12914 14752 0.079321
1500 13949 15952 0.085822
1600 15056 17152 0.092465
1700 16158 18352 0.098779
1800 17216 19552 0.105406
1900 18300 20752 0.111804
2000 19387 21952 0.118645
100 549 672 0.003471
200 1276 1544 0.008088
300 2097 2488 0.01313
400 2944 3488 0.018528
500 3826 4488 0.023762
600 4797 5576 0.029646
700 5769 6676 0.035624
800 6728 7776 0.041533
900 7706 8876 0.047394
1000 8717 9976 0.0534
1100 9735 11152 0.059887
1200 10803 12352 0.066242
1300 11838 13552 0.072385
1400 12888 14752 0.078921
1500 13996 15952 0.085797
1600 15095 17152 0.092069
1700 16147 18352 0.098729
1800 17222 19552 0.104982
1900 18306 20752 0.111819
2000 19392 21952 0.118331
100 542 672 0.003484
200 1282 1544 0.008105
300 2100 2488 0.013181
400 2941 3488 0.01838
500 3860 4488 0.023967
600 4779 5576 0.029502
700 5731 6676 0.035637
800 6691 7776 0.041467
900 7715 8876 0.047488
1000 8705 9976 0.053405
1100 9736 11152 0.059857
1200 10778 12352 0.066349
1300 11833 13552 0.072679
1400 12891 14752 0.078963
1500 13923 15952 0.08544
1600 15023 17152 0.091956
1700 16122 18352 0.098775
1800 17246 19552 0.10531
1900 18342 20752 0.111899
2000 19388 21952 0.118433
100 541 672 0.003513
200 1283 1544 0.008109
300 2102 2488 0.013183
400 2980 3488 0.018439
500 3843 4488 0.02376
600 4783 5576 0.029549
700 5739 6676 0.035529
800 6745 7776 0.041353
900 7695 8876 0.047505
1000 8724 9976 0.05347
1100 9742 11152 0.059966
1200 10760 12352 0.066188
1300 11844 13552 0.072766
1400 12866 14752 0.079239
1500 13949 15952 0.085657
1600 15045 17152 0.092506
1700 16141 18352 0.099163
1800 17199 19552 0.105521
1900 18355 20752 0.112114
2000 19411 21952 0.118377
100 541 672 0.003465
200 1286 1544 0.008129
300 2088 2488 0.013158
400 2987 3488 0.018514
500 3849 4488 0.023966
600 4792 5576 0.029765
700 5754 6676 0.035516
800 6733 7776 0.041446
900 7712 8876 0.047474
1000 8707 9976 0.053664
1100 9734 11152 0.059874
1200 10777 12352 0.066249
1300 11837 13552 0.072661
1400 12924 14752 0.079324
1500 13965 15952 0.08588
1600 15027 17152 0.092253
1700 16092 18352 0.098529
1800 17186 19552 0.105424
1900 18302 20752 0.111919
2000 19390 21952 0.118322
100 540 672 0.003459
200 1284 1544 0.008099
300 2080 2488 0.013135
400 2975 3488 0.018562
500 3839 4488 0.02382
600 4808 5576 0.029823
700 5754 6676 0.035539
800 6728 7776 0.041528
900 7704 8876 0.047448
1000 8688 9976 0.053299
1100 9768 11152 0.059994
1200 10780 12352 0.066399
1300 11830 13552 0.07264
1400 12875 14752 0.079201
1500 13941 15952 0.085659
1600 15043 17152 0.092311
1700 16140 18352 0.098696
1800 17225 19552 0.105402
1900 18306 20752 0.112186
2000 19383 21952 0.118506
100 554 672 0.003517
200 1283 1544 0.008115
300 2095 2488 0.013043
400 2970 3488 0.018481
500 3850 4488 0.023869
600 4779 5576 0.02964
700 5769 6676 0.035685
800 6736 7776 0.041396
900 7694 8876 0.047323
1000 8717 9976 0.053564
1100 9722 11152 0.05982
1200 10779 12352 0.065996
1300 11795 13552 0.072604
1400 12905 14752 0.079186
1500 13957 15952 0.085707
1600 15029 17152 0.092261
1700 16174 18352 0.098977
1800 17234 19552 0.10556
1900 18345 20752 0.112354
2000 19445 21952 0.118856
100 540 672 0.003482
200 1283 1544 0.00812
300 2103 2488 0.013166
400 2948 3488 0.018843
500 3873 4488 0.024081
600 4792 5576 0.029675
700 5770 6676 0.035622
800 6721 7776 0.041594
900 7681 8876 0.047475
1000 8699 9976 0.053454
1100 9768 11152 0.059824
1200 10767 12352 0.066276
1300 11844 13552 0.072622
1400 12898 14752 0.079246
1500 13966 15952 0.08552
1600 15062 17152 0.092251
1700 16162 18352 0.098954
1800 17204 19552 0.105311
1900 18342 20752 0.111918
2000 19415 21952 0.118437
100 540 672 0.003477
200 1277 1544 0.008089
300 2099 2488 0.013065
400 2983 3488 0.01862
500 3829 4488 0.02374
600 4797 5576 0.029726
700 5732 6676 0.035521
800 6722 7776 0.041518
900 7720 8876 0.047572
1000 8698 9976 0.053389
1100 9728 11152 0.059695
1200 10777 12352 0.066136
1300 11840 13552 0.072616
1400 12907 14752 0.079251
1500 13915 15952 0.085775
1600 15022 17152 0.092298
1700 16148 18352 0.098771
1800 17237 19552 0.105644
1900 18311 20752 0.112026
2000 19390 21952 0.118626
100 545 672 0.003483
200 1302 1544 0.008142
300 2105 2488 0.013128
400 2952 3488 0.018449
500 3850 4488 0.024019
600 4785 5576 0.029716
700 5775 6676 0.035813
800 6698 7776 0.041537
900 7695 8876 0.047516
1000 8708 9976 0.053511
1100 9736 11152 0.059724
1200 10791 12352 0.066314
1300 11837 13552 0.072779
1400 12855 14752 0.079076
1500 13936 15952 0.085661
1600 15009 17152 0.092268
1700 16137 18352 0.098974
1800 17207 19552 0.105196
1900 18321 20752 0.111758
2000 19426 21952 0.11847
100 544 672 0.003479
200 1277 1544 0.008091
300 2109 2488 0.013165
400 2962 3488 0.018463
500 3865 4488 0.023914
600 4822 5576 0.029798
700 5733 6676 0.03562
800 6716 7776 0.041432
900 7708 8876 0.047584
1000 8705 9976 0.053828
1100 9770 11152 0.060201
1200 10812 12352 0.066919
1300 11858 13552 0.073366
1400 12868 14752 0.079562
1500 13997 15952 0.086138
1600 15071 17152 0.092737
1700 16133 18352 0.099352
1800 17263 19552 0.1063
1900 18341 20752 0.112678
2000 19415 21952 0.11839
100 550 672 0.003504
200 1273 1544 0.008089
300 2090 2488 0.013125
400 2969 3488 0.018581
500 3854 4488 0.023913
600 4790 5576 0.029692
700 5737 6676 0.035599
800 6696 7776 0.041565
900 7726 8876 0.047554
1000 8743 9976 0.053571
1100 9761 11152 0.059845
1200 10788 12352 0.066327
1300 11864 13552 0.07286
1400 12853 14752 0.079194
1500 13943 15952 0.085526
1600 15054 17152 0.092458
1700 16153 18352 0.098859
1800 17238 19552 0.105415
1900 18347 20752 0.11221
2000 19432 21952 0.118489
100 539 672 0.003474
200 1282 1544 0.008121
300 2091 2488 0.013124
400 2948 3488 0.018474
500 3855 4488 0.023941
600 4793 5576 0.029796
700 5762 6676 0.035483
800 6689 7776 0.041508
900 7665 8876 0.047297
1000 8699 9976 0.053427
1100 9746 11152 0.059796
1200 10784 12352 0.066385
1300 11870 13552 0.072721
1400 12879 14752 0.079147
1500 13967 15952 0.08599
1600 15074 17152 0.09229
1700 16135 18352 0.098838
1800 17208 19552 0.105418
1900 18337 20752 0.112152
2000 19419 21952 0.118627
100 541 672 0.003475
200 1280 1544 0.008125
300 2104 2488 0.013179
400 2956 3488 0.018578
500 3853 4488 0.023903
600 4804 5576 0.029706
700 5745 6676 0.035539
800 6721 7776 0.041261
900 7723 8876 0.047291
1000 8713 9976 0.053254
1100 9743 11152 0.059896
1200 10798 12352 0.066153
1300 11831 13552 0.072654
1400 12910 14752 0.079052
1500 13936 15952 0.085594
1600 15018 17152 0.092042
1700 16103 18352 0.098661
1800 17226 19552 0.105455
1900 18298 20752 0.112099
2000 19439 21952 0.118729
100 545 672 0.003482
200 1274 1544 0.008068
300 2105 2488 0.013155
400 2946 3488 0.018434
500 3842 4488 0.023869
600 4798 5576 0.029767
700 5746 6676 0.035642
800 6755 7776 0.04173
900 7719 8876 0.047843
1000 8695 9976 0.053428
1100 9725 11152 0.059584
1200 10793 12352 0.066295
1300 11883 13552 0.072909
1400 12841 14752 0.078954
1500 13927 15952 0.085592
1600 15064 17152 0.09232
1700 16125 18352 0.099283
1800 17225 19552 0.105605
1900 18323 20752 0.111977
2000 19416 21952 0.11854
100 543 672 0.003459
200 1284 1544 0.008127
300 2101 2488 0.01316
400 2957 3488 0.01842
500 3845 4488 0.023892
600 4807 5576 0.029746
700 5732 6676 0.035833
800 6733 7776 0.041577
900 7713 8876 0.047462
1000 8717 9976 0.053735
1100 9721 11152 0.059792
1200 10755 12352 0.066393
1300 11801 13552 0.072557
1400 12866 14752 0.078937
1500 13892 15952 0.085491
1600 15060 17152 0.092253
1700 16140 18352 0.098913
1800 17218 19552 0.105364
1900 18324 20752 0.112142
2000 19394 21952 0.11904
100 548 672 0.003499
200 1275 1544 0.008141
300 2130 2488 0.013319
400 2969 3488 0.018621
500 3829 4488 0.024025
600 4799 5576 0.02964
700 5760 6676 0.035527
800 6723 7776 0.041408
900 7697 8876 0.047297
1000 8676 9976 0.053228
1100 9768 11152 0.059771
1200 10765 12352 0.066051
1300 11822 13552 0.072539
1400 12906 14752 0.079159
1500 13964 15952 0.085729
1600 15014 17152 0.092288
1700 16096 18352 0.098624
1800 17226 19552 0.105302
1900 18298 20752 0.111891
2000 19439 21952 0.118439
100 540 672 0.003481
200 1296 1544 0.008133
300 2102 2488 0.013128
400 2962 3488 0.018463
500 3862 4488 0.023843
600 4796 5576 0.029659
700 5745 6676 0.035499
800 6721 7776 0.041364
900 7741 8876 0.047534
1000 8717 9976 0.053584
1100 9734 11152 0.059807
1200 10783 12352 0.066255
1300 11837 13552 0.072808
1400 12886 14752 0.079124
1500 13951 15952 0.085822
1600 15048 17152 0.092388
1700 16154 18352 0.099102
1800 17196 19552 0.105301
1900 18329 20752 0.112042
2000 19470 21952 0.118894
100 550 672 0.00354
200 1276 1544 0.00807
300 2091 2488 0.013071
400 2975 3488 0.018497
500 3870 4488 0.023934
600 4820 5576 0.029753
700 5744 6676 0.03553
800 6708 7776 0.041406
900 7714 8876 0.047471
1000 8714 9976 0.053505
1100 9721 11152 0.059563
1200 10794 12352 0.06619
1300 11816 13552 0.072585
1400 12861 14752 0.079122
1500 13958 15952 0.085675
1600 15071 17152 0.092445
1700 16145 18352 0.098948
1800 17218 19552 0.105556
1900 18320 20752 0.112429
2000 19420 21952 0.119043
100 551 672 0.003549
200 1290 1544 0.008122
300 2096 2488 0.013138
400 2937 3488 0.018371
500 3877 4488 0.023952
600 4808 5576 0.029804
700 5751 6676 0.035584
800 6731 7776 0.041529
900 7698 8876 0.047558
1000 8712 9976 0.05346
1100 9711 11152 0.059874
1200 10764 12352 0.0663
1300 11843 13552 0.072776
1400 12893 14752 0.079164
1500 13986 15952 0.085749
1600 15069 17152 0.092595
1700 16174 18352 0.099101
1800 17185 19552 0.105795
1900 18325 20752 0.11217
2000 19419 21952 0.118745
100 539 672 0.003469
200 1274 1544 0.008089
300 2105 2488 0.013195
400 2961 3488 0.018467
500 3848 4488 0.023864
600 4800 5576 0.029729
700 5762 6676 0.035688
800 6744 7776 0.041647
900 7711 8876 0.047658
1000 8708 9976 0.053638
1100 9760 11152 0.060092
1200 10792 12352 0.066347
1300 11847 13552 0.072738
1400 12858 14752 0.079116
1500 13952 15952 0.085494
1600 15076 17152 0.092351
1700 16110 18352 0.098794
1800 17203 19552 0.105352
1900 18334 20752 0.112063
2000 19435 21952 0.118763
100 545 672 0.003481
200 1276 1544 0.008067
300 2107 2488 0.013159
400 2952 3488 0.018488
500 3850 4488 0.023904
600 4793 5576 0.029636
700 5751 6676 0.035584
800 6741 7776 0.041579
900 7729 8876 0.047464
1000 8733 9976 0.053449
1100 9695 11152 0.059968
1200 10841 12352 0.066372
1300 11851 13552 0.072661
1400 12901 14752 0.079535
1500 13961 15952 0.086116
1600 15074 17152 0.0924
1700 16123 18352 0.098648
1800 17235 19552 0.105245
1900 18291 20752 0.111717
2000 19358 21952 0.118197
100 541 672 0.00346
200 1278 1544 0.008081
300 2074 2488 0.013049
400 2952 3488 0.018401
500 3857 4488 0.023858
600 4791 5576 0.02956
700 5726 6676 0.035373
800 6715 7776 0.041315
900 7708 8876 0.047328
1000 8706 9976 0.053275
1100 9749 11152 0.059741
1200 10822 12352 0.066138
1300 11855 13552 0.072553
1400 12917 14752 0.079118
1500 13933 15952 0.085585
1600 15077 17152 0.09241
1700 16115 18352 0.09828
1800 17281 19552 0.105295
1900 18322 20752 0.111699
2000 19423 21952 0.118619
100 545 672 0.003498
200 1283 1544 0.008159
300 2111 2488 0.013189
400 2988 3488 0.018635
500 3865 4488 0.023947
600 4780 5576 0.029557
700 5748 6676 0.035427
800 6710 7776 0.04127
900 7720 8876 0.04739
1000 8698 9976 0.053356
1100 9759 11152 0.059962
1200 10754 12352 0.066425
1300 11839 13552 0.072757
1400 12908 14752 0.079221
1500 13922 15952 0.085779
1600 15042 17152 0.092337
1700 16166 18352 0.098989
1800 17202 19552 0.105247
1900 18305 20752 0.112129
2000 19398 21952 0.118355
100 547 672 0.00347
200 1279 1544 0.008052
300 2084 2488 0.013092
400 2953 3488 0.018387
500 3836 4488 0.023774
600 4808 5576 0.029641
700 5749 6676 0.03546
800 6708 7776 0.041286
900 7666 8876 0.047185
1000 8712 9976 0.053454
1100 9713 11152 0.059706
1200 10744 12352 0.066181
1300 11828 13552 0.07251
1400 12883 14752 0.079069
1500 13977 15952 0.085816
1600 15079 17152 0.092415
1700 16100 18352 0.098868
1800 17199 19552 0.105249
1900 18273 20752 0.112302
2000 19372 21952 0.118573
100 546 672 0.003494
200 1292 1544 0.008142
300 2093 2488 0.013145
400 2958 3488 0.018465
500 3840 4488 0.023849
600 4775 5576 0.029787
700 5773 6676 0.035859
800 6744 7776 0.041863
900 7716 8876 0.047818
1000 8706 9976 0.053862
1100 9715 11152 0.060046
1200 10781 12352 0.066626
1300 11828 13552 0.073191
1400 12894 14752 0.079557
1500 13951 15952 0.085614
1600 15080 17152 0.092352
1700 16129 18352 0.098795
1800 17194 19552 0.105063
1900 18349 20752 0.11185
2000 19417 21952 0.118961
100 533 672 0.003495
200 1274 1544 0.008135
300 2093 2488 0.013213
400 2990 3488 0.018684
500 3866 4488 0.02406
600 4807 5576 0.029936
700 5725 6676 0.035598
800 6725 7776 0.041776
900 7711 8876 0.047722
1000 8712 9976 0.053812
1100 9721 11152 0.060112
1200 10758 12352 0.066437
1300 11882 13552 0.073142
1400 12861 14752 0.07946
1500 13975 15952 0.086086
1600 15002 17152 0.092219
1700 16133 18352 0.098935
1800 17235 19552 0.105434
1900 18392 20752 0.112211
2000 19381 21952 0.118678
100 545 672 0.003527
200 1279 1544 0.008099
300 2104 2488 0.013221
400 2964 3488 0.018654
500 3835 4488 0.023948
600 4782 5576 0.029726
700 5734 6676 0.035574
800 6716 7776 0.041654
900 7726 8876 0.047963
1000 8723 9976 0.053823
1100 9767 11152 0.060196
1200 10786 12352 0.06658
1300 11858 13552 0.072821
1400 12899 14752 0.079335
1500 13964 15952 0.085966
1600 15069 17152 0.092539
1700 16130 18352 0.098659
1800 17197 19552 0.105451
1900 18313 20752 0.11195
2000 19419 21952 0.118357
100 538 672 0.003464
200 1285 1544 0.008078
300 2103 2488 0.013107
400 2980 3488 0.018564
500 3842 4488 0.023816
600 4797 5576 0.029646
700 5767 6676 0.035619
800 6730 7776 0.041394
900 7717 8876 0.047325
1000 8683 9976 0.053166
1100 9726 11152 0.059596
1200 10781 12352 0.06601
1300 11848 13552 0.072519
1400 12912 14752 0.078951
1500 13963 15952 0.085425
1600 14997 17152 0.091812
1700 16122 18352 0.098386
1800 17160 19552 0.105014
1900 18359 20752 0.111777
2000 19399 21952 0.118247
100 538 672 0.003464
200 1275 1544 0.008193
300 2108 2488 0.013286
400 2958 3488 0.018571
500 3854 4488 0.023939
600 4788 5576 0.029844
700 5734 6676 0.035686
800 6719 7776 0.041698
900 7723 8876 0.047658
1000 8709 9976 0.053481
1100 9763 11152 0.059824
1200 10767 12352 0.066151
1300 11822 13552 0.072606
1400 12889 14752 0.079194
1500 13956 15952 0.085391
1600 15055 17152 0.09204
1700 16096 18352 0.098397
1800 17221 19552 0.104909
1900 18362 20752 0.111728
2000 19450 21952 0.118229
100 543 672 0.003457
200 1290 1544 0.008096
300 2092 2488 0.013077
400 2953 3488 0.018404
500 3841 4488 0.023781
600 4798 5576 0.029602
700 5765 6676 0.035481
800 6722 7776 0.041402
900 7713 8876 0.047239
1000 8721 9976 0.053429
1100 9729 11152 0.0596
1200 10783 12352 0.066059
1300 11858 13552 0.072517
1400 12899 14752 0.079072
1500 13957 15952 0.085265
1600 15034 17152 0.092448
1700 16149 18352 0.099113
1800 17191 19552 0.105328
1900 18278 20752 0.111898
2000 19420 21952 0.118617
100 541 672 0.003479
200 1292 1544 0.008136
300 2089 2488 0.0131
400 2939 3488 0.01837
500 3830 4488 0.023802
600 4765 5576 0.029607
700 5764 6676 0.035757
800 6705 7776 0.041471
900 7729 8876 0.047477
1000 8690 9976 0.053493
1100 9754 11152 0.059831
1200 10818 12352 0.06641
1300 11847 13552 0.072748
1400 12911 14752 0.079214
1500 13950 15952 0.08553
1600 15036 17152 0.092248
1700 16111 18352 0.098943
1800 17210 19552 0.105549
1900 18251 20752 0.111673
2000 19354 21952 0.118556
100 546 672 0.003546
200 1297 1544 0.008136
300 2107 2488 0.013138
400 2980 3488 0.018595
500 3857 4488 0.02389
600 4789 5576 0.029656
700 5765 6676 0.035485
800 6714 7776 0.041401
900 7683 8876 0.047425
1000 8696 9976 0.053516
1100 9759 11152 0.060308
1200 10785 12352 0.066371
1300 11809 13552 0.072867
1400 12927 14752 0.079305
1500 13942 15952 0.085641
1600 15062 17152 0.092423
1700 16103 18352 0.09865
1800 17204 19552 0.105549
1900 18308 20752 0.112498
2000 19421 21952 0.118683
100 539 672 0.003457
200 1275 1544 0.008093
300 2107 2488 0.013124
400 2959 3488 0.018467
500 3860 4488 0.023834
600 4790 5576 0.029677
700 5739 6676 0.035784
800 6709 7776 0.041439
900 7727 8876 0.047489
1000 8705 9976 0.053494
1100 9732 11152 0.059575
1200 10766 12352 0.066028
1300 11846 13552 0.072701
1400 12869 14752 0.079129
1500 13986 15952 0.08555
1600 15032 17152 0.092173
1700 16138 18352 0.098698
1800 17197 19552 0.105189
1900 18341 20752 0.112018
2000 19410 21952 0.118776
100 540 672 0.003483
200 1271 1544 0.00809
300 2095 2488 0.013176
400 2966 3488 0.018468
500 3859 4488 0.02391
600 4784 5576 0.02983
700 5729 6676 0.035503
800 6701 7776 0.041207
900 7700 8876 0.047325
1000 8712 9976 0.053553
1100 9755 11152 0.059724
1200 10744 12352 0.066239
1300 11818 13552 0.072668
1400 12883 14752 0.079274
1500 13977 15952 0.085786
1600 15027 17152 0.092274
1700 16134 18352 0.098872
1800 17208 19552 0.105333
1900 18275 20752 0.112065
2000 19412 21952 0.118281
100 540 672 0.003475
200 1284 1544 0.008106
300 2081 2488 0.013028
400 2968 3488 0.018559
500 3847 4488 0.023749
600 4768 5576 0.029655
700 5751 6676 0.035444
800 6732 7776 0.041601
900 7711 8876 0.047444
1000 8696 9976 0.05341
1100 9727 11152 0.059773
1200 10793 12352 0.066281
1300 11769 13552 0.07258
1400 12863 14752 0.079098
1500 13931 15952 0.085537
1600 15001 17152 0.092387
1700 16110 18352 0.09854
1800 17188 19552 0.105299
1900 18324 20752 0.111836
2000 19360 21952 0.117863
100 539 672 0.003472
200 1278 1544 0.008106
300 2103 2488 0.01321
400 2966 3488 0.018646
500 3854 4488 0.023989
600 4801 5576 0.029894
700 5746 6676 0.03554
800 6727 7776 0.041591
900 7723 8876 0.047506
1000 8699 9976 0.053478
1100 9738 11152 0.059928
1200 10784 12352 0.066364
1300 11834 13552 0.07276
1400 12851 14752 0.079148
1500 13964 15952 0.085777
1600 15078 17152 0.092721
1700 16144 18352 0.098996
1800 17234 19552 0.105548
1900 18344 20752 0.112306
2000 19418 21952 0.118512
100 545 672 0.003487
200 1281 1544 0.008082
300 2111 2488 0.013148
400 2966 3488 0.018488
500 3862 4488 0.023897
600 4815 5576 0.029524
700 5763 6676 0.03559
800 6696 7776 0.041417
900 7672 8876 0.047292
1000 8715 9976 0.053384
1100 9720 11152 0.059753
1200 10789 12352 0.066153
1300 11858 13552 0.07259
1400 12881 14752 0.079144
1500 13935 15952 0.085479
1600 15049 17152 0.092287
1700 16133 18352 0.098883
1800 17180 19552 0.105248
1900 18292 20752 0.111866
2000 19382 21952 0.11879
100 546 672 0.003495
200 1266 1544 0.008069
300 2084 2488 0.013151
400 2963 3488 0.01847
500 3845 4488 0.023758
600 4805 5576 0.029817
700 5749 6676 0.035501
800 6744 7776 0.041426
900 7694 8876 0.047535
1000 8710 9976 0.053247
1100 9730 11152 0.059818
1200 10785 12352 0.066683
1300 11849 13552 0.072653
1400 12920 14752 0.079227
1500 13929 15952 0.085778
1600 15031 17152 0.092262
1700 16147 18352 0.098815
1800 17241 19552 0.105498
1900 18274 20752 0.111631
2000 19415 21952 0.118695
100 547 672 0.003465
200 1289 1544 0.008175
300 2112 2488 0.013203
400 2968 3488 0.018548
500 3852 4488 0.02391
600 4796 5576 0.029674
700 5723 6676 0.035439
800 6707 7776 0.041385
900 7681 8876 0.047318
1000 8692 9976 0.053556
1100 9718 11152 0.059739
1200 10742 12352 0.066278
1300 11838 13552 0.07292
1400 12890 14752 0.07932
1500 13969 15952 0.085909
1600 14978 17152 0.092251
1700 16148 18352 0.099044
1800 17181 19552 0.105183
1900 18332 20752 0.111963
2000 19408 21952 0.118142
100 542 672 0.003477
200 1282 1544 0.008144
300 2101 2488 0.013141
400 2962 3488 0.018498
500 3835 4488 0.023757
600 4799 5576 0.029611
700 5719 6676 0.035659
800 6725 7776 0.041503
900 7688 8876 0.047495
1000 8705 9976 0.053362
1100 9762 11152 0.059791
1200 10763 12352 0.066186
1300 11803 13552 0.072568
1400 12929 14752 0.079296
1500 13959 15952 0.085784
1600 15016 17152 0.092038
1700 16142 18352 0.098851
1800 17217 19552 0.105303
1900 18306 20752 0.111885
2000 19451 21952 0.118535
100 548 672 0.003496
200 1283 1544 0.008099
300 2097 2488 0.013152
400 2973 3488 0.018519
500 3857 4488 0.023894
600 4794 5576 0.029507
700 5742 6676 0.03556
800 6736 7776 0.041581
900 7724 8876 0.047468
1000 8701 9976 0.053563
1100 9730 11152 0.05971
1200 10763 12352 0.066319
1300 11807 13552 0.072608
1400 12895 14752 0.079276
1500 13972 15952 0.085998
1600 15017 17152 0.092309
1700 16126 18352 0.098824
1800 17160 19552 0.105159
1900 18299 20752 0.111793
2000 19378 21952 0.118543
100 551 672 0.003501
200 1290 1544 0.008127
300 2100 2488 0.013206
400 2944 3488 0.01842
500 3857 4488 0.023797
600 4803 5576 0.029806
700 5752 6676 0.03569
800 6715 7776 0.041434
900 7714 8876 0.047481
1000 8716 9976 0.053533
1100 9736 11152 0.05988
1200 10791 12352 0.066399
1300 11808 13552 0.072717
1400 12912 14752 0.079276
1500 13957 15952 0.08562
1600 15029 17152 0.092163
1700 16121 18352 0.098803
1800 17231 19552 0.105334
1900 18319 20752 0.111886
2000 19396 21952 0.118554
100 550 672 0.003517
200 1276 1544 0.008113
300 2109 2488 0.013215
400 2978 3488 0.018548
500 3858 4488 0.023912
600 4790 5576 0.029668
700 5752 6676 0.0356
800 6756 7776 0.041674
900 7688 8876 0.047523
1000 8716 9976 0.053597
1100 9739 11152 0.059913
1200 10760 12352 0.066306
1300 11835 13552 0.072737
1400 12946 14752 0.079401
1500 13998 15952 0.085698
1600 14998 17152 0.092194
1700 16107 18352 0.098646
1800 17218 19552 0.105391
1900 18356 20752 0.112117
2000 19337 21952 0.118366
100 550 672 0.0035
200 1281 1544 0.008028
300 2097 2488 0.01317
400 2963 3488 0.018433
500 3877 4488 0.023868
600 4798 5576 0.029699
700 5732 6676 0.035515
800 6719 7776 0.041485
900 7728 8876 0.047556
1000 8696 9976 0.053463
1100 9744 11152 0.059756
1200 10762 12352 0.066128
1300 11811 13552 0.072714
1400 12991 14752 0.079459
1500 13985 15952 0.08575
1600 15042 17152 0.092184
1700 16112 18352 0.098839
1800 17255 19552 0.105597
1900 18340 20752 0.112222
2000 19395 21952 0.118683
100 548 672 0.003527
200 1277 1544 0.008064
300 2100 2488 0.013169
400 2974 3488 0.01853
500 3854 4488 0.02389
600 4754 5576 0.029535
700 5712 6676 0.035473
800 6731 7776 0.041653
900 7702 8876 0.047585
1000 8697 9976 0.053314
1100 9743 11152 0.060212
1200 10773 12352 0.066292
1300 11823 13552 0.072745
1400 12894 14752 0.079156
1500 13949 15952 0.085808
1600 15046 17152 0.092311
1700 16145 18352 0.099093
1800 17209 19552 0.105367
1900 18316 20752 0.111863
2000 19409 21952 0.118831
100 550 672 0.003533
200 1283 1544 0.008065
300 2111 2488 0.013237
400 2966 3488 0.018565
500 3845 4488 0.023924
600 4782 5576 0.02955
700 5744 6676 0.035498
800 6705 7776 0.041423
900 7728 8876 0.04753
1000 8728 9976 0.053468
1100 9720 11152 0.05975
1200 10758 12352 0.066348
1300 11819 13552 0.072476
1400 12919 14752 0.079343
1500 13984 15952 0.085954
1600 15021 17152 0.092337
1700 16147 18352 0.099053
1800 17203 19552 0.105706
1900 18331 20752 0.112081
2000 19361 21952 0.118757
100 556 672 0.003527
200 1264 1544 0.00805
300 2106 2488 0.013143
400 2943 3488 0.018533
500 3871 4488 0.02391
600 4786 5576 0.029689
700 5766 6676 0.035574
800 6687 7776 0.041347
900 7726 8876 0.047652
1000 8723 9976 0.05366
1100 9720 11152 0.059741
1200 10834 12352 0.066544
1300 11838 13552 0.072932
1400 12845 14752 0.079169
1500 14018 15952 0.08588
1600 15038 17152 0.092146
1700 16107 18352 0.098882
1800 17205 19552 0.105295
1900 18300 20752 0.111927
2000 19383 21952 0.118544
100 536 672 0.003462
200 1275 1544 0.008034
300 2107 2488 0.013221
400 2978 3488 0.018504
500 3853 4488 0.023875
600 4778 5576 0.029701
700 5776 6676 0.035595
800 6707 7776 0.041377
900 7725 8876 0.047677
1000 8710 9976 0.053492
1100 9758 11152 0.059943
1200 10780 12352 0.066296
1300 11831 13552 0.072754
1400 12885 14752 0.079207
1500 13973 15952 0.085882
1600 15038 17152 0.092447
1700 16142 18352 0.098701
1800 17222 19552 0.105362
1900 18300 20752 0.112011
2000 19397 21952 0.118597
100 541 672 0.003457
200 1283 1544 0.008056
300 2095 2488 0.013162
400 2959 3488 0.018487
500 3863 4488 0.023892
600 4792 5576 0.029623
700 5750 6676 0.03558
800 6748 7776 0.041415
900 7675 8876 0.04741
1000 8694 9976 0.053379
1100 9745 11152 0.059944
1200 10780 12352 0.066319
1300 11847 13552 0.072461
1400 12857 14752 0.079023
1500 13975 15952 0.085963
1600 15041 17152 0.092416
1700 16140 18352 0.098802
1800 17196 19552 0.105397
1900 18354 20752 0.112428
2000 19410 21952 0.118558
100 547 672 0.003491
200 1290 1544 0.008136
300 2105 2488 0.013184
400 2966 3488 0.018494
500 3824 4488 0.023786
600 4795 5576 0.029688
700 5766 6676 0.035672
800 6736 7776 0.041428
900 7733 8876 0.047598
1000 8722 9976 0.053506
1100 9743 11152 0.059782
1200 10766 12352 0.066234
1300 11851 13552 0.072676
1400 12909 14752 0.079437
1500 13987 15952 0.085861
1600 15051 17152 0.092411
1700 16140 18352 0.0987
1800 17265 19552 0.105561
1900 18297 20752 0.111939
2000 19399 21952 0.118377
100 538 672 0.003488
200 1273 1544 0.00814
300 2085 2488 0.013219
400 2949 3488 0.018491
500 3857 4488 0.023869
600 4775 5576 0.02963
700 5750 6676 0.035647
800 6742 7776 0.041592
900 7710 8876 0.047536
1000 8704 9976 0.053533
1100 9753 11152 0.059908
1200 10758 12352 0.066129
1300 11820 13552 0.072634
1400 12878 14752 0.079215
1500 13935 15952 0.085606
1600 15029 17152 0.092444
1700 16144 18352 0.09892
1800 17171 19552 0.105414
1900 18339 20752 0.112191
2000 19404 21952 0.118501
100 536 672 0.003474
200 1286 1544 0.008137
300 2095 2488 0.013158
400 2972 3488 0.018397
500 3824 4488 0.02382
600 4785 5576 0.029615
700 5758 6676 0.035707
800 6706 7776 0.041688
900 7684 8876 0.047463
1000 8735 9976 0.053569
1100 9741 11152 0.05983
1200 10780 12352 0.066291
1300 11817 13552 0.072689
1400 12946 14752 0.079326
1500 13965 15952 0.085694
1600 14999 17152 0.092154
1700 16140 18352 0.099032
1800 17181 19552 0.105487
1900 18290 20752 0.111901
2000 19420 21952 0.118619
100 530 672 0.003442
200 1281 1544 0.008108
300 2090 2488 0.013117
400 2970 3488 0.018476
500 3855 4488 0.023884
600 4808 5576 0.029722
700 5750 6676 0.035538
800 6729 7776 0.041453
900 7680 8876 0.047412
1000 8709 9976 0.053558
1100 9726 11152 0.059725
1200 10774 12352 0.066235
1300 11854 13552 0.072718
1400 12914 14752 0.079331
1500 13991 15952 0.085676
1600 15045 17152 0.092147
1700 16139 18352 0.098715
1800 17212 19552 0.10548
1900 18285 20752 0.111908
2000 19438 21952 0.11866
100 534 672 0.003452
200 1287 1544 0.008105
300 2106 2488 0.013156
400 2972 3488 0.018478
500 3858 4488 0.024089
600 4787 5576 0.029658
700 5744 6676 0.035488
800 6736 7776 0.041531
900 7732 8876 0.047597
1000 8723 9976 0.053494
1100 9720 11152 0.059635
1200 10755 12352 0.066164
1300 11867 13552 0.072507
1400 12914 14752 0.07905
1500 13994 15952 0.08573
1600 14983 17152 0.092244
1700 16154 18352 0.098894
1800 17224 19552 0.105255
1900 18339 20752 0.111935
2000 19439 21952 0.118399
100 538 672 0.003476
200 1292 1544 0.00806
300 2090 2488 0.013055
400 2938 3488 0.018452
500 3856 4488 0.023972
600 4804 5576 0.029768
700 5756 6676 0.035501
800 6725 7776 0.041541
900 7705 8876 0.047442
1000 8727 9976 0.053504
1100 9709 11152 0.05973
1200 10769 12352 0.066261
1300 11820 13552 0.072615
1400 12884 14752 0.079365
1500 13989 15952 0.085979
1600 15064 17152 0.092593
1700 16123 18352 0.099254
1800 17173 19552 0.105567
1900 18307 20752 0.112112
2000 19426 21952 0.118868
100 546 672 0.003537
200 1288 1544 0.008126
300 2113 2488 0.013196
400 2964 3488 0.018563
500 3851 4488 0.023929
600 4781 5576 0.029671
700 5735 6676 0.03565
800 6734 7776 0.041466
900 7707 8876 0.047524
1000 8684 9976 0.053527
1100 9733 11152 0.060065
1200 10773 12352 0.066294
1300 11839 13552 0.072856
1400 12873 14752 0.079317
1500 13965 15952 0.085631
1600 15044 17152 0.092419
1700 16173 18352 0.099131
1800 17217 19552 0.105581
1900 18313 20752 0.111894
2000 19412 21952 0.118843
100 550 672 0.003487
200 1264 1544 0.008136
300 2098 2488 0.013273
400 2955 3488 0.018561
500 3867 4488 0.024024
600 4815 5576 0.029892
700 5746 6676 0.035715
800 6700 7776 0.041637
900 7736 8876 0.04781
1000 8729 9976 0.053931
1100 9749 11152 0.060244
1200 10802 12352 0.066528
1300 11808 13552 0.07293
1400 12918 14752 0.079751
1500 13965 15952 0.085818
1600 15024 17152 0.092394
1700 16155 18352 0.099165
1800 17223 19552 0.105436
1900 18310 20752 0.112095
2000 19445 21952 0.118839
100 547 672 0.003506
200 1273 1544 0.008091
300 2105 2488 0.013277
400 2963 3488 0.018541
500 3856 4488 0.023988
600 4797 5576 0.029845
700 5773 6676 0.035772
800 6725 7776 0.042036
900 7716 8876 0.047526
1000 8715 9976 0.053493
1100 9751 11152 0.059627
1200 10795 12352 0.066074
1300 11823 13552 0.072568
1400 12865 14752 0.079174
1500 13974 15952 0.086056
1600 15060 17152 0.092482
1700 16128 18352 0.098913
1800 17205 19552 0.105333
1900 18313 20752 0.111662
2000 19432 21952 0.118723
100 534 672 0.003486
200 1297 1544 0.008184
300 2099 2488 0.013169
400 2967 3488 0.018448
500 3846 4488 0.023929
600 4766 5576 0.029729
700 5759 6676 0.035446
800 6718 7776 0.041414
900 7710 8876 0.047459
1000 8724 9976 0.053508
1100 9734 11152 0.059713
1200 10789 12352 0.066075
1300 11820 13552 0.072518
1400 12913 14752 0.079137
1500 13948 15952 0.085597
1600 15009 17152 0.092116
1700 16117 18352 0.098723
1800 17209 19552 0.105878
1900 18303 20752 0.111693
2000 19429 21952 0.118293
100 545 672 0.003506
200 1287 1544 0.008129
300 2131 2488 0.01308
400 2958 3488 0.018443
500 3846 4488 0.02389
600 4802 5576 0.029768
700 5765 6676 0.035461
800 6722 7776 0.041396
900 7718 8876 0.047613
1000 8726 9976 0.053372
1100 9745 11152 0.059985
1200 10778 12352 0.066094
1300 11803 13552 0.072344
1400 12878 14752 0.079122
1500 13977 15952 0.085739
1600 15022 17152 0.092166
1700 16113 18352 0.098968
1800 17206 19552 0.105126
1900 18321 20752 0.112025
2000 19419 21952 0.1185
100 548 672 0.003511
200 1298 1544 0.00819
300 2109 2488 0.013184
400 2950 3488 0.018499
500 3880 4488 0.024035
600 4788 5576 0.029619
700 5726 6676 0.035395
800 6732 7776 0.041527
900 7711 8876 0.047369
1000 8712 9976 0.053505
1100 9767 11152 0.060019
1200 10789 12352 0.066377
1300 11822 13552 0.072588
1400 12906 14752 0.079252
1500 13961 15952 0.085817
1600 15007 17152 0.092085
1700 16097 18352 0.098442
1800 17206 19552 0.105296
1900 18311 20752 0.112007
2000 19437 21952 0.118802
100 551 672 0.003491
200 1281 1544 0.008111
300 2109 2488 0.013203
400 2967 3488 0.018523
500 3862 4488 0.023969
600 4794 5576 0.029674
700 5758 6676 0.035483
800 6738 7776 0.041537
900 7710 8876 0.047481
1000 8727 9976 0.053341
1100 9706 11152 0.059702
1200 10813 12352 0.06618
1300 11850 13552 0.072594
1400 12902 14752 0.079018
1500 13971 15952 0.085733
1600 15022 17152 0.09215
1700 16092 18352 0.098417
1800 17232 19552 0.105393
1900 18351 20752 0.11197
2000 19412 21952 0.11847
100 540 672 0.003471
200 1295 1544 0.008104
300 2110 2488 0.013116
400 2965 3488 0.018384
500 3856 4488 0.023962
600 4810 5576 0.0297
700 5755 6676 0.035662
800 6755 7776 0.041261
900 7690 8876 0.047287
1000 8684 9976 0.053282
1100 9739 11152 0.059759
1200 10778 12352 0.066046
1300 11845 13552 0.072587
1400 12873 14752 0.079142
1500 13995 15952 0.085582
1600 15023 17152 0.092118
1700 16149 18352 0.098775
1800 17264 19552 0.105519
1900 18338 20752 0.111919
2000 19410 21952 0.118317
100 537 672 0.00349
200 1279 1544 0.008154
300 2089 2488 0.0131
400 2983 3488 0.018537
500 3856 4488 0.023952
600 4790 5576 0.029669
700 5769 6676 0.035633
800 6737 7776 0.041521
900 7709 8876 0.047349
1000 8727 9976 0.053208
1100 9767 11152 0.059787
1200 10776 12352 0.066063
1300 11823 13552 0.072552
1400 12931 14752 0.079274
1500 13991 15952 0.08563
1600 15028 17152 0.092315
1700 16125 18352 0.098637
1800 17239 19552 0.105328
1900 18281 20752 0.111963
2000 19418 21952 0.118677
100 545 672 0.003479
200 1267 1544 0.008017
300 2098 2488 0.013111
400 2969 3488 0.018417
500 3867 4488 0.023963
600 4781 5576 0.029713
700 5738 6676 0.035626
800 6711 7776 0.041441
900 7717 8876 0.047522
1000 8710 9976 0.053313
1100 9759 11152 0.059847
1200 10769 12352 0.066213
1300 11826 13552 0.072727
1400 12923 14752 0.07914
1500 13993 15952 0.085785
1600 15057 17152 0.092341
1700 16139 18352 0.099026
1800 17237 19552 0.105514
1900 18352 20752 0.112192
2000 19400 21952 0.118322
100 550 672 0.003519
200 1295 1544 0.008101
300 2100 2488 0.013162
400 2968 3488 0.018457
500 3859 4488 0.023929
600 4808 5576 0.029731
700 5786 6676 0.035645
800 6726 7776 0.041392
900 7701 8876 0.047407
1000 8651 9976 0.053337
1100 9749 11152 0.059898
1200 10791 12352 0.066217
1300 11765 13552 0.072512
1400 12884 14752 0.079318
1500 13981 15952 0.085698
1600 15062 17152 0.0923
1700 16109 18352 0.098915
1800 17236 19552 0.10511
1900 18310 20752 0.111765
2000 19403 21952 0.118123
100 539 672 0.00347
200 1291 1544 0.008138
300 2093 2488 0.013107
400 2954 3488 0.018371
500 3842 4488 0.023974
600 4779 5576 0.029611
700 5769 6676 0.035578
800 6739 7776 0.0415
900 7700 8876 0.047546
1000 8703 9976 0.053623
1100 9746 11152 0.059815
1200 10826 12352 0.066422
1300 11862 13552 0.072825
1400 12896 14752 0.079115
1500 13965 15952 0.085706
1600 15029 17152 0.092115
1700 16096 18352 0.098568
1800 17198 19552 0.105167
1900 18349 20752 0.112351
2000 19351 21952 0.118339
