100 549 672 0.003707
200 1289 1544 0.008465
300 2095 2488 0.013437
400 2968 3488 0.018872
500 3831 4488 0.0244
600 4804 5576 0.030399
700 5721 6676 0.036491
800 6714 7776 0.042273
900 7723 8876 0.048281
1000 8698 9976 0.054667
1100 9736 11152 0.061063
1200 10779 12352 0.068882
1300 11856 13552 0.075467
1400 12928 14752 0.080735
1500 13950 15952 0.087638
1600 15033 17152 0.095552
1700 16097 18352 0.101427
1800 17246 19552 0.107035
1900 18326 20752 0.113375
2000 19431 21952 0.120956
2100 20563 23204 0.127541
2200 21692 24504 0.134781
2300 22835 25804 0.141661
2400 23959 27104 0.149146
2500 25145 28404 0.156601
2600 26208 29704 0.162503
2700 27442 31004 0.169533
2800 28626 32304 0.177011
2900 29764 33604 0.183651
3000 30892 34904 0.191334
3100 32125 36204 0.198325
3200 33258 37504 0.205533
3300 34482 38804 0.212968
3400 35666 40104 0.219859
3500 36845 41404 0.228413
3600 38060 42704 0.234177
3700 39211 44004 0.24105
3800 40449 45304 0.248474
3900 41618 46604 0.256214
4000 42822 47904 0.262888
4100 44065 49208 0.270694
4200 45270 50608 0.279659
4300 46470 52008 0.286907
4400 47717 53408 0.294407
4500 48984 54808 0.301859
4600 50212 56208 0.309492
4700 51451 57608 0.316607
4800 52780 59008 0.3252
4900 54019 60408 0.333141
5000 55211 61808 0.341465
5100 56438 63208 0.348959
5200 57760 64608 0.359225
5300 58942 66008 0.364995
5400 60209 67408 0.371042
5500 61608 68808 0.381439
5600 62779 70208 0.386993
5700 64031 71608 0.394053
5800 65278 73008 0.401073
5900 66609 74408 0.409107
6000 67826 75808 0.41837
6100 69151 77208 0.423909
6200 70372 78608 0.43233
6300 71737 80008 0.440313
6400 72982 81408 0.449678
6500 74258 82808 0.458112
6600 75507 84208 0.46338
6700 76888 85608 0.471292
6800 78100 87008 0.479093
6900 79368 88408 0.487666
7000 80697 89808 0.496343
7100 81960 91208 0.50414
7200 83234 92608 0.511133
7300 84526 94008 0.519802
7400 85839 95408 0.525242
7500 87178 96808 0.534006
7600 88408 98208 0.542171
7700 89786 99608 0.549831
7800 91013 101008 0.55832
7900 92290 102408 0.568491
8000 93652 103808 0.577254
8100 94972 105208 0.581315
8200 96303 106616 0.589557
8300 97566 108116 0.59943
8400 98858 109616 0.605295
8500 100261 111116 0.61382
8600 101681 112616 0.623613
8700 102869 114116 0.629435
8800 104307 115616 0.63816
8900 105741 117116 0.646514
9000 107006 118616 0.655607
9100 108386 120116 0.662859
9200 109682 121616 0.673215
9300 111042 123116 0.679491
9400 112363 124616 0.688862
9500 113657 126116 0.698977
9600 114946 127616 0.705884
9700 116379 129116 0.715197
9800 117753 130616 0.722417
9900 119129 132116 0.728919
10000 120404 133616 0.738393
100 538 672 0.003574
200 1289 1544 0.008223
300 2107 2488 0.013424
400 2952 3488 0.018789
500 3840 4488 0.024474
600 4779 5576 0.030255
700 5753 6676 0.036232
800 6729 7776 0.042347
900 7694 8876 0.048373
1000 8710 9976 0.05453
1100 9724 11152 0.061015
1200 10772 12352 0.067228
1300 11821 13552 0.074237
1400 12898 14752 0.080907
1500 13954 15952 0.086976
1600 15051 17152 0.093821
1700 16114 18352 0.100816
1800 17226 19552 0.107385
1900 18316 20752 0.114092
2000 19424 21952 0.120061
2100 20565 23204 0.12694
2200 21683 24504 0.134976
2300 22809 25804 0.141604
2400 23998 27104 0.148344
2500 25117 28404 0.155377
2600 26260 29704 0.163077
2700 27418 31004 0.169214
2800 28554 32304 0.17731
2900 29721 33604 0.184511
3000 30895 34904 0.191419
3100 32083 36204 0.197795
3200 33241 37504 0.206497
3300 34451 38804 0.212717
3400 35621 40104 0.220198
3500 36835 41404 0.226842
3600 38048 42704 0.23399
3700 39231 44004 0.241826
3800 40388 45304 0.251329
3900 41686 46604 0.257215
4000 42875 47904 0.26464
4100 44040 49208 0.272661
4200 45257 50608 0.278845
4300 46518 52008 0.286954
4400 47770 53408 0.29444
4500 48956 54808 0.303452
4600 50228 56208 0.309965
4700 51514 57608 0.316866
4800 52763 59008 0.325616
4900 53958 60408 0.332218
5000 55185 61808 0.341476
5100 56411 63208 0.349088
5200 57741 64608 0.357518
5300 58905 66008 0.362693
5400 60259 67408 0.371136
5500 61556 68808 0.379467
5600 62767 70208 0.388106
5700 64023 71608 0.396035
5800 65371 73008 0.403558
5900 66593 74408 0.40913
6000 67794 75808 0.417426
6100 69098 77208 0.425699
6200 70430 78608 0.434045
6300 71741 80008 0.441154
6400 72919 81408 0.447504
6500 74160 82808 0.456587
6600 75527 84208 0.465157
6700 76799 85608 0.47151
6800 78155 87008 0.480422
6900 79422 88408 0.487239
7000 80647 89808 0.497113
7100 81931 91208 0.507603
7200 83205 92608 0.511121
7300 84589 94008 0.521402
7400 85887 95408 0.529235
7500 87038 96808 0.534064
7600 88508 98208 0.542748
7700 89686 99608 0.550694
7800 91086 101008 0.557748
7900 92375 102408 0.564911
8000 93587 103808 0.573602
8100 94909 105208 0.580511
8200 96252 106616 0.589704
8300 97687 108116 0.600236
8400 98906 109616 0.60717
8500 100334 111116 0.617181
8600 101617 112616 0.625252
8700 102928 114116 0.634036
8800 104343 115616 0.641044
8900 105704 117116 0.648367
9000 106987 118616 0.659479
9100 108263 120116 0.663968
9200 109682 121616 0.673283
9300 110971 123116 0.683708
9400 112354 124616 0.694611
9500 113607 126116 0.698557
9600 115037 127616 0.706641
9700 116449 129116 0.71601
9800 117700 130616 0.723779
9900 119086 132116 0.73237
10000 120448 133616 0.739573
100 556 672 0.003569
200 1290 1544 0.008308
300 2115 2488 0.013264
400 2965 3488 0.018738
500 3866 4488 0.024322
600 4802 5576 0.030554
700 5752 6676 0.0367
800 6749 7776 0.042618
900 7672 8876 0.048646
1000 8699 9976 0.054474
1100 9744 11152 0.061268
1200 10775 12352 0.067763
1300 11823 13552 0.074434
1400 12868 14752 0.081001
1500 13962 15952 0.087751
1600 15034 17152 0.09447
1700 16143 18352 0.100582
1800 17246 19552 0.107205
1900 18299 20752 0.114149
2000 19367 21952 0.120735
2100 20579 23204 0.127329
2200 21663 24504 0.134868
2300 22798 25804 0.141468
2400 23962 27104 0.148891
2500 25089 28404 0.155542
2600 26299 29704 0.163229
2700 27487 31004 0.170444
2800 28638 32304 0.17828
2900 29719 33604 0.185527
3000 30900 34904 0.191786
3100 32090 36204 0.199626
3200 33281 37504 0.206949
3300 34413 38804 0.214087
3400 35669 40104 0.221001
3500 36893 41404 0.227746
3600 38056 42704 0.235262
3700 39258 44004 0.243754
3800 40491 45304 0.251197
3900 41600 46604 0.257514
4000 42793 47904 0.265953
4100 43960 49208 0.271884
4200 45240 50608 0.278742
4300 46557 52008 0.288404
4400 47703 53408 0.29371
4500 49024 54808 0.302322
4600 50259 56208 0.309449
4700 51525 57608 0.31897
4800 52640 59008 0.324694
4900 53987 60408 0.333036
5000 55199 61808 0.340899
5100 56474 63208 0.348672
5200 57756 64608 0.356678
5300 59007 66008 0.364888
5400 60209 67408 0.371961
5500 61501 68808 0.379936
5600 62770 70208 0.386097
5700 63962 71608 0.396634
5800 65304 73008 0.407063
5900 66570 74408 0.410431
6000 67871 75808 0.419599
6100 69107 77208 0.42496
6200 70431 78608 0.433754
6300 71680 80008 0.442066
6400 73007 81408 0.449338
6500 74207 82808 0.456579
6600 75510 84208 0.465954
6700 76777 85608 0.472654
6800 78088 87008 0.483992
6900 79362 88408 0.488311
7000 80638 89808 0.496776
7100 81938 91208 0.503167
7200 83287 92608 0.510099
7300 84557 94008 0.519207
7400 85898 95408 0.526553
7500 87209 96808 0.534695
7600 88481 98208 0.542044
7700 89767 99608 0.548959
7800 90969 101008 0.558101
7900 92317 102408 0.567604
8000 93655 103808 0.574074
8100 94830 105208 0.581761
8200 96282 106616 0.590225
8300 97660 108116 0.602492
8400 98911 109616 0.610302
8500 100193 111116 0.613554
8600 101626 112616 0.623553
8700 102918 114116 0.629664
8800 104319 115616 0.639353
8900 105641 117116 0.648599
9000 106970 118616 0.655621
9100 108271 120116 0.663244
9200 109667 121616 0.672441
9300 111035 123116 0.679999
9400 112404 124616 0.689411
9500 113772 126116 0.697168
9600 115068 127616 0.70367
9700 116486 129116 0.714876
9800 117848 130616 0.721735
9900 119030 132116 0.728336
10000 120470 133616 0.738778
100 547 672 0.003569
200 1272 1544 0.008078
300 2099 2488 0.013445
400 2958 3488 0.018784
500 3865 4488 0.024325
600 4788 5576 0.029987
700 5757 6676 0.036356
800 6737 7776 0.042096
900 7696 8876 0.048177
1000 8705 9976 0.054167
1100 9739 11152 0.061352
1200 10802 12352 0.067203
1300 11835 13552 0.073701
1400 12890 14752 0.080421
1500 14016 15952 0.087094
1600 15020 17152 0.093349
1700 16150 18352 0.100307
1800 17185 19552 0.106562
1900 18310 20752 0.113541
2000 19394 21952 0.12046
2100 20513 23204 0.12676
2200 21668 24504 0.134277
2300 22846 25804 0.141335
2400 23976 27104 0.149773
2500 25097 28404 0.155484
2600 26335 29704 0.162952
2700 27434 31004 0.16996
2800 28590 32304 0.17706
2900 29703 33604 0.184363
3000 30971 34904 0.191078
3100 32095 36204 0.198405
3200 33264 37504 0.205784
3300 34443 38804 0.21354
3400 35611 40104 0.220514
3500 36823 41404 0.228701
3600 38014 42704 0.234815
3700 39202 44004 0.242552
3800 40431 45304 0.248911
3900 41576 46604 0.258257
4000 42851 47904 0.263471
4100 44070 49208 0.271027
4200 45320 50608 0.280119
4300 46574 52008 0.288038
4400 47759 53408 0.294973
4500 48966 54808 0.303398
4600 50198 56208 0.309541
4700 51451 57608 0.316267
4800 52726 59008 0.325039
4900 53984 60408 0.33378
5000 55198 61808 0.340966
5100 56436 63208 0.349187
5200 57720 64608 0.355792
5300 58903 66008 0.364288
5400 60330 67408 0.371801
5500 61539 68808 0.379098
5600 62874 70208 0.386807
5700 64119 71608 0.39459
5800 65248 73008 0.403268
5900 66585 74408 0.410757
6000 67749 75808 0.417703
6100 69117 77208 0.424396
6200 70429 78608 0.433413
6300 71705 80008 0.442356
6400 72930 81408 0.450348
6500 74291 82808 0.45693
6600 75513 84208 0.463845
6700 76782 85608 0.47151
6800 78135 87008 0.479322
6900 79343 88408 0.488835
7000 80561 89808 0.496463
7100 81904 91208 0.503292
7200 83195 92608 0.512683
7300 84543 94008 0.518458
7400 85839 95408 0.526838
7500 87145 96808 0.535506
7600 88334 98208 0.543144
7700 89677 99608 0.550425
7800 91061 101008 0.558773
7900 92390 102408 0.566249
8000 93647 103808 0.574853
8100 94934 105208 0.581882
8200 96313 106616 0.590224
8300 97660 108116 0.5995
8400 98978 109616 0.606975
8500 100282 111116 0.614462
8600 101546 112616 0.623224
8700 102917 114116 0.632292
8800 104252 115616 0.637665
8900 105769 117116 0.647633
9000 106980 118616 0.656175
9100 108320 120116 0.664451
9200 109608 121616 0.672508
9300 111028 123116 0.680232
9400 112311 124616 0.689642
9500 113741 126116 0.696839
9600 115156 127616 0.707648
9700 116403 129116 0.715494
9800 117650 130616 0.722066
9900 119182 132116 0.731177
10000 120518 133616 0.738772
100 539 672 0.003565
200 1289 1544 0.008248
300 2093 2488 0.013283
400 2963 3488 0.018866
500 3828 4488 0.024441
600 4784 5576 0.029853
700 5736 6676 0.036223
800 6704 7776 0.04206
900 7720 8876 0.047993
1000 8722 9976 0.054446
1100 9733 11152 0.061162
1200 10801 12352 0.067042
1300 11850 13552 0.073702
1400 12896 14752 0.079735
1500 13942 15952 0.08731
1600 15066 17152 0.093732
1700 16138 18352 0.100441
1800 17241 19552 0.107123
1900 18303 20752 0.113425
2000 19438 21952 0.120756
2100 20555 23204 0.127007
2200 21635 24504 0.134541
2300 22822 25804 0.141396
2400 23924 27104 0.148725
2500 25156 28404 0.155422
2600 26279 29704 0.162892
2700 27417 31004 0.169815
2800 28563 32304 0.17793
2900 29776 33604 0.183928
3000 30901 34904 0.191299
3100 32024 36204 0.198795
3200 33299 37504 0.206375
3300 34437 38804 0.213055
3400 35691 40104 0.220227
3500 36850 41404 0.228139
3600 37997 42704 0.23522
3700 39213 44004 0.243242
3800 40405 45304 0.249711
3900 41633 46604 0.256662
4000 42874 47904 0.264
4100 44015 49208 0.274912
4200 45313 50608 0.278982
4300 46511 52008 0.286346
4400 47705 53408 0.295749
4500 49058 54808 0.302762
4600 50252 56208 0.309634
4700 51507 57608 0.317551
4800 52690 59008 0.32511
4900 53991 60408 0.332246
5000 55143 61808 0.339372
5100 56502 63208 0.347979
5200 57731 64608 0.356182
5300 58928 66008 0.362961
5400 60136 67408 0.370196
5500 61508 68808 0.378311
5600 62801 70208 0.385607
5700 64070 71608 0.395044
5800 65326 73008 0.402388
5900 66627 74408 0.40874
6000 67817 75808 0.417513
6100 69121 77208 0.42623
6200 70365 78608 0.433325
6300 71645 80008 0.441579
6400 72981 81408 0.449723
6500 74251 82808 0.45657
6600 75591 84208 0.465139
6700 76824 85608 0.473457
6800 78138 87008 0.478602
6900 79461 88408 0.486974
7000 80638 89808 0.49777
7100 81940 91208 0.501655
7200 83269 92608 0.508614
7300 84504 94008 0.517852
7400 85870 95408 0.52722
7500 87142 96808 0.53673
7600 88526 98208 0.543467
7700 89742 99608 0.551734
7800 90987 101008 0.557517
7900 92322 102408 0.564915
8000 93541 103808 0.574157
8100 94887 105208 0.582553
8200 96260 106616 0.592794
8300 97517 108116 0.59818
8400 98915 109616 0.610398
8500 100250 111116 0.617161
8600 101512 112616 0.622571
8700 103004 114116 0.634584
8800 104333 115616 0.640887
8900 105607 117116 0.647407
9000 106922 118616 0.657208
9100 108410 120116 0.664928
9200 109668 121616 0.671886
9300 110870 123116 0.680742
9400 112319 124616 0.689824
9500 113735 126116 0.698266
9600 114949 127616 0.706522
9700 116388 129116 0.714304
9800 117693 130616 0.720491
9900 118987 132116 0.729943
10000 120360 133616 0.739399
100 543 672 0.003543
200 1271 1544 0.008244
300 2099 2488 0.013261
400 2960 3488 0.01884
500 3873 4488 0.024647
600 4773 5576 0.03027
700 5727 6676 0.036531
800 6729 7776 0.04229
900 7718 8876 0.048263
1000 8665 9976 0.054127
1100 9719 11152 0.061349
1200 10798 12352 0.067319
1300 11786 13552 0.074293
1400 12888 14752 0.080609
1500 13968 15952 0.08691
1600 15022 17152 0.093996
1700 16084 18352 0.100566
1800 17222 19552 0.107977
1900 18332 20752 0.114029
2000 19408 21952 0.120822
2100 20548 23204 0.127535
2200 21675 24504 0.134538
2300 22768 25804 0.141746
2400 23944 27104 0.148488
2500 25076 28404 0.155611
2600 26283 29704 0.162671
2700 27460 31004 0.17019
2800 28556 32304 0.177106
2900 29751 33604 0.18426
3000 30903 34904 0.191311
3100 32111 36204 0.199949
3200 33261 37504 0.205856
3300 34522 38804 0.213506
3400 35659 40104 0.220287
3500 36838 41404 0.227446
3600 37961 42704 0.235465
3700 39288 44004 0.24228
3800 40458 45304 0.249807
3900 41594 46604 0.25718
4000 42899 47904 0.2641
4100 43951 49208 0.271205
4200 45248 50608 0.278573
4300 46585 52008 0.286315
4400 47760 53408 0.293635
4500 48939 54808 0.301706
4600 50233 56208 0.309549
4700 51539 57608 0.317804
4800 52693 59008 0.325301
4900 53989 60408 0.33548
5000 55222 61808 0.340044
5100 56463 63208 0.350074
5200 57646 64608 0.356555
5300 59015 66008 0.364718
5400 60264 67408 0.371729
5500 61498 68808 0.379454
5600 62821 70208 0.387722
5700 64073 71608 0.394442
5800 65280 73008 0.403314
5900 66604 74408 0.410867
6000 67792 75808 0.417363
6100 69022 77208 0.425576
6200 70384 78608 0.43535
6300 71597 80008 0.440602
6400 72912 81408 0.447029
6500 74179 82808 0.455869
6600 75524 84208 0.465774
6700 76861 85608 0.473803
6800 78094 87008 0.479267
6900 79361 88408 0.487141
7000 80636 89808 0.495042
7100 81969 91208 0.504347
7200 83326 92608 0.51141
7300 84573 94008 0.518193
7400 85919 95408 0.526952
7500 87218 96808 0.535299
7600 88533 98208 0.542443
7700 89666 99608 0.55069
7800 91118 101008 0.558623
7900 92278 102408 0.56593
8000 93715 103808 0.573448
8100 94895 105208 0.582322
8200 96325 106616 0.590583
8300 97652 108116 0.597192
8400 98989 109616 0.606076
8500 100236 111116 0.614628
8600 101550 112616 0.621908
8700 103097 114116 0.630392
8800 104314 115616 0.640553
8900 105646 117116 0.647566
9000 106979 118616 0.655983
9100 108288 120116 0.662653
9200 109759 121616 0.672237
9300 110932 123116 0.679536
9400 112367 124616 0.689225
9500 113760 126116 0.69657
9600 115116 127616 0.70556
9700 116515 129116 0.714882
9800 117751 130616 0.721469
9900 119181 132116 0.730252
10000 120434 133616 0.739119
100 539 672 0.003561
200 1285 1544 0.00826
300 2107 2488 0.013484
400 2944 3488 0.018763
500 3842 4488 0.024166
600 4810 5576 0.030507
700 5750 6676 0.036101
800 6731 7776 0.042346
900 7711 8876 0.04855
1000 8717 9976 0.054739
1100 9726 11152 0.061116
1200 10801 12352 0.068019
1300 11828 13552 0.074223
1400 12911 14752 0.081336
1500 13960 15952 0.0869
1600 15055 17152 0.094048
1700 16160 18352 0.101173
1800 17214 19552 0.108107
1900 18315 20752 0.114989
2000 19416 21952 0.121141
2100 20541 23204 0.127596
2200 21675 24504 0.135422
2300 22831 25804 0.142705
2400 24046 27104 0.14894
2500 25103 28404 0.156797
2600 26257 29704 0.164523
2700 27432 31004 0.171145
2800 28611 32304 0.177186
2900 29802 33604 0.184542
3000 30940 34904 0.191987
3100 32083 36204 0.199333
3200 33250 37504 0.206767
3300 34498 38804 0.213294
3400 35648 40104 0.220699
3500 36823 41404 0.227282
3600 38068 42704 0.235151
3700 39196 44004 0.242253
3800 40364 45304 0.249942
3900 41691 46604 0.25671
4000 42843 47904 0.264342
4100 44007 49208 0.272591
4200 45190 50608 0.280501
4300 46516 52008 0.286905
4400 47776 53408 0.294052
4500 48973 54808 0.301544
4600 50302 56208 0.310181
4700 51382 57608 0.316994
4800 52776 59008 0.325583
4900 53921 60408 0.334703
5000 55263 61808 0.341188
5100 56578 63208 0.347552
5200 57694 64608 0.359472
5300 59014 66008 0.365769
5400 60248 67408 0.377304
5500 61542 68808 0.383252
5600 62866 70208 0.392132
5700 64069 71608 0.394901
5800 65377 73008 0.402284
5900 66585 74408 0.409546
6000 67879 75808 0.41736
6100 69100 77208 0.42493
6200 70332 78608 0.432123
6300 71658 80008 0.440005
6400 72869 81408 0.44836
6500 74206 82808 0.459676
6600 75481 84208 0.463886
6700 76880 85608 0.478258
6800 78113 87008 0.483478
6900 79351 88408 0.490935
7000 80628 89808 0.496795
7100 81982 91208 0.502794
7200 83264 92608 0.510871
7300 84462 94008 0.51742
7400 85828 95408 0.525666
7500 87171 96808 0.533909
7600 88447 98208 0.543396
7700 89705 99608 0.550026
7800 91006 101008 0.557067
7900 92339 102408 0.566211
8000 93638 103808 0.574041
8100 94967 105208 0.580414
8200 96276 106616 0.589499
8300 97558 108116 0.598298
8400 98817 109616 0.605462
8500 100236 111116 0.614005
8600 101724 112616 0.622811
8700 102942 114116 0.631745
8800 104339 115616 0.639525
8900 105645 117116 0.648148
9000 106980 118616 0.657532
9100 108333 120116 0.663494
9200 109678 121616 0.672574
9300 111044 123116 0.680745
9400 112394 124616 0.688552
9500 113808 126116 0.69844
9600 115095 127616 0.70562
9700 116385 129116 0.715585
9800 117768 130616 0.72355
9900 119036 132116 0.731363
10000 120585 133616 0.739431
100 549 672 0.003626
200 1286 1544 0.00828
300 2095 2488 0.013433
400 2936 3488 0.018833
500 3855 4488 0.024325
600 4800 5576 0.030362
700 5771 6676 0.0364
800 6735 7776 0.042554
900 7743 8876 0.048889
1000 8737 9976 0.054402
1100 9738 11152 0.061199
1200 10794 12352 0.067396
1300 11842 13552 0.07405
1400 12904 14752 0.080327
1500 13965 15952 0.086886
1600 15078 17152 0.093612
1700 16134 18352 0.100452
1800 17232 19552 0.106983
1900 18276 20752 0.113015
2000 19432 21952 0.120683
2100 20524 23204 0.127609
2200 21685 24504 0.13488
2300 22828 25804 0.141581
2400 23980 27104 0.148292
2500 25132 28404 0.154991
2600 26273 29704 0.163336
2700 27384 31004 0.170532
2800 28571 32304 0.177184
2900 29779 33604 0.185537
3000 30933 34904 0.191006
3100 32068 36204 0.198754
3200 33308 37504 0.206079
3300 34496 38804 0.21284
3400 35645 40104 0.220474
3500 36762 41404 0.227455
3600 38067 42704 0.235897
3700 39235 44004 0.24141
3800 40427 45304 0.250203
3900 41696 46604 0.257648
4000 42752 47904 0.263619
4100 44054 49208 0.270745
4200 45295 50608 0.278143
4300 46558 52008 0.286347
4400 47747 53408 0.294493
4500 49014 54808 0.302731
4600 50221 56208 0.309603
4700 51471 57608 0.3173
4800 52743 59008 0.32547
4900 54024 60408 0.332999
5000 55202 61808 0.340574
5100 56445 63208 0.348497
5200 57673 64608 0.356658
5300 59046 66008 0.365499
5400 60305 67408 0.371024
5500 61553 68808 0.379889
5600 62814 70208 0.388367
5700 64018 71608 0.393869
5800 65393 73008 0.403505
5900 66586 74408 0.411616
6000 67894 75808 0.417966
6100 69107 77208 0.427951
6200 70393 78608 0.431461
6300 71545 80008 0.440241
6400 72921 81408 0.450414
6500 74192 82808 0.45704
6600 75583 84208 0.465416
6700 76832 85608 0.472215
6800 78022 87008 0.479559
6900 79367 88408 0.488509
7000 80723 89808 0.497744
7100 82003 91208 0.502325
7200 83292 92608 0.511976
7300 84644 94008 0.519995
7400 85834 95408 0.526896
7500 87176 96808 0.535318
7600 88447 98208 0.543413
7700 89809 99608 0.551438
7800 91172 101008 0.558545
7900 92244 102408 0.566507
8000 93735 103808 0.575041
8100 94866 105208 0.582383
8200 96282 106616 0.588694
8300 97537 108116 0.601865
8400 98828 109616 0.613011
8500 100183 111116 0.613437
8600 101613 112616 0.622375
8700 102955 114116 0.631641
8800 104348 115616 0.637625
8900 105615 117116 0.645746
9000 106989 118616 0.655977
9100 108374 120116 0.664411
9200 109635 121616 0.672137
9300 111036 123116 0.680618
9400 112362 124616 0.690587
9500 113689 126116 0.696795
9600 115074 127616 0.707373
9700 116403 129116 0.712468
9800 117761 130616 0.720818
9900 119072 132116 0.73173
10000 120491 133616 0.739487
100 546 672 0.003563
200 1294 1544 0.008243
300 2099 2488 0.013341
400 2950 3488 0.018731
500 3859 4488 0.024225
600 4790 5576 0.03002
700 5768 6676 0.036337
800 6712 7776 0.042159
900 7680 8876 0.048053
1000 8743 9976 0.054477
1100 9727 11152 0.060643
1200 10790 12352 0.067569
1300 11799 13552 0.07396
1400 12875 14752 0.080997
1500 13998 15952 0.088167
1600 15052 17152 0.093713
1700 16155 18352 0.100408
1800 17222 19552 0.107571
1900 18338 20752 0.113889
2000 19464 21952 0.120849
2100 20500 23204 0.127263
2200 21711 24504 0.134756
2300 22826 25804 0.143391
2400 23982 27104 0.149071
2500 25147 28404 0.155772
2600 26251 29704 0.163765
2700 27427 31004 0.169862
2800 28541 32304 0.176575
2900 29775 33604 0.185808
3000 30957 34904 0.19172
3100 32131 36204 0.199311
3200 33302 37504 0.205815
3300 34469 38804 0.21311
3400 35592 40104 0.222072
3500 36848 41404 0.228958
3600 38055 42704 0.23555
3700 39202 44004 0.24218
3800 40393 45304 0.250648
3900 41622 46604 0.256432
4000 42893 47904 0.264101
4100 44005 49208 0.270406
4200 45285 50608 0.278571
4300 46548 52008 0.28628
4400 47843 53408 0.295561
4500 49017 54808 0.303399
4600 50253 56208 0.31081
4700 51566 57608 0.317916
4800 52744 59008 0.325948
4900 53944 60408 0.333925
5000 55166 61808 0.340758
5100 56479 63208 0.349499
5200 57737 64608 0.357011
5300 58966 66008 0.363505
5400 60235 67408 0.37135
5500 61563 68808 0.379258
5600 62726 70208 0.388812
5700 64010 71608 0.395475
5800 65252 73008 0.402959
5900 66672 74408 0.41028
6000 67799 75808 0.417451
6100 69047 77208 0.42618
6200 70403 78608 0.433383
6300 71622 80008 0.439245
6400 72953 81408 0.447096
6500 74223 82808 0.45687
6600 75472 84208 0.46396
6700 76838 85608 0.471448
6800 78175 87008 0.483095
6900 79448 88408 0.488996
7000 80731 89808 0.497388
7100 81995 91208 0.501975
7200 83240 92608 0.5097
7300 84547 94008 0.517007
7400 85821 95408 0.526146
7500 87136 96808 0.532969
7600 88480 98208 0.541503
7700 89792 99608 0.552228
7800 91014 101008 0.559376
7900 92437 102408 0.567007
8000 93614 103808 0.57292
8100 94901 105208 0.581349
8200 96172 106616 0.588456
8300 97529 108116 0.597311
8400 98921 109616 0.606187
8500 100302 111116 0.612537
8600 101672 112616 0.621693
8700 102913 114116 0.631229
8800 104234 115616 0.639391
8900 105617 117116 0.647172
9000 106797 118616 0.655498
9100 108348 120116 0.665308
9200 109662 121616 0.673608
9300 111014 123116 0.680239
9400 112332 124616 0.693424
9500 113712 126116 0.697739
9600 114987 127616 0.704264
9700 116412 129116 0.713582
9800 117848 130616 0.723255
9900 119077 132116 0.73172
10000 120514 133616 0.738369
100 546 672 0.003572
200 1267 1544 0.008184
300 2104 2488 0.013265
400 2963 3488 0.019053
500 3845 4488 0.024424
600 4812 5576 0.030133
700 5757 6676 0.036272
800 6705 7776 0.042475
900 7713 8876 0.048528
1000 8695 9976 0.054584
1100 9710 11152 0.061029
1200 10780 12352 0.067654
1300 11869 13552 0.074198
1400 12860 14752 0.080576
1500 13944 15952 0.087227
1600 15033 17152 0.093947
1700 16132 18352 0.100712
1800 17209 19552 0.10758
1900 18353 20752 0.114463
2000 19443 21952 0.121005
2100 20533 23204 0.128116
2200 21678 24504 0.134783
2300 22791 25804 0.141446
2400 23974 27104 0.14841
2500 25127 28404 0.156389
2600 26296 29704 0.163146
2700 27437 31004 0.170251
2800 28596 32304 0.176971
2900 29731 33604 0.184399
3000 30941 34904 0.191053
3100 32054 36204 0.198633
3200 33249 37504 0.20675
3300 34467 38804 0.213264
3400 35644 40104 0.220166
3500 36793 41404 0.227116
3600 38067 42704 0.235073
3700 39207 44004 0.242142
3800 40418 45304 0.249031
3900 41612 46604 0.256417
4000 42788 47904 0.265106
4100 44021 49208 0.271705
4200 45219 50608 0.278817
4300 46470 52008 0.286001
4400 47790 53408 0.294411
4500 49032 54808 0.302048
4600 50238 56208 0.308417
4700 51457 57608 0.319235
4800 52734 59008 0.326467
4900 53959 60408 0.331421
5000 55261 61808 0.33964
5100 56384 63208 0.347717
5200 57715 64608 0.35432
5300 58934 66008 0.364302
5400 60209 67408 0.371255
5500 61493 68808 0.380446
5600 62779 70208 0.387552
5700 64062 71608 0.39359
5800 65264 73008 0.402729
5900 66618 74408 0.408984
6000 67898 75808 0.417212
6100 69127 77208 0.423697
6200 70282 78608 0.432355
6300 71717 80008 0.441585
6400 73018 81408 0.448443
6500 74330 82808 0.456493
6600 75447 84208 0.464771
6700 76781 85608 0.47216
6800 78089 87008 0.47943
6900 79402 88408 0.492925
7000 80752 89808 0.500979
7100 81999 91208 0.503122
7200 83271 92608 0.510242
7300 84525 94008 0.517793
7400 85883 95408 0.526368
7500 87170 96808 0.534746
7600 88521 98208 0.548859
7700 89857 99608 0.554575
7800 91011 101008 0.559047
7900 92266 102408 0.569446
8000 93588 103808 0.572214
8100 94948 105208 0.580219
8200 96148 106616 0.589231
8300 97630 108116 0.59715
8400 98955 109616 0.605752
8500 100278 111116 0.622059
8600 101560 112616 0.621619
8700 103032 114116 0.63568
8800 104224 115616 0.636872
8900 105575 117116 0.645765
9000 106903 118616 0.653082
9100 108306 120116 0.662413
9200 109743 121616 0.672523
9300 110930 123116 0.680198
9400 112405 124616 0.695312
9500 113625 126116 0.701812
9600 115074 127616 0.703007
9700 116470 129116 0.713354
9800 117749 130616 0.721128
9900 119061 132116 0.728769
10000 120428 133616 0.737642
