100 637 380 0.004372
200 1710 979 0.009275
300 2594 1365 0.011582
400 3568 2487 0.017707
500 5181 2964 0.023888
600 6331 4452 0.031635
700 7293 4643 0.034922
800 8216 4930 0.038382
900 9417 5567 0.043929
1000 11687 7058 0.054508
1100 12371 8115 0.059684
1200 12094 6724 0.054943
1300 15599 9425 0.073033
1400 15237 8655 0.069636
1500 18789 11019 0.087237
1600 20876 10705 0.092008
1700 19421 10689 0.088109
1800 21787 12351 0.099818
1900 24161 13349 0.109572
2000 25627 15254 0.119079
2100 23935 13407 0.109003
2200 26637 15506 0.122921
2300 30542 17578 0.140341
2400 29997 17226 0.138443
2500 32242 17884 0.14626
2600 35416 20409 0.163076
2700 32786 17340 0.146448
2800 35854 19927 0.162699
2900 35137 19632 0.159815
3000 39972 19748 0.174183
3100 40353 23952 0.187664
3200 41217 25208 0.194197
3300 46751 23369 0.20496
3400 47263 28541 0.22086
3500 46746 28151 0.217834
3600 50130 28747 0.23158
3700 50817 30047 0.23736
3800 47485 24943 0.211137
3900 50178 28537 0.229009
4000 55434 29077 0.245747
4100 57014 29869 0.254293
4200 55035 31992 0.254365
4300 61357 34762 0.279895
4400 59032 33736 0.270537
4500 61122 37089 0.285637
4600 61881 33058 0.276784
4700 66739 36622 0.301693
4800 66160 40868 0.312236
4900 63843 35198 0.288604
5000 73287 41745 0.335376
5100 70322 38768 0.317825
5200 76585 46558 0.358464
5300 75083 48015 0.358726
5400 81256 45165 0.369335
5500 83499 40116 0.361328
5600 82393 54910 0.401229
5700 85094 44228 0.377764
5800 80468 44568 0.364849
5900 89813 51015 0.410934
6000 86021 46866 0.388685
6100 84464 49951 0.391775
6200 85330 51704 0.399124
6300 91588 52528 0.421508
6400 87942 49111 0.400214
6500 92293 52275 0.422267
6600 103517 55406 0.462413
6700 101249 63363 0.479628
6800 101080 53495 0.451304
6900 100322 51408 0.443351
7000 108446 58700 0.487331
7100 104048 61126 0.48557
7200 115296 68195 0.534782
7300 107035 66270 0.505715
7400 113351 70333 0.535675
7500 122317 76511 0.580151
7600 113356 66890 0.52523
7700 122297 65037 0.546493
7800 116175 58421 0.509235
7900 117306 64296 0.529747
8000 123168 66554 0.553774
8100 126990 72944 0.583077
8200 131008 67588 0.580033
8300 128995 75970 0.596407
8400 143392 80020 0.651892
8500 125823 66090 0.559033
8600 120966 69131 0.554154
8700 135379 72331 0.605722
8800 129448 69263 0.578834
8900 132205 73570 0.599187
9000 134540 80701 0.628024
9100 132112 74085 0.601516
9200 143678 82603 0.658885
9300 134952 75326 0.613331
9400 147156 84323 0.675172
9500 152946 80730 0.682361
9600 150302 76634 0.661895
9700 145122 86421 0.677242
9800 158198 91012 0.725775
9900 152340 81919 0.682292
10000 151646 79662 0.67569
