100 592 395 0.003948
200 1478 966 0.007078
300 2254 1607 0.011306
400 3403 2083 0.016039
500 4457 3095 0.021737
600 5214 3543 0.025482
700 6374 3991 0.029959
800 7661 5115 0.037461
900 8646 5596 0.041397
1000 11523 5671 0.04983
1100 11442 7526 0.054647
1200 11892 8484 0.059007
1300 13343 7950 0.061501
1400 16203 10457 0.077186
1500 16878 10209 0.078213
1600 18072 10477 0.082514
1700 17538 11286 0.083868
1800 19563 12566 0.093044
1900 20449 14196 0.100202
2000 22592 13867 0.1057
100 617 483 0.003229
200 1544 970 0.007263
300 2479 1409 0.011254
400 3649 2089 0.016563
500 4257 3008 0.021041
600 5539 3527 0.026449
700 7090 4552 0.033706
800 7388 4933 0.035624
900 8680 5559 0.041304
1000 9502 6112 0.045299
1100 12846 7603 0.059227
1200 12978 7934 0.060707
1300 13385 8260 0.062966
1400 14204 9973 0.070087
1500 17354 9742 0.078366
1600 17018 10292 0.079227
1700 22679 12762 0.10283
1800 18883 13122 0.092633
1900 24207 14572 0.112122
2000 23121 13137 0.104661
100 549 417 0.002755
200 1610 933 0.007351
300 2328 1546 0.011245
400 3685 2093 0.016702
500 4345 2765 0.020546
600 5949 3835 0.028212
700 6986 4486 0.033151
800 7777 5105 0.037296
900 8925 6214 0.043783
1000 10190 6212 0.047407
1100 11637 7286 0.054874
1200 13405 8395 0.063035
1300 14789 9492 0.070205
1400 14586 9164 0.06852
1500 16695 10268 0.077902
1600 17784 10505 0.081782
1700 18453 11484 0.086582
1800 20746 12650 0.096447
1900 20592 14034 0.099983
2000 22927 14828 0.109086
100 578 433 0.002922
200 1375 1057 0.006915
300 2226 1624 0.011169
400 3682 2086 0.016743
500 4403 2894 0.021079
600 5324 3138 0.024493
700 6517 4370 0.031275
800 7657 5051 0.036601
900 9043 5918 0.043244
1000 9533 6107 0.045033
1100 11274 7286 0.05368
1200 12307 7994 0.058471
1300 13198 8824 0.063719
1400 14354 8613 0.066272
1500 16921 10661 0.079851
1600 18051 11645 0.085535
1700 18299 12094 0.087705
1800 18801 11785 0.088222
1900 21657 13932 0.10299
2000 22418 14876 0.107443
100 663 473 0.003382
200 1913 1032 0.008466
300 2451 1724 0.012126
400 3254 2163 0.015721
500 4222 2978 0.020778
600 6518 3663 0.029366
700 6822 3739 0.030472
800 8688 4724 0.038801
900 8640 5350 0.040352
1000 10250 6797 0.049319
1100 11062 7171 0.052764
1200 13677 7587 0.061288
1300 13855 9239 0.066899
1400 14997 8976 0.069267
1500 18276 9956 0.081702
1600 17967 11967 0.086334
1700 18747 11779 0.088096
1800 19629 11531 0.089843
1900 21711 13616 0.101688
2000 21800 13453 0.101751
100 619 448 0.003046
200 1411 1044 0.007152
300 2233 1586 0.010941
400 3282 2241 0.0159
500 4365 2719 0.020676
600 5288 3547 0.025228
700 6383 3901 0.02969
800 7692 4862 0.036424
900 10176 5103 0.043966
1000 9522 5919 0.044588
1100 12477 7266 0.057141
1200 13063 8039 0.061146
1300 13690 8377 0.064028
1400 14373 9459 0.068913
1500 16333 10464 0.077318
1600 18514 11510 0.086836
1700 21670 12155 0.097915
1800 20228 12654 0.095138
1900 21178 13004 0.098868
2000 22856 14699 0.108394
100 595 432 0.002971
200 1555 921 0.007127
300 2454 1476 0.011425
400 3634 2130 0.016588
500 4502 2885 0.02131
600 5515 3415 0.025857
700 6256 4166 0.030136
800 7749 4624 0.03571
900 8341 5844 0.041124
1000 9834 6185 0.046292
1100 11353 7719 0.055332
1200 12063 7986 0.058077
1300 13722 8236 0.063415
1400 14624 9774 0.070371
1500 16888 9003 0.074759
1600 18129 10089 0.081324
1700 18449 11377 0.08636
1800 19776 11531 0.090327
1900 20488 13234 0.097352
2000 25531 14671 0.116186
100 616 388 0.002981
200 1714 1080 0.008108
300 2505 1771 0.012346
400 3480 2429 0.017006
500 4583 2717 0.021016
600 6033 4068 0.02918
700 6638 4807 0.033116
800 7731 5236 0.037653
900 8434 6024 0.041614
1000 9880 5949 0.045411
1100 10834 7063 0.051837
1200 12802 7837 0.059403
1300 13259 7992 0.061464
1400 14631 8697 0.067657
1500 15468 10301 0.075037
1600 21062 13030 0.09851
1700 17670 12163 0.086201
1800 20120 12971 0.095878
1900 22051 14777 0.106373
2000 23364 14964 0.11127
100 576 457 0.00296
200 1514 986 0.007305
300 2317 1616 0.011233
400 3245 2453 0.016465
500 4542 3095 0.022072
600 5773 3356 0.026555
700 6634 4038 0.030904
800 7281 4951 0.035302
900 9246 5730 0.043019
1000 10518 7459 0.051883
1100 11180 6628 0.051392
1200 12645 8454 0.060714
1300 13297 8988 0.064162
1400 14940 9552 0.070389
1500 16999 10623 0.079656
1600 17276 9815 0.077886
1700 18665 11998 0.088567
1800 20929 12423 0.096146
1900 21278 12281 0.096684
2000 22859 14555 0.108093
100 600 475 0.003099
200 1496 996 0.007299
300 2377 1537 0.011314
400 3416 2268 0.016464
500 4315 2454 0.019482
600 5520 3550 0.026176
700 6430 4455 0.031375
800 7775 4772 0.036197
900 9880 6133 0.046225
1000 9807 5541 0.044367
1100 11983 6840 0.054138
1200 11792 7777 0.056475
1300 13663 8604 0.064152
1400 16105 9748 0.074708
1500 15786 9318 0.072273
1600 17450 10616 0.081087
1700 19149 12315 0.090869
1800 19795 13519 0.096549
1900 23438 11980 0.102541
2000 22664 14296 0.106945
100 608 454 0.003049
200 1416 887 0.006693
300 2233 1665 0.011343
400 3436 2142 0.016138
500 4586 2587 0.02077
600 5573 3345 0.025814
700 7006 4499 0.033348
800 8058 4807 0.037311
900 8717 5912 0.042301
1000 10671 6149 0.048615
1100 11033 6947 0.052035
1200 12900 8115 0.060659
1300 13615 8818 0.064974
1400 16036 8673 0.07133
1500 15587 9520 0.072589
1600 17735 11127 0.083509
1700 18620 11722 0.087688
1800 19584 12174 0.091952
1900 21499 13344 0.100895
2000 23073 13773 0.106337
100 684 476 0.003385
200 1390 921 0.006662
300 2530 1737 0.012309
400 3324 2497 0.016834
500 4687 2697 0.021316
600 5663 4026 0.027807
700 6459 4257 0.031031
800 8675 5263 0.040112
900 9001 5951 0.043238
1000 10299 6505 0.048558
1100 11446 7040 0.05326
1200 12832 7131 0.057541
1300 13577 8749 0.064489
1400 15344 9472 0.071776
1500 16024 9739 0.074597
1600 17726 11359 0.084265
1700 19091 11668 0.089063
1800 20461 12153 0.093941
1900 22367 12959 0.101821
2000 22509 14406 0.106489
100 626 422 0.003081
200 1601 902 0.00721
300 2337 1561 0.011366
400 3551 2369 0.01699
500 4472 2639 0.020531
600 5648 3606 0.026693
700 6637 4509 0.032171
800 7633 5075 0.036629
900 8782 5739 0.041962
1000 10036 6707 0.048482
1100 11281 7503 0.05438
1200 12163 7822 0.057888
1300 14031 8680 0.065738
1400 15586 9064 0.071356
1500 15918 9215 0.072585
1600 19058 11987 0.089745
1700 20800 12675 0.096617
1800 20137 13182 0.096273
1900 22882 13998 0.106534
2000 24415 13398 0.109338
100 632 403 0.002956
200 1401 998 0.007019
300 2292 1700 0.011507
400 3435 2097 0.01592
500 4751 2973 0.02232
600 5448 3477 0.025918
700 6749 3981 0.030964
800 7588 5063 0.036685
900 9019 5905 0.043085
1000 9621 6692 0.046984
1100 11318 7108 0.053278
1200 12257 7492 0.057085
1300 14823 7859 0.065693
1400 15237 8506 0.068832
1500 18316 10527 0.083178
1600 16980 10665 0.079836
1700 18684 11930 0.088439
1800 21612 12958 0.100103
1900 21922 11523 0.09658
2000 23144 13825 0.106743
100 649 422 0.003082
200 1419 927 0.006802
300 2280 1497 0.01095
400 3682 2711 0.018432
500 4238 2634 0.019837
600 5690 3411 0.026327
700 6863 4204 0.03195
800 7499 4953 0.035756
900 9490 6678 0.0467
1000 9758 6516 0.047021
1100 12186 6867 0.055091
1200 12437 8267 0.059965
1300 13461 8433 0.063361
1400 14714 8878 0.067868
1500 15841 10206 0.075279
1600 17372 11184 0.082262
1700 18798 11061 0.086445
1800 19952 12094 0.092987
1900 20794 14103 0.10114
2000 22673 14539 0.107381
100 603 440 0.003019
200 1287 984 0.006614
300 2270 1688 0.01135
400 3161 2218 0.015573
500 4307 3071 0.021293
600 5880 3246 0.02647
700 7371 3815 0.032443
800 7502 5599 0.037847
900 8780 6148 0.043326
1000 9852 6303 0.046915
1100 10757 6650 0.050316
1200 13396 8252 0.062735
1300 13148 8269 0.062014
1400 17024 8466 0.073592
1500 17602 9651 0.078939
1600 17320 10333 0.080134
1700 19903 12603 0.094033
1800 19253 12082 0.090695
1900 19977 12538 0.094299
2000 22733 13575 0.105305
100 567 400 0.002738
200 1432 999 0.007071
300 2417 1581 0.011613
400 3464 2057 0.016098
500 4340 3292 0.022105
600 5456 3419 0.025773
700 6416 4268 0.030873
800 7487 4552 0.034777
900 8432 5849 0.041135
1000 10368 6549 0.048976
1100 11468 7291 0.054091
1200 12387 7841 0.058307
1300 15181 8056 0.06689
1400 15337 9899 0.072592
1500 16019 9112 0.072801
1600 17963 10904 0.083594
1700 20239 10829 0.08977
1800 19329 12859 0.092778
1900 20657 13620 0.098858
2000 23862 13536 0.108557
100 594 412 0.002882
200 1357 996 0.006789
300 2281 1532 0.011047
400 3929 2438 0.018353
500 4408 3132 0.021853
600 5262 3722 0.026062
700 7021 4741 0.03411
800 7385 4603 0.034756
900 8772 5001 0.039981
1000 9896 6625 0.047798
1100 11369 6720 0.052413
1200 12349 8215 0.059654
1300 15888 9975 0.074838
1400 14995 8774 0.068672
1500 17390 10673 0.08196
1600 18008 10591 0.083322
1700 19588 11726 0.091505
1800 20108 12203 0.093913
1900 22365 12237 0.100533
2000 22056 14551 0.106576
100 585 441 0.003
200 1389 997 0.006918
300 2355 1469 0.011132
400 3784 1901 0.016389
500 4477 2967 0.021545
600 6029 3570 0.027746
700 6760 4709 0.033367
800 8543 4926 0.039243
900 9383 5401 0.042891
1000 10364 6042 0.047642
1100 11322 6588 0.052274
1200 12410 7433 0.057488
1300 13828 7981 0.063139
1400 16658 10768 0.079479
1500 15648 9276 0.072773
1600 16783 11188 0.081043
1700 18795 11321 0.087143
1800 19712 12167 0.092111
1900 21334 13075 0.099752
2000 22585 13187 0.103556
100 585 442 0.002957
200 1445 1104 0.007456
300 2249 1480 0.010823
400 3518 2018 0.015974
500 4252 2667 0.020022
600 5402 3853 0.026764
700 6579 4053 0.030778
800 7294 4859 0.035223
900 8916 5762 0.042575
1000 10263 5823 0.046582
1100 11542 6849 0.053413
1200 13276 8213 0.062345
1300 13069 8055 0.061008
1400 14660 9389 0.06933
1500 17223 10516 0.080178
1600 17474 11171 0.082961
1700 17853 11202 0.084168
1800 21978 15122 0.107591
1900 20920 13704 0.100251
2000 22157 14827 0.107004
100 599 438 0.003034
200 1582 941 0.007304
300 2448 1546 0.011587
400 3441 2228 0.016422
500 4527 2693 0.02088
600 5333 3689 0.026203
700 7185 4025 0.032392
800 7635 4719 0.035719
900 8580 5330 0.040292
1000 9691 6232 0.046027
1100 10686 6793 0.050402
1200 12293 7809 0.058228
1300 14236 8819 0.066879
1400 14840 9265 0.069983
1500 16001 9695 0.074445
1600 17429 11145 0.082734
1700 17920 11639 0.085712
1800 19827 12758 0.094579
1900 21597 13321 0.101231
2000 21730 13919 0.103377
100 589 417 0.002891
200 1601 912 0.007334
300 2528 1646 0.012148
400 3413 2616 0.01748
500 4590 2856 0.021593
600 5412 3685 0.026403
700 6581 4616 0.03243
800 7612 4442 0.034689
900 8444 5462 0.040253
1000 9602 5969 0.044946
1100 12107 7299 0.05607
1200 13101 8653 0.063073
1300 14114 8192 0.064661
1400 14957 9440 0.070671
1500 17640 9816 0.079474
1600 16407 10535 0.077862
1700 19638 12472 0.093013
1800 19686 12072 0.091721
1900 21184 12999 0.098926
2000 22433 14111 0.106189
100 598 476 0.003094
200 1554 1220 0.008058
300 2304 1554 0.011168
400 3514 2133 0.016271
500 4496 3097 0.021996
600 5439 3474 0.025847
700 6506 3959 0.030273
800 7400 4875 0.035597
900 8963 5300 0.041441
1000 9633 5703 0.044347
1100 11962 7403 0.056105
1200 13451 9251 0.06567
1300 13650 7999 0.062748
1400 16267 10347 0.077256
1500 15460 10548 0.07533
1600 17998 10309 0.081941
1700 18454 11052 0.085493
1800 20931 14554 0.102836
1900 20439 12180 0.094609
2000 21701 14479 0.104995
100 643 447 0.003193
200 1352 1060 0.00699
300 2326 1546 0.01128
400 3445 2380 0.016879
500 4418 3079 0.021793
600 5448 3400 0.025674
700 6615 4303 0.03179
800 7320 4797 0.035105
900 8708 5533 0.041291
1000 10483 6749 0.05011
1100 10661 6797 0.050593
1200 13201 7292 0.059338
1300 14955 9740 0.071477
1400 15219 9774 0.072344
1500 15865 9728 0.074153
1600 18676 11756 0.088584
1700 19391 12354 0.091896
1800 19174 12417 0.091485
1900 21022 13097 0.098833
2000 23812 14272 0.110362
100 567 387 0.002726
200 1423 916 0.006766
300 2364 1844 0.012197
400 3395 2451 0.016923
500 4601 3262 0.022779
600 5653 3167 0.025599
700 6141 4288 0.03025
800 8331 4826 0.038075
900 9585 5117 0.042603
1000 10613 6052 0.048215
1100 11728 7387 0.055065
1200 12644 8254 0.060631
1300 13217 7803 0.060737
1400 14502 9980 0.071152
1500 16985 9687 0.07762
1600 18444 10959 0.085654
1700 18500 11144 0.086145
1800 19670 11813 0.091301
1900 25040 13284 0.112439
2000 22377 14331 0.107113
100 586 458 0.003037
200 1428 875 0.006653
300 2474 1508 0.011621
400 3612 2489 0.017636
500 4350 2738 0.020563
600 5249 3455 0.025158
700 6414 4777 0.032301
800 7611 4609 0.035543
900 8767 5842 0.042542
1000 9924 6676 0.048452
1100 10521 7302 0.05203
1200 12962 8277 0.061909
1300 13519 8371 0.063381
1400 14636 9109 0.068879
1500 19356 10839 0.088086
1600 18113 10140 0.082284
1700 18318 11341 0.086068
1800 19978 12562 0.094309
1900 21402 14211 0.103165
2000 22137 13571 0.103385
100 553 432 0.00285
200 1466 915 0.006915
300 2476 1521 0.011433
400 3393 1982 0.015423
500 4672 2783 0.021563
600 5796 3584 0.02711
700 6590 4805 0.032966
800 8247 4739 0.037564
900 9109 5760 0.042973
1000 9683 6302 0.046159
1100 10857 7059 0.051887
1200 12967 8417 0.062014
1300 13766 8580 0.064453
1400 15765 10234 0.075041
1500 17157 9131 0.07584
1600 17497 10702 0.081554
1700 18526 11940 0.088453
1800 21049 12374 0.096453
1900 20823 12585 0.0967
2000 22217 14194 0.104783
100 679 472 0.003315
200 1366 1065 0.007139
300 2372 1568 0.011368
400 3356 2075 0.015708
500 4935 2864 0.022557
600 5323 3284 0.024963
700 6684 3955 0.030808
800 7277 5013 0.035517
900 8540 5288 0.039873
1000 10135 6297 0.047518
1100 11254 6556 0.051567
1200 12419 7024 0.056201
1300 13296 8502 0.063256
1400 15462 9477 0.072331
1500 15957 9791 0.074522
1600 18179 10989 0.08458
1700 17948 11817 0.086156
1800 20605 11491 0.092732
1900 21678 13669 0.101902
2000 22709 14690 0.107982
100 599 392 0.002898
200 1578 1003 0.00741
300 2369 1604 0.011578
400 3150 2210 0.015463
500 4441 2834 0.020945
600 5633 3230 0.025576
700 6260 4378 0.030673
800 7796 4711 0.036166
900 8990 5481 0.04162
1000 10139 6346 0.047642
1100 10967 6978 0.051912
1200 13732 8265 0.063579
1300 13044 8544 0.062508
1400 16063 9955 0.074999
1500 16105 10629 0.077517
1600 18730 11783 0.088387
1700 18795 12081 0.089415
1800 19971 12027 0.092773
1900 20913 13296 0.099138
2000 23791 14237 0.110063
100 578 425 0.002865
200 1378 953 0.00668
300 2488 1394 0.011247
400 3463 2235 0.016515
500 4454 3022 0.021655
600 5219 3747 0.026
700 6504 4284 0.031205
800 8210 5341 0.039609
900 8791 5991 0.042939
1000 10124 5864 0.046325
1100 10551 7346 0.051787
1200 12198 8323 0.059113
1300 13335 8704 0.063733
1400 14752 9404 0.069992
1500 15475 10041 0.073924
1600 18568 11008 0.085631
1700 17766 11867 0.085569
1800 19464 11648 0.089905
1900 21032 13245 0.098946
2000 22747 14955 0.10883
100 589 455 0.003035
200 1351 1002 0.006905
300 2313 1525 0.011062
400 3360 2326 0.016411
500 5210 3128 0.024074
600 5600 3477 0.026151
700 6293 4100 0.029887
800 8340 4299 0.036485
900 8821 5491 0.041453
1000 9600 6332 0.046117
1100 11446 7430 0.054203
1200 11960 8153 0.058226
1300 14588 9292 0.068864
1400 14734 9376 0.069912
1500 16835 10546 0.079136
1600 17462 10574 0.080871
1700 18929 10862 0.08591
1800 19404 12351 0.091961
1900 22081 12523 0.100346
2000 22350 13665 0.104183
100 559 458 0.002953
200 1424 1008 0.007012
300 2309 1734 0.011703
400 3406 2250 0.016387
500 4325 2865 0.020787
600 5170 3232 0.024264
700 6471 4439 0.031379
800 8413 5048 0.038913
900 8530 5699 0.041182
1000 10016 6168 0.046828
1100 10718 7072 0.051517
1200 11628 8204 0.05742
1300 12999 8662 0.062351
1400 16080 10279 0.076267
1500 16017 9695 0.074274
1600 17753 10709 0.082323
1700 19712 12987 0.094697
1800 20486 12190 0.094564
1900 23796 15973 0.11496
2000 22182 13378 0.102684
100 726 442 0.003466
200 1349 979 0.006737
300 2244 1648 0.011232
400 3476 2169 0.016271
500 4236 3015 0.021059
600 5703 4007 0.028143
700 6820 4161 0.031707
800 7616 5035 0.036478
900 8855 6307 0.043582
1000 12186 7554 0.057009
1100 11435 7587 0.054577
1200 12636 7234 0.057171
1300 13379 8700 0.063702
1400 14136 9502 0.068322
1500 15816 9958 0.074629
1600 16582 10539 0.078593
1700 17485 11631 0.084269
1800 20623 12188 0.094937
1900 21323 12300 0.097164
2000 22786 15016 0.109394
100 600 385 0.002806
200 1545 983 0.007353
300 2471 1583 0.01174
400 3695 2331 0.017438
500 4459 2747 0.020856
600 6222 4226 0.030404
700 6836 4733 0.033422
800 7952 5055 0.037748
900 9141 5948 0.043481
1000 10066 6268 0.047239
1100 11148 7056 0.052493
1200 13375 7955 0.06151
1300 16304 8478 0.071773
1400 15396 9376 0.071827
1500 15749 10363 0.075646
1600 16627 10914 0.079702
1700 18978 10875 0.086122
1800 19998 13598 0.097159
1900 21468 13091 0.100112
2000 23460 14201 0.108832
100 583 453 0.002966
200 1479 852 0.006789
300 2608 1450 0.011706
400 3328 2193 0.015939
500 4375 2820 0.02079
600 5384 3484 0.025632
700 6760 4530 0.032606
800 7835 4491 0.035622
900 9128 5324 0.041697
1000 9662 6218 0.045989
1100 12530 8496 0.060682
1200 12006 7592 0.05665
1300 14226 8996 0.067223
1400 14800 9638 0.070611
1500 16265 10399 0.077208
1600 17963 10950 0.083464
1700 19525 10028 0.085508
1800 20434 11782 0.093466
1900 22038 13863 0.103914
2000 24875 13321 0.110706
100 586 454 0.003033
200 1394 987 0.006931
300 2352 1574 0.01135
400 3860 2027 0.017043
500 4483 3078 0.021896
600 6115 3308 0.027208
700 6708 4531 0.032498
800 8078 4639 0.036528
900 9202 4925 0.040759
1000 11269 6528 0.051574
1100 12300 6903 0.055621
1200 12540 7267 0.057927
1300 14156 8646 0.06606
1400 16566 8219 0.071837
1500 17264 9057 0.076374
1600 16799 11177 0.08103
1700 18284 12112 0.088251
1800 19478 11604 0.089766
1900 20601 12742 0.096316
2000 24423 13932 0.111055
100 575 463 0.002986
200 1378 1047 0.006934
300 2362 1573 0.011308
400 3341 2421 0.016584
500 4258 2753 0.020355
600 5237 3381 0.025001
700 6829 4510 0.032777
800 8100 5152 0.038276
900 8483 5595 0.040793
1000 10002 6717 0.048366
1100 11179 7030 0.052538
1200 12192 7513 0.057041
1300 14848 9442 0.070234
1400 14360 9679 0.069459
1500 16648 9006 0.074203
1600 17541 10527 0.081227
1700 19208 11271 0.088456
1800 21261 12692 0.098329
1900 24644 15109 0.115283
2000 22680 13266 0.104222
100 592 379 0.00279
200 1465 1049 0.007221
300 2671 1781 0.012919
400 3559 2156 0.016574
500 4322 2838 0.020678
600 5848 3793 0.027846
700 7270 3879 0.032141
800 7462 4962 0.035846
900 9179 6265 0.04464
1000 9835 6896 0.048351
1100 12247 7354 0.056619
1200 14144 8593 0.065754
1300 13726 9587 0.067589
1400 15599 9560 0.072807
1500 15397 10385 0.074696
1600 20068 12397 0.09386
1700 19138 12127 0.090156
1800 19970 11546 0.091198
1900 21455 14273 0.103466
2000 24215 14114 0.111199
100 609 438 0.002999
200 1524 933 0.007168
300 2422 1610 0.011556
400 3197 2277 0.015877
500 4528 2808 0.021381
600 5327 3507 0.025835
700 7212 4644 0.03447
800 7495 4656 0.034933
900 8400 5860 0.040857
1000 10182 6799 0.048948
1100 12465 6663 0.055055
1200 12468 7753 0.058611
1300 14616 8324 0.066389
1400 15684 9847 0.074116
1500 16463 8782 0.072892
1600 17737 10888 0.082436
1700 19649 11832 0.090951
1800 22119 14186 0.1051
1900 20839 12101 0.0952
2000 22130 14141 0.105032
100 633 442 0.003112
200 1427 970 0.006951
300 2398 1742 0.012018
400 3578 2108 0.016489
500 4373 2784 0.020577
600 6050 3987 0.028951
700 6583 4137 0.031035
800 7521 5384 0.03711
900 8742 5277 0.040387
1000 10480 6071 0.047929
1100 10791 6615 0.05014
1200 12670 7547 0.058308
1300 13910 8721 0.065001
1400 14868 10175 0.071914
1500 16001 10374 0.075793
1600 16963 10753 0.079675
1700 18617 12052 0.088642
1800 20118 12659 0.094022
1900 20529 13437 0.098484
2000 22713 13088 0.103468
100 546 387 0.00266
200 1378 954 0.006755
300 2347 1589 0.011237
400 3749 2452 0.017913
500 4526 2649 0.020786
600 5904 3501 0.027092
700 6322 4343 0.030863
800 7946 4593 0.036458
900 9001 6151 0.044063
1000 9522 6414 0.046341
1100 10998 7325 0.053151
1200 12067 7537 0.056811
1300 13709 8536 0.064472
1400 15157 9429 0.071224
1500 16080 9359 0.073638
1600 17053 10371 0.079483
1700 20280 11521 0.091825
1800 22031 14008 0.104155
1900 21344 13557 0.100515
2000 22151 13942 0.104666
100 620 464 0.003085
200 1621 1064 0.007861
300 2410 1608 0.011747
400 3606 2559 0.017865
500 4267 2629 0.019942
600 5379 3452 0.025637
700 6467 4194 0.030887
800 7826 4962 0.036929
900 8642 5539 0.040909
1000 9691 6249 0.045994
1100 10735 7084 0.051467
1200 11792 7472 0.055664
1300 13975 8856 0.06614
1400 14659 9303 0.069454
1500 16920 9702 0.077038
1600 18128 11655 0.086116
1700 19114 11342 0.088013
1800 19088 11903 0.089494
1900 21378 13026 0.099685
2000 22216 13382 0.103093
100 563 403 0.002894
200 1323 1000 0.006773
300 2336 1521 0.011186
400 3111 2115 0.015255
500 4541 3012 0.021928
600 5761 3523 0.027
700 6410 4262 0.031079
800 8659 5674 0.041644
900 8702 5425 0.040701
1000 10045 6269 0.046758
1100 10660 7524 0.052741
1200 12184 7504 0.05658
1300 14367 9243 0.068136
1400 15763 8881 0.07116
1500 15520 10976 0.076567
1600 18129 11708 0.086076
1700 18887 13153 0.09296
1800 21813 13945 0.103826
1900 21052 14145 0.101818
2000 24766 14929 0.11494
100 603 499 0.003234
200 1576 935 0.007275
300 2361 1913 0.01237
400 3404 2049 0.015821
500 4301 2748 0.020318
600 5337 3547 0.0256
700 6421 4492 0.031562
800 7274 5016 0.03559
900 8996 6080 0.043684
1000 10232 6468 0.048371
1100 10921 7461 0.053298
1200 12241 8130 0.058959
1300 13868 8387 0.064213
1400 15389 10588 0.074802
1500 15478 10452 0.075067
1600 19326 11705 0.089985
1700 18404 11486 0.086689
1800 20749 11424 0.093202
1900 22475 13326 0.103431
2000 22378 14342 0.106353
100 586 454 0.003045
200 1596 1000 0.007564
300 2229 1465 0.010688
400 3378 2310 0.016518
500 4296 3079 0.021471
600 5350 3857 0.026674
700 6245 4072 0.029821
800 7414 4903 0.035644
900 9041 5498 0.041785
1000 10381 6795 0.049612
1100 10916 7422 0.052942
1200 12894 7558 0.058896
1300 14477 8019 0.064941
1400 15974 8832 0.071584
1500 16458 9876 0.076244
1600 17181 10747 0.080779
1700 18625 10607 0.08456
1800 20727 13660 0.099373
1900 21055 13431 0.099607
2000 23530 15180 0.111923
100 595 401 0.002911
200 1439 1012 0.007137
300 2243 1519 0.011007
400 3443 2173 0.016165
500 4259 2774 0.020329
600 5226 3707 0.025774
700 7316 4625 0.034597
800 7425 5067 0.03603
900 9119 5974 0.043628
1000 9861 7062 0.048527
1100 10949 7175 0.052026
1200 12671 7730 0.058864
1300 13878 8428 0.064454
1400 14382 9148 0.068183
1500 15887 10828 0.076887
1600 18223 11759 0.086815
1700 18409 11342 0.085552
1800 20536 12997 0.096956
1900 20218 12313 0.093997
2000 23995 13804 0.10932
100 689 393 0.003129
200 1453 997 0.007044
300 2490 1577 0.011811
400 3277 2015 0.015338
500 4607 2636 0.020822
600 5833 3402 0.026789
700 6646 4082 0.031008
800 7285 4643 0.034447
900 8333 5937 0.041113
1000 10061 6002 0.046443
1100 10985 8111 0.05519
1200 12096 7377 0.056164
1300 14640 9505 0.069553
1400 14872 9010 0.069139
1500 15670 9472 0.072584
1600 17124 11178 0.081862
1700 19658 12944 0.094083
1800 20890 12452 0.096507
1900 22063 12225 0.099364
2000 21724 14221 0.103874
100 587 446 0.003065
200 1444 994 0.007016
300 2381 1436 0.010995
400 3220 2163 0.015605
500 4436 2897 0.02113
600 5640 3367 0.026001
700 6754 4610 0.032912
800 8248 4945 0.037886
900 8868 5326 0.041102
1000 10238 6564 0.04868
1100 10904 7207 0.052418
1200 11836 7857 0.056966
1300 13235 8430 0.062828
1400 15594 9059 0.071504
1500 15841 10058 0.074931
1600 18676 11835 0.088242
1700 18375 11892 0.0878
1800 19947 12067 0.09274
1900 22138 13294 0.102642
2000 22910 13647 0.105813
100 600 460 0.003135
200 1692 1047 0.007909
300 2359 1536 0.011298
400 3366 2065 0.015675
500 4526 2647 0.020837
600 5687 3274 0.026037
700 6344 4447 0.031263
800 7246 4808 0.034857
900 9328 6199 0.04498
1000 11035 5999 0.049278
1100 11342 7003 0.053093
1200 12989 7496 0.059354
1300 13037 8472 0.06243
1400 14451 9314 0.068703
1500 16444 10165 0.077023
1600 17488 11500 0.083429
1700 17775 11833 0.085344
1800 19096 12608 0.091759
1900 20564 13233 0.09768
2000 22494 14987 0.10872
100 665 403 0.003111
200 1524 1003 0.007392
300 2473 1451 0.011354
400 3386 2390 0.016605
500 4550 2768 0.021206
600 5512 3559 0.026257
700 6526 4224 0.031146
800 7575 4811 0.035821
900 8667 5435 0.040834
1000 10274 6018 0.046991
1100 11463 6582 0.052056
1200 11751 7315 0.05528
1300 13435 8600 0.063684
1400 15670 9390 0.072589
1500 16285 10660 0.077997
1600 18748 11663 0.088106
1700 19174 12158 0.090282
1800 19805 10946 0.08883
1900 20333 13626 0.09827
2000 23367 13320 0.105814
100 604 441 0.003003
200 1371 1003 0.006806
300 2304 1461 0.010803
400 3575 2557 0.017702
500 4373 3157 0.021781
600 5643 3381 0.025987
700 7001 4574 0.033407
800 7745 4994 0.036831
900 9788 5708 0.044733
1000 10378 6642 0.049089
1100 10434 6817 0.049726
1200 12342 8056 0.059307
1300 13992 8535 0.065238
1400 14417 9404 0.06891
1500 15925 9180 0.07258
1600 18430 12095 0.088363
1700 18995 12053 0.089738
1800 19092 12401 0.091166
1900 21745 13257 0.101112
2000 21521 14827 0.104994
100 556 423 0.002804
200 1408 897 0.006589
300 2472 1561 0.011614
400 3707 2311 0.017436
500 4560 2757 0.021047
600 5461 3445 0.025598
700 6394 4575 0.031635
800 7770 5203 0.037715
900 9024 5836 0.042837
1000 9459 6182 0.045253
1100 10794 6906 0.051186
1200 12603 7578 0.058709
1300 13597 7878 0.062279
1400 15650 9797 0.0738
1500 15644 9869 0.073746
1600 18361 11687 0.086697
1700 21184 12703 0.098248
1800 19660 12283 0.092428
1900 22002 12482 0.099651
2000 22238 13726 0.104163
100 593 406 0.002875
200 1431 1066 0.007327
300 2443 1518 0.011511
400 3155 2077 0.015106
500 4471 3094 0.022007
600 5466 3637 0.026322
700 6488 4099 0.030635
800 7603 4780 0.035658
900 8429 6051 0.041887
1000 9468 6711 0.046798
1100 10816 6714 0.050578
1200 13379 7726 0.061069
1300 13190 9044 0.064243
1400 15591 8494 0.069527
1500 15946 8955 0.071918
1600 18500 10870 0.084998
1700 18118 11769 0.086405
1800 20285 12590 0.095073
1900 22745 12572 0.102188
2000 21737 14010 0.103289
100 568 415 0.002845
200 1474 829 0.006659
300 2458 1636 0.011877
400 3311 2250 0.016037
500 4603 2471 0.020439
600 5377 3814 0.026537
700 6629 4110 0.031129
800 7488 4647 0.035059
900 8644 5469 0.040963
1000 9904 6737 0.048167
1100 10855 7575 0.053372
1200 12458 7859 0.058727
1300 13086 8435 0.06251
1400 15216 9074 0.070133
1500 16049 9686 0.074459
1600 17125 11007 0.081332
1700 17754 11219 0.083691
1800 19783 12353 0.093088
1900 20936 13896 0.100891
2000 24284 14939 0.113223
100 645 394 0.003021
200 1421 1029 0.007077
300 2511 1688 0.012219
400 3350 2197 0.016155
500 4167 2970 0.020515
600 5706 3156 0.025778
700 6689 4143 0.0313
800 7780 5151 0.037329
900 9026 4844 0.040071
1000 9692 6250 0.046067
1100 11130 6900 0.052253
1200 13072 8479 0.062328
1300 13266 7852 0.061144
1400 15702 9116 0.071914
1500 15938 10423 0.07631
1600 17401 11666 0.084013
1700 19373 11843 0.090321
1800 20295 12743 0.095436
1900 22083 13096 0.101689
2000 23623 15026 0.111943
100 593 403 0.002925
200 1475 1060 0.007356
300 2373 1632 0.011577
400 3239 2433 0.016481
500 4497 2607 0.020496
600 5340 3590 0.025872
700 6155 3821 0.028801
800 8076 4726 0.037054
900 8497 5546 0.040637
1000 9449 5970 0.044676
1100 10747 7238 0.052119
1200 12403 7789 0.058399
1300 13158 8779 0.063496
1400 14116 9497 0.068112
1500 15467 10918 0.076204
1600 17671 10961 0.082725
1700 18287 11725 0.08683
1800 19969 12582 0.094079
1900 20875 12872 0.097636
2000 23028 13180 0.104589
100 585 414 0.002881
200 1396 1027 0.007041
300 2414 1583 0.011411
400 3429 2184 0.016188
500 4338 2669 0.020288
600 5717 3523 0.026768
700 6639 3829 0.030193
800 7326 4880 0.035403
900 8786 5977 0.04274
1000 10074 5990 0.046368
1100 11233 6374 0.050827
1200 13329 8199 0.062084
1300 13585 8481 0.064072
1400 15296 9660 0.072306
1500 16898 10374 0.078435
1600 17506 10252 0.080211
1700 18088 11428 0.085599
1800 22312 13000 0.102156
1900 21288 13644 0.100761
2000 21993 14777 0.106318
100 657 482 0.00327
200 1530 1037 0.00747
300 2330 1541 0.011044
400 3427 2700 0.017712
500 4445 2788 0.020947
600 5298 3635 0.025905
700 6283 4252 0.030551
800 7611 4914 0.036014
900 9067 5302 0.041513
1000 9608 5962 0.044969
1100 11010 7478 0.053403
1200 12261 7713 0.057493
1300 14211 8161 0.064811
1400 16510 9296 0.074643
1500 15837 10690 0.076701
1600 17968 10268 0.081636
1700 19003 12662 0.091467
1800 19669 12394 0.09281
1900 21016 12084 0.095577
2000 22634 13880 0.105497
100 617 424 0.002973
200 1556 969 0.007317
300 2364 1600 0.011507
400 3481 2165 0.016318
500 4506 2660 0.020636
600 5289 3304 0.024851
700 6492 4584 0.032107
800 7714 4844 0.036239
900 9047 5521 0.042097
1000 9757 6784 0.047783
1100 10623 6983 0.050901
1200 13238 7554 0.060303
1300 13551 10036 0.068254
1400 14853 9774 0.071377
1500 17081 9953 0.07834
1600 16912 11464 0.082378
1700 19160 11940 0.089971
1800 20139 12855 0.095647
1900 21661 12784 0.099138
2000 22665 15533 0.110569
100 545 392 0.002727
200 1498 946 0.007095
300 2526 1436 0.011396
400 3459 2362 0.016937
500 4383 2915 0.021185
600 5790 4154 0.028811
700 7167 4453 0.033625
800 7664 4789 0.036068
900 9455 6246 0.04554
1000 11061 6806 0.051897
1100 10897 7834 0.054219
1200 13224 8545 0.062973
1300 14632 7614 0.06435
1400 15225 8647 0.069001
1500 15861 9171 0.072153
1600 16983 10718 0.080135
1700 20287 11939 0.092982
1800 19300 12133 0.091146
1900 22052 12760 0.100888
2000 23529 14515 0.110171
100 606 464 0.0031
200 1540 1087 0.007584
300 2345 1653 0.011459
400 3494 2339 0.016912
500 4259 2720 0.020217
600 5528 3698 0.026463
700 6903 4525 0.033213
800 7593 5070 0.036714
900 9088 5658 0.042587
1000 9851 6154 0.046082
1100 10646 6752 0.050395
1200 12597 7806 0.0592
1300 14596 9370 0.068993
1400 15363 9334 0.071453
1500 16209 10307 0.076513
1600 18931 12471 0.090766
1700 19242 12420 0.09157
1800 21158 12496 0.09741
1900 20824 12791 0.09707
2000 23733 12860 0.105614
100 574 479 0.003036
200 1624 823 0.007102
300 2224 1717 0.011341
400 3250 2180 0.015731
500 4413 2646 0.020578
600 5936 3950 0.028648
700 6635 3903 0.03045
800 7487 5128 0.036391
900 9001 5449 0.041596
1000 10110 6562 0.048174
1100 10971 6870 0.051439
1200 12711 7681 0.058955
1300 14088 7991 0.063457
1400 14528 9233 0.068698
1500 15571 9697 0.073228
1600 16488 10680 0.078679
1700 18488 11430 0.086679
1800 22113 11432 0.096973
1900 20745 12718 0.096815
2000 21909 13369 0.1021
100 638 426 0.00309
200 1345 956 0.006612
300 2485 1612 0.011836
400 3257 2351 0.016238
500 4360 2959 0.021123
600 5214 3496 0.0252
700 6953 4244 0.032249
800 8092 5466 0.039328
900 9104 5394 0.04141
1000 10137 6172 0.046912
1100 11057 7265 0.052723
1200 12582 7960 0.05949
1300 14227 7909 0.06436
1400 15134 9165 0.070387
1500 15556 10062 0.074056
1600 18061 11427 0.08542
1700 18640 10622 0.084334
1800 20172 12726 0.095078
1900 20690 13711 0.099573
2000 22989 13179 0.104508
100 543 451 0.002814
200 1342 1064 0.00695
300 2333 1639 0.011475
400 3384 1985 0.015493
500 4113 2960 0.020518
600 5354 3770 0.026327
700 6544 4878 0.03294
800 8245 4508 0.036819
900 8775 5659 0.041628
1000 10227 6098 0.047074
1100 10917 6461 0.050141
1200 12255 8019 0.058667
1300 14143 8703 0.066185
1400 16035 8676 0.071458
1500 16563 11200 0.080429
1600 17039 10576 0.079839
1700 18099 11752 0.086025
1800 21284 12458 0.097513
1900 20795 12965 0.097609
2000 23189 14214 0.108136
100 604 494 0.003134
200 1493 982 0.007194
300 2329 1604 0.01133
400 3184 2222 0.015669
500 4412 2677 0.020469
600 5697 3685 0.027006
700 6447 4123 0.030543
800 7623 5156 0.037056
900 8308 5417 0.039585
1000 9421 6262 0.045369
1100 10895 7135 0.052018
1200 11840 7587 0.056105
1300 13587 7805 0.061854
1400 14401 9654 0.069517
1500 16474 10465 0.077868
1600 16681 11769 0.082338
1700 17958 12389 0.087666
1800 20143 12122 0.09323
1900 20096 13315 0.096449
2000 22315 14148 0.105418
100 569 400 0.00279
200 1419 912 0.006711
300 2226 1527 0.010931
400 3245 2418 0.01638
500 4434 2839 0.020932
600 5816 3087 0.025754
700 6391 4172 0.030487
800 7883 4530 0.035926
900 9200 6552 0.045541
1000 9617 6072 0.045475
1100 11105 7526 0.053666
1200 12551 8051 0.059819
1300 13172 8236 0.06192
1400 16474 8816 0.073227
1500 15598 10375 0.075112
1600 18430 10346 0.083047
1700 20660 13449 0.098693
1800 19214 12730 0.092304
1900 21461 12171 0.097096
2000 22974 12661 0.10304
100 599 428 0.003042
200 1355 920 0.006561
300 2507 1582 0.011868
400 3429 2166 0.016214
500 4627 2913 0.021743
600 5390 3373 0.025446
700 6656 4756 0.0331
800 7910 4992 0.037226
900 8561 5239 0.039739
1000 9658 6843 0.047617
1100 11238 7606 0.054467
1200 13460 8804 0.064377
1300 13323 8520 0.063282
1400 15380 10248 0.074107
1500 16073 10829 0.077953
1600 17300 11626 0.083947
1700 19073 11307 0.087871
1800 21129 11833 0.095274
1900 22048 13181 0.102109
2000 22461 13994 0.105593
100 626 424 0.003001
200 1628 1132 0.007955
300 2585 1534 0.011967
400 3635 2344 0.017301
500 4394 2869 0.021051
600 5375 3541 0.025851
700 7645 4431 0.034956
800 7891 5074 0.037528
900 8696 6456 0.043806
1000 10430 6802 0.049683
1100 11403 7031 0.053293
1200 12409 7364 0.057074
1300 14081 8598 0.065652
1400 16888 10615 0.079353
1500 15736 9605 0.073234
1600 17790 11816 0.085617
1700 19013 11912 0.089147
1800 19979 12299 0.093574
1900 22281 12836 0.101484
2000 22222 13414 0.103028
100 547 365 0.002625
200 1438 849 0.006619
300 2364 1491 0.011139
400 3689 2437 0.017744
500 4526 2819 0.021248
600 5720 3821 0.027732
700 6522 4405 0.031601
800 7434 5547 0.037588
900 8809 5520 0.041356
1000 9615 6137 0.045624
1100 10919 6565 0.050521
1200 12813 8358 0.061399
1300 13630 9074 0.06568
1400 16202 9580 0.074595
1500 16668 10414 0.078304
1600 18428 11286 0.085907
1700 18220 11941 0.087512
1800 21859 12181 0.098528
1900 20716 13353 0.098984
2000 22318 14750 0.10719
100 596 460 0.003072
200 1546 1052 0.007432
300 2365 1611 0.011614
400 3258 2138 0.015453
500 4206 2881 0.020558
600 5371 3201 0.024855
700 6424 4212 0.030657
800 7834 4972 0.037019
900 8884 5859 0.042803
1000 10685 6381 0.049157
1100 10985 7015 0.052063
1200 12139 7453 0.056592
1300 12923 8508 0.061924
1400 14160 9249 0.067584
1500 16337 10198 0.076888
1600 17161 10862 0.080989
1700 18081 12110 0.087133
1800 19956 12589 0.093977
1900 20990 12604 0.097127
2000 23882 13585 0.108253
100 547 461 0.002894
200 1461 932 0.006926
300 2292 1573 0.011157
400 3543 2187 0.0166
500 4481 3063 0.021802
600 6554 3900 0.030172
700 6460 4263 0.03108
800 7738 5409 0.038036
900 9011 6305 0.044225
1000 10307 6123 0.047361
1100 11330 6680 0.052103
1200 12418 8195 0.059335
1300 13191 8404 0.062356
1400 14925 10268 0.072654
1500 16096 10629 0.077441
1600 16654 10785 0.079528
1700 18690 11093 0.086203
1800 20657 13467 0.098542
1900 21552 12358 0.097587
2000 22053 13917 0.10361
100 647 374 0.002943
200 1420 856 0.006566
300 2376 1620 0.011539
400 3317 1996 0.015394
500 4310 2813 0.020585
600 5229 3385 0.024966
700 6202 4313 0.030403
800 7993 4877 0.0373
900 8481 5922 0.041598
1000 9928 6245 0.046672
1100 10678 7000 0.050932
1200 11840 7657 0.056345
1300 13802 8146 0.063641
1400 15826 9100 0.071948
1500 17098 9185 0.075947
1600 18649 11302 0.086485
1700 21547 11491 0.095418
1800 20588 12911 0.096995
1900 20564 13006 0.096951
2000 22854 14712 0.108485
100 596 378 0.002851
200 1487 901 0.006914
300 2422 1418 0.01121
400 3902 2512 0.018602
500 5091 2718 0.022557
600 5449 3618 0.02631
700 6352 4409 0.03106
800 7579 4923 0.036121
900 8932 5025 0.040162
1000 10924 6605 0.050588
1100 11052 7221 0.052882
1200 12811 8420 0.061444
1300 13363 8308 0.062595
1400 16797 8553 0.073527
1500 17229 9223 0.076438
1600 17433 12144 0.08558
1700 18304 11444 0.086008
1800 20290 11683 0.092523
1900 21033 13136 0.098665
2000 22351 14130 0.105008
100 568 432 0.002942
200 1456 1065 0.007287
300 2397 1600 0.011543
400 3657 1998 0.016477
500 4272 3024 0.020958
600 5140 3490 0.025011
700 6358 4204 0.030359
800 7578 4809 0.035814
900 8693 5767 0.041846
1000 9625 5932 0.045013
1100 13507 7709 0.061482
1200 13634 7804 0.062339
1300 13913 7620 0.06227
1400 14919 8629 0.068096
1500 15546 9852 0.073249
1600 17312 10098 0.079178
1700 20770 13109 0.098075
1800 19533 11908 0.090724
1900 22102 12926 0.101467
2000 24530 15093 0.114702
100 632 447 0.003141
200 1490 930 0.00701
300 2393 1685 0.011845
400 3531 2435 0.017265
500 4385 2897 0.021067
600 5957 3829 0.028374
700 7334 4823 0.035223
800 7644 5064 0.036739
900 8983 5896 0.04295
1000 9794 6200 0.046278
1100 11093 7270 0.053171
1200 12519 7549 0.058093
1300 14708 8272 0.066419
1400 14172 8757 0.06624
1500 16219 9994 0.07586
1600 17761 10730 0.082342
1700 17812 10901 0.083278
1800 20189 11437 0.091418
1900 20584 12792 0.096506
2000 22589 12894 0.102518
100 670 433 0.003258
200 1389 1037 0.00702
300 2408 1744 0.012064
400 3395 2157 0.016009
500 4326 2916 0.020935
600 5298 3456 0.02539
700 6274 4083 0.029942
800 7828 4850 0.036575
900 9176 6136 0.044193
1000 10230 6341 0.047726
1100 11057 7332 0.053107
1200 13995 8820 0.06604
1300 13969 7947 0.063347
1400 14758 8950 0.068617
1500 16306 10028 0.076235
1600 17817 10408 0.081722
1700 18993 11357 0.087644
1800 19343 11994 0.090701
1900 22516 14173 0.106087
2000 22954 12890 0.103486
100 681 424 0.003195
200 1567 906 0.007153
300 2388 1616 0.011581
400 3445 2091 0.016027
500 4459 3035 0.021727
600 6150 3525 0.027967
700 6935 4051 0.031704
800 7379 4847 0.035382
900 8586 5710 0.041404
1000 10031 6758 0.048692
1100 12469 7959 0.058888
1200 11878 8145 0.057974
1300 13912 8421 0.064523
1400 14018 9552 0.06805
1500 15513 9729 0.072869
1600 16485 11253 0.080167
1700 22098 13198 0.101828
1800 20360 13952 0.099288
1900 21398 12544 0.098149
2000 23984 14573 0.111322
100 641 505 0.003327
200 1514 1208 0.007934
300 2392 1604 0.011676
400 3253 2317 0.016038
500 4313 3031 0.021191
600 5601 3587 0.026666
700 6544 4359 0.031466
800 7878 4986 0.037087
900 8720 5305 0.040756
1000 10270 6309 0.047977
1100 11709 7301 0.055017
1200 12789 7713 0.059249
1300 13861 8971 0.066124
1400 15029 10050 0.072621
1500 15917 9281 0.072661
1600 17202 11537 0.083269
1700 19081 10685 0.086055
1800 20434 12918 0.096578
1900 21842 13245 0.101564
2000 23288 13775 0.106772
100 620 483 0.003197
200 1578 987 0.007411
300 2397 1492 0.01131
400 3281 2198 0.015891
500 4230 2718 0.019985
600 6085 4032 0.029297
700 6565 4121 0.030906
800 9482 6003 0.044699
900 8889 5620 0.041878
1000 9911 6500 0.047608
1100 11508 7256 0.054141
1200 12555 8925 0.062147
1300 13172 8109 0.061326
1400 15015 9564 0.07106
1500 16360 9876 0.075884
1600 18080 10063 0.081145
1700 19430 12359 0.091739
1800 20430 12212 0.094545
1900 20784 13887 0.100209
2000 22993 13823 0.106413
100 558 444 0.002946
200 1401 1012 0.006972
300 2383 1507 0.011218
400 3264 2057 0.015415
500 4165 2960 0.020593
600 5951 3607 0.027657
700 6512 4793 0.032618
800 7541 5095 0.036439
900 9683 6033 0.04543
1000 10132 6097 0.047018
1100 10729 6917 0.050971
1200 13190 7225 0.058905
1300 13926 10130 0.069554
1400 15140 9634 0.071722
1500 15808 9806 0.074048
1600 17675 11053 0.08331
1700 18398 11513 0.085974
1800 20443 13486 0.097878
1900 20816 12995 0.097665
2000 22493 13325 0.103457
100 675 408 0.00315
200 1562 949 0.007229
300 2502 1703 0.012237
400 3243 2225 0.01578
500 4266 2913 0.02079
600 5958 3785 0.028074
700 6716 3887 0.030689
800 7844 4640 0.036093
900 9151 6598 0.045576
1000 9619 6713 0.047341
1100 10748 7022 0.051581
1200 12832 7982 0.060198
1300 13772 8826 0.065292
1400 14597 9134 0.068634
1500 16499 11220 0.08015
1600 17801 11067 0.083458
1700 18019 11231 0.084658
1800 20456 12365 0.094719
1900 21384 13133 0.099773
2000 24100 13528 0.108413
100 605 450 0.003044
200 1348 1053 0.006962
300 2405 1649 0.01162
400 3256 2357 0.016137
500 4764 3257 0.023198
600 5330 3531 0.025504
700 6439 4373 0.031278
800 7741 4493 0.03541
900 9052 5722 0.042644
1000 9483 5844 0.044291
1100 10671 7460 0.052484
1200 11663 7549 0.055313
1300 13680 8781 0.064671
1400 14066 9596 0.068385
1500 16243 10862 0.078054
1600 16222 10643 0.077675
1700 17666 11181 0.083479
1800 19231 12784 0.092728
1900 21402 12961 0.099107
2000 21874 13494 0.103069
100 618 478 0.003209
200 1385 1003 0.006894
300 2343 1513 0.011178
400 3542 2107 0.01635
500 5142 3081 0.02372
600 6068 3320 0.027169
700 6398 4163 0.03063
800 7529 4897 0.035853
900 8586 5506 0.040753
1000 10366 6725 0.049455
1100 11177 7307 0.053658
1200 12847 8564 0.061877
1300 14107 8684 0.066106
1400 14946 9948 0.071855
1500 16389 9820 0.075628
1600 17232 10316 0.079685
1700 18843 12045 0.089476
1800 21053 12727 0.097693
1900 21166 13682 0.100865
2000 22748 14168 0.106956
100 598 437 0.002955
200 1578 1086 0.007737
300 2438 1616 0.011785
400 3327 2355 0.016408
500 4582 2814 0.021366
600 5674 3808 0.027557
700 6365 4376 0.031063
800 7614 4784 0.035641
900 9955 6330 0.047035
1000 10516 5943 0.047569
1100 11438 7860 0.055742
1200 12805 7941 0.060055
1300 13403 8557 0.063595
1400 14920 9383 0.070362
1500 17767 11284 0.084049
1600 16921 11067 0.08102
1700 19166 12952 0.093102
1800 19453 11881 0.090667
1900 21074 12293 0.096582
2000 24561 13925 0.111151
100 585 439 0.002981
200 1431 1065 0.007266
300 2297 1539 0.01105
400 3562 2183 0.016602
500 4364 3032 0.021433
600 5912 3957 0.028379
700 6728 4650 0.032988
800 7350 4879 0.035287
900 8639 5939 0.042109
1000 9991 6831 0.048636
1100 11784 7393 0.055516
1200 12737 7713 0.05882
1300 13216 7888 0.060973
1400 15655 8728 0.070947
1500 15174 9263 0.070685
1600 16855 10794 0.079933
1700 19550 11600 0.090185
1800 20825 13071 0.098093
1900 20952 13677 0.100347
2000 22034 13521 0.102425
100 603 413 0.002921
200 1386 930 0.006647
300 2315 1596 0.011245
400 3575 2075 0.016283
500 4874 3141 0.023118
600 5986 3836 0.028186
700 6288 4062 0.029613
800 7445 4782 0.03508
900 8560 5775 0.041211
1000 9950 6418 0.046932
1100 11048 6465 0.050179
1200 13543 7826 0.06139
1300 13842 9310 0.066471
1400 14934 8230 0.066523
1500 15547 10197 0.074123
1600 17641 10615 0.081055
1700 19654 12697 0.092743
1800 19556 11487 0.089203
1900 21504 12815 0.09826
2000 22353 12916 0.101199
100 597 458 0.003089
200 1764 1145 0.008376
300 2239 1471 0.010693
400 3337 1928 0.015119
500 5014 3388 0.024303
600 5089 3376 0.02416
700 6377 3829 0.029287
800 7588 4903 0.035764
900 8826 5276 0.040418
1000 10112 6095 0.0466
1100 10984 7411 0.052898
1200 13201 7635 0.059807
1300 13576 9279 0.065558
1400 15744 9899 0.073586
1500 15252 9929 0.072283
1600 17838 11236 0.083553
1700 18196 12339 0.08775
1800 19616 12214 0.091455
1900 20252 11751 0.091816
2000 22040 14060 0.103802
100 569 438 0.002876
200 1404 995 0.00689
300 2309 1591 0.01119
400 3236 2260 0.015763
500 4621 2848 0.021498
600 5688 3629 0.026788
700 6844 3670 0.030265
800 7784 5196 0.037109
900 8920 5970 0.042828
1000 9843 5909 0.045119
1100 11451 7303 0.053917
1200 13426 7984 0.061506
1300 13977 7518 0.061706
1400 14612 9909 0.070262
1500 16275 9398 0.073785
1600 18744 10997 0.085403
1700 19040 12494 0.09057
1800 21555 11271 0.094108
1900 22417 12705 0.100822
2000 22945 13713 0.105343
100 619 454 0.003096
200 1625 1038 0.007613
300 2641 1574 0.012137
400 3204 2197 0.015515
500 4343 2543 0.019822
600 5906 3404 0.026798
700 6953 4010 0.03155
800 7375 4956 0.035426
900 9603 5441 0.043194
1000 10107 6841 0.048632
1100 10729 7033 0.050958
1200 13046 8309 0.061259
1300 13523 7581 0.060601
1400 15756 8895 0.070677
1500 16728 10694 0.078747
1600 17274 11912 0.083845
1700 17921 11669 0.085158
1800 21125 11897 0.095005
1900 22343 13186 0.102053
2000 22284 14905 0.106999
100 578 469 0.002994
200 1418 1018 0.007017
300 2181 1537 0.010726
400 3344 2205 0.015972
500 4228 2787 0.020237
600 5310 3511 0.025339
700 6769 4173 0.031347
800 8169 4607 0.0367
900 8644 5881 0.041723
1000 10618 5833 0.047257
1100 11413 7019 0.052965
1200 12059 7611 0.056508
1300 14461 8754 0.066647
1400 15268 9254 0.070562
1500 16156 9690 0.074395
1600 18147 10903 0.083526
1700 18226 12324 0.087744
1800 22099 12070 0.098187
1900 21620 14040 0.102437
2000 22301 13543 0.102821
100 577 458 0.002967
200 1361 998 0.006781
300 2545 1653 0.012119
400 3633 2567 0.017794
500 4479 2585 0.020231
600 5214 3403 0.024794
700 6897 3928 0.031081
800 8431 5076 0.038789
900 8515 5454 0.040154
1000 10314 6234 0.047519
1100 12367 6892 0.055211
1200 12457 7291 0.05664
1300 13942 9518 0.067385
1400 15230 9916 0.072109
1500 15963 10201 0.075193
1600 18459 10404 0.083075
1700 19905 12447 0.092922
1800 18882 11951 0.088696
1900 20233 12600 0.094054
2000 22832 14288 0.10653
100 584 392 0.002834
200 1600 904 0.007223
300 2495 1534 0.011571
400 3289 2426 0.016405
500 5025 2514 0.021689
600 5844 3632 0.02714
700 6347 4002 0.029699
800 7823 4527 0.035435
900 8814 5602 0.041396
1000 9590 6196 0.045214
1100 11735 7589 0.055554
1200 13660 7596 0.061155
1300 13098 8759 0.062931
1400 14881 9946 0.0713
1500 16885 10533 0.078636
1600 18365 10910 0.083938
1700 18191 10818 0.083113
1800 19456 12624 0.092229
1900 22083 12809 0.100023
2000 23795 14462 0.109927
100 568 454 0.002955
200 1528 936 0.007075
300 2230 1752 0.01142
400 3283 2213 0.015852
500 5527 3639 0.026418
600 5318 3907 0.026533
700 6557 4123 0.030669
800 8045 4628 0.036301
900 8579 5194 0.0397
1000 10105 5993 0.0462
1100 12239 7548 0.057036
1200 12007 7675 0.056759
1300 14721 9068 0.068434
1400 15382 9259 0.071048
1500 17187 10889 0.080992
1600 17804 11307 0.083911
1700 19575 11068 0.088353
1800 20034 11830 0.091642
1900 21272 13670 0.100371
2000 23209 14779 0.10902
100 592 482 0.003111
200 1459 1080 0.007324
300 2560 1674 0.012224
400 3131 2103 0.015052
500 4119 2934 0.020328
600 5457 3080 0.024451
700 7230 4329 0.033327
800 7891 5143 0.037371
900 8828 5639 0.041488
1000 9977 6293 0.046814
1100 11744 7898 0.056298
1200 11983 7936 0.05734
1300 13196 8678 0.063002
1400 15033 9466 0.070598
1500 17678 8815 0.076171
1600 17623 10060 0.079575
1700 18144 11627 0.085676
1800 20203 13551 0.097247
1900 20361 12215 0.093402
2000 23018 14621 0.108151
100 585 382 0.002776
200 1488 1012 0.00723
300 2282 1582 0.011117
400 3289 2058 0.015361
500 4333 3067 0.021311
600 5200 3600 0.025317
700 6411 4236 0.030563
800 7666 4581 0.035088
900 11180 5316 0.047223
1000 9613 6103 0.04526
1100 11487 6700 0.05239
1200 13024 7223 0.058156
1300 14524 9492 0.069039
1400 15623 9585 0.072573
1500 16061 10133 0.075268
1600 18892 11553 0.087664
1700 18281 11957 0.087018
1800 19959 12576 0.09367
1900 21222 12967 0.098151
2000 23002 14048 0.106529
100 622 504 0.003239
200 1396 1070 0.007056
300 2410 1872 0.012347
400 3286 2231 0.015882
500 4387 2589 0.02003
600 5373 3541 0.025741
700 7420 3960 0.032668
800 9208 4924 0.040711
900 8771 6043 0.042645
1000 10358 6220 0.047555
1100 11557 6737 0.05272
1200 13069 8398 0.0617
1300 13519 8927 0.064655
1400 14536 8836 0.067211
1500 15827 10423 0.075573
1600 17080 10378 0.078797
1700 19398 12255 0.090654
1800 19447 12628 0.092203
1900 21594 13750 0.101711
2000 22102 15350 0.107698
100 625 387 0.002909
200 1545 1037 0.007427
300 2250 1621 0.011088
400 3422 2467 0.016929
500 4450 2817 0.020847
600 5624 3647 0.026641
700 6199 4386 0.030481
800 8043 5629 0.039212
900 9065 5843 0.042746
1000 10263 6624 0.04849
1100 11594 6764 0.052708
1200 13583 8552 0.063514
1300 14217 8073 0.064241
1400 15124 10563 0.074053
1500 15948 10846 0.07707
1600 17142 11594 0.082694
1700 18316 11118 0.084674
1800 19113 12281 0.090342
1900 21490 12775 0.098529
2000 23504 14386 0.108829
100 560 422 0.002823
200 1689 941 0.007545
300 2388 1589 0.011418
400 3410 2210 0.016138
500 4390 3120 0.021646
600 5395 3121 0.02439
700 6364 4319 0.030671
800 7548 4909 0.035734
900 9094 5318 0.04126
1000 10314 6221 0.047459
1100 11843 7043 0.054193
1200 12515 7553 0.057603
1300 13195 8039 0.06112
1400 15358 9957 0.072703
1500 16316 10124 0.075986
1600 16782 11106 0.079954
1700 19348 10823 0.086544
1800 19988 12192 0.09235
1900 23871 12099 0.103331
2000 23737 12857 0.105153
100 625 406 0.002979
200 1417 911 0.006672
300 2494 1393 0.011118
400 3533 2378 0.017021
500 4648 2740 0.021319
600 5565 3303 0.025374
700 6684 4144 0.031196
800 7912 5042 0.037127
900 8535 5800 0.041298
1000 10070 6404 0.047427
1100 11562 6570 0.05214
1200 12404 7934 0.05851
1300 13206 8619 0.062678
1400 14722 8488 0.06679
1500 15902 10230 0.075054
1600 17521 10329 0.080115
1700 18217 11464 0.085746
1800 19888 12821 0.093995
1900 20692 13293 0.097603
2000 24200 13515 0.108318
100 625 419 0.00301
200 1357 952 0.006634
300 2420 1672 0.011835
400 3222 2163 0.015549
500 4426 3128 0.021677
600 5582 3583 0.026372
700 6534 4272 0.031053
800 7319 4832 0.035002
900 9508 5505 0.043019
1000 10827 6531 0.049869
1100 11100 7127 0.052206
1200 12326 7154 0.05604
1300 13651 8566 0.063706
1400 16954 10428 0.078869
1500 15840 9852 0.073869
1600 16619 11499 0.081085
1700 18579 11517 0.08656
1800 20015 12740 0.094274
1900 21843 13622 0.102286
2000 21696 14785 0.105143
