100 2522 2526 0.015508
200 11461 11468 0.066133
300 22339 22343 0.128697
400 40880 40884 0.235637
500 62311 62317 0.358813
600 91251 91258 0.52643
700 122137 122139 0.704348
800 164999 165010 0.950951
900 204996 205002 1.18112
1000 255101 255106 1.47105
1100 305011 305014 1.75769
1200 359095 359104 2.06562
1300 413330 413336 2.37696
1400 487044 487047 2.81455
1500 545659 545668 3.1635
1600 632692 632698 3.64371
1700 724756 724759 4.16277
1800 838368 838375 4.85119
1900 923452 923461 5.34537
2000 1000572 1000574 5.80284
100 2542 2546 0.014814
200 10419 10421 0.060544
300 22422 22423 0.130243
400 40885 40888 0.236608
500 62674 62679 0.362498
600 91633 91637 0.531539
700 126936 126942 0.737009
800 164928 164934 0.959118
900 204810 204819 1.18757
1000 258507 258514 1.50278
1100 300185 300189 1.73891
1200 362111 362117 2.09995
1300 414481 414486 2.3996
1400 491112 491114 2.8505
1500 555976 555985 3.22937
1600 644022 644025 3.74309
1700 700421 700429 4.06692
1800 820337 820345 4.76279
1900 903622 903627 5.24378
2000 989263 989268 5.74179
100 2858 2861 0.016607
200 10938 10945 0.063609
300 21861 21867 0.126848
400 40575 40582 0.235706
500 58583 58588 0.340246
600 92063 92069 0.533854
700 129534 129540 0.753309
800 163377 163385 0.95028
900 199098 199103 1.15729
1000 251431 251439 1.46237
1100 306810 306815 1.78262
1200 357938 357947 2.07582
1300 424937 424945 2.46868
1400 482544 482550 2.80319
1500 560858 560859 3.26473
1600 661080 661085 3.83992
1700 734513 734521 4.26511
1800 805751 805759 4.67314
1900 893266 893270 5.16176
2000 1012856 1012865 5.87177
100 2611 2615 0.015137
200 8930 8932 0.051808
300 23388 23392 0.136245
400 41377 41385 0.240278
500 64278 64283 0.372455
600 92508 92511 0.536426
700 122677 122683 0.713081
800 156510 156513 0.910018
900 202176 202184 1.17535
1000 248211 248217 1.44297
1100 298234 298239 1.73303
1200 353724 353731 2.0546
1300 438322 438330 2.54784
1400 505376 505386 2.93706
1500 568334 568341 3.30252
1600 629891 629896 3.66383
1700 720940 720941 4.18919
1800 818690 818700 4.75105
1900 920421 920427 5.33776
2000 1011332 1011338 5.85959
100 2601 2602 0.015221
200 9830 9833 0.056699
300 22014 22022 0.127592
400 40476 40486 0.233714
500 61677 61682 0.355361
600 89906 89910 0.523911
700 117663 117667 0.680969
800 169206 169212 0.977002
900 200838 200841 1.16343
1000 251497 251503 1.45151
1100 306588 306593 1.77043
1200 355983 355984 2.05763
1300 416432 416439 2.40959
1400 490696 490700 2.83689
1500 565650 565655 3.26857
1600 623819 623826 3.60365
1700 742569 742573 4.28739
1800 806693 806697 4.67261
1900 896214 896223 5.18173
2000 999613 999618 5.77423
100 2703 2706 0.015618
200 9646 9652 0.055641
300 23553 23556 0.135712
400 39712 39717 0.229868
500 62528 62533 0.360817
600 93674 93682 0.542257
700 122207 122214 0.705982
800 153444 153449 0.886133
900 196194 196199 1.13405
1000 247646 247652 1.43417
1100 287190 287195 1.65799
1200 370152 370159 2.1271
1300 413950 413957 2.38538
1400 488806 488808 2.81519
1500 554017 554023 3.19197
1600 645715 645718 3.72235
1700 730940 730944 4.20705
1800 803214 803220 4.61996
1900 893953 893961 5.14649
2000 1003800 1003808 5.76937
100 2643 2647 0.015249
200 9650 9655 0.055461
300 24810 24812 0.142319
400 38193 38196 0.219403
500 63653 63660 0.365101
600 91828 91832 0.527559
700 122326 122332 0.704106
800 166170 166182 0.955372
900 204887 204892 1.17736
1000 254126 254129 1.46116
1100 306466 306474 1.76211
1200 358818 358825 2.06357
1300 421322 421329 2.4311
1400 485699 485705 2.79751
1500 567383 567388 3.27027
1600 637600 637613 3.67462
1700 727895 727899 4.18752
1800 809718 809724 4.66068
1900 920785 920790 5.29492
2000 1021820 1021829 5.87546
100 2758 2761 0.015842
200 10184 10187 0.058532
300 21733 21735 0.124709
400 40032 40034 0.230255
500 61883 61889 0.355479
600 90915 90919 0.522233
700 119444 119448 0.686952
800 159821 159824 0.920102
900 194305 194309 1.11671
1000 256893 256898 1.47754
1100 299907 299912 1.72551
1200 352713 352719 2.02758
1300 415879 415884 2.39234
1400 492398 492409 2.83258
1500 569090 569095 3.27295
1600 637783 637791 3.66744
1700 731174 731185 4.21179
1800 820749 820757 4.71915
1900 898591 898597 5.16664
2000 986635 986641 5.67469
100 2718 2724 0.015556
200 9452 9457 0.054471
300 20666 20671 0.119051
400 40360 40367 0.23221
500 64364 64369 0.370239
600 90993 91001 0.523435
700 123895 123903 0.712242
800 156858 156862 0.903351
900 207747 207751 1.19635
1000 251134 251135 1.44696
1100 291279 291288 1.67906
1200 370143 370145 2.1334
1300 418548 418557 2.41301
1400 474433 474437 2.73668
1500 545768 545772 3.14905
1600 626855 626859 3.60668
1700 723944 723949 4.16312
1800 798791 798799 4.59647
1900 878758 878766 5.04999
2000 995695 995704 5.72921
100 2602 2605 0.015
200 10497 10504 0.060343
300 21164 21167 0.121754
400 40354 40362 0.232382
500 60639 60646 0.348586
600 92045 92052 0.527636
700 117706 117713 0.677202
800 168627 168634 0.970084
900 198278 198283 1.14087
1000 247725 247730 1.42574
1100 306149 306154 1.76126
1200 361908 361920 2.08315
1300 426876 426884 2.45524
1400 490956 490959 2.82323
1500 556677 556681 3.19682
1600 646684 646689 3.71566
1700 742263 742269 4.27483
1800 795080 795085 4.58324
1900 905875 905884 5.2367
2000 980696 980700 5.62797
