100 568 385 0.003743
200 1462 828 0.007212
300 2432 1567 0.011469
400 3566 1956 0.015716
500 4694 3077 0.022205
600 6291 4408 0.030778
700 6655 4060 0.030519
800 9278 4609 0.039645
900 9338 5434 0.042327
1000 10932 6142 0.048754
1100 11827 6935 0.053671
1200 12859 7390 0.057991
1300 14716 7982 0.064762
1400 17973 9368 0.078344
1500 16939 9300 0.075215
1600 19401 11404 0.08856
1700 20255 11102 0.08985
1800 21339 11172 0.093433
1900 22623 12686 0.101347
2000 25012 13774 0.111064
100 660 331 0.00283
200 1852 1330 0.009134
300 2586 1679 0.01205
400 3405 2049 0.01555
500 4540 3028 0.021691
600 6087 3127 0.026318
700 6810 4117 0.031507
800 8645 5637 0.040894
900 9277 5516 0.042414
1000 11081 6459 0.049975
1100 12830 7201 0.057281
1200 13850 8291 0.063273
1300 14816 8772 0.067716
1400 15815 10004 0.074144
1500 16582 8744 0.072922
1600 18885 10524 0.084831
1700 20224 10910 0.089719
1800 22050 13690 0.102402
1900 23451 13962 0.107061
2000 24204 13736 0.108549
100 689 465 0.003305
200 1726 1041 0.007962
300 2607 1477 0.0117
400 3441 2138 0.016055
500 4820 2592 0.020993
600 5659 3509 0.02625
700 6580 3919 0.029811
800 8084 4462 0.035937
900 10079 4881 0.04254
1000 10785 6354 0.048749
1100 12559 6752 0.055256
1200 14119 7638 0.062244
1300 14875 9622 0.069881
1400 15835 9369 0.072038
1500 16700 9263 0.074219
1600 18436 11122 0.084459
1700 20879 12431 0.094951
1800 23342 13337 0.104904
1900 23048 13420 0.104443
2000 23183 13128 0.104066
100 599 347 0.002748
200 1432 911 0.006697
300 2654 1292 0.011295
400 3448 1906 0.01542
500 4935 3009 0.02268
600 5616 3463 0.025831
700 7246 4650 0.034063
800 7921 4519 0.035398
900 9949 5986 0.04529
1000 11365 7071 0.052914
1100 11808 6938 0.053658
1200 13235 7826 0.060525
1300 14881 8517 0.067274
1400 16675 8658 0.072602
1500 17160 8917 0.074523
1600 18525 10350 0.082104
1700 19101 11679 0.087948
1800 20986 12028 0.094286
1900 22952 12260 0.100853
2000 24690 13735 0.109914
100 634 404 0.002998
200 1475 899 0.00682
300 2339 1485 0.010914
400 3686 2165 0.016725
500 4854 3052 0.022609
600 6208 3603 0.027922
700 7318 3810 0.031838
800 8510 4685 0.037716
900 9912 5531 0.044215
1000 12916 8245 0.060709
1100 11559 6061 0.050188
1200 13711 7217 0.059767
1300 15197 9723 0.0713
1400 17220 8292 0.072765
1500 18778 10915 0.0855
1600 18463 11061 0.08459
1700 20407 11526 0.092045
1800 21406 12143 0.096605
1900 24818 13483 0.109645
2000 23800 14289 0.109206
100 626 325 0.002749
200 1717 1059 0.00802
300 2503 1402 0.011198
400 3612 1931 0.015779
500 4506 2868 0.021237
600 5862 3564 0.026996
700 6840 3892 0.030556
800 7783 4245 0.034452
900 10448 7028 0.050272
1000 10516 5904 0.047117
1100 13339 7961 0.060949
1200 13310 7052 0.058188
1300 14712 8886 0.067659
1400 15363 9335 0.07043
1500 17405 9373 0.076688
1600 21197 11740 0.094298
1700 20716 13200 0.097233
1800 20601 11345 0.091559
1900 21901 11942 0.096623
2000 26390 16530 0.122822
100 583 351 0.002734
200 1583 910 0.007168
300 2462 1684 0.011902
400 3726 2122 0.016646
500 4671 2697 0.020899
600 6340 3723 0.028749
700 7618 4112 0.033471
800 8399 5232 0.038827
900 10629 5805 0.046849
1000 10032 5775 0.04523
1100 11621 6990 0.053042
1200 13231 7603 0.059742
1300 14020 8270 0.063582
1400 17153 9849 0.07708
1500 16309 9934 0.075054
1600 20518 11776 0.092576
1700 19489 10279 0.084816
1800 21693 13610 0.101142
1900 21627 11359 0.094238
2000 24866 14479 0.112576
100 663 449 0.003197
200 1448 858 0.006549
300 2576 1437 0.011708
400 3823 2214 0.017306
500 4824 2485 0.020986
600 5700 3415 0.026145
700 6856 4166 0.03176
800 9112 5238 0.041057
900 9346 5478 0.042394
1000 10367 5449 0.045229
1100 12100 7519 0.05608
1200 13598 7136 0.059319
1300 15507 8846 0.069655
1400 15500 9489 0.071669
1500 16827 9908 0.076512
1600 18739 9452 0.080587
1700 22057 10476 0.093489
1800 22533 12677 0.100857
1900 22243 13488 0.102485
2000 22442 12626 0.100509
100 738 432 0.003335
200 1553 1076 0.007478
300 2768 1562 0.012342
400 3381 2158 0.01584
500 4845 3174 0.022764
600 5618 3390 0.025969
700 7545 5000 0.035714
800 9114 4741 0.039533
900 10029 5906 0.045549
1000 10461 6289 0.048119
1100 13421 7279 0.059203
1200 13180 7131 0.058029
1300 15787 8646 0.069887
1400 15652 9979 0.073108
1500 17801 11220 0.08319
1600 19366 10963 0.08674
1700 19199 11586 0.088356
1800 23676 12656 0.104404
1900 21883 12133 0.097627
2000 24362 12972 0.107177
100 680 472 0.003306
200 2031 1090 0.008966
300 2639 1723 0.012604
400 3752 2271 0.017156
500 4465 2772 0.02072
600 6466 3698 0.029209
700 6786 3954 0.030757
800 8449 4738 0.037641
900 8845 5714 0.041613
1000 11077 5730 0.048185
1100 11304 6600 0.051559
1200 13188 7133 0.058703
1300 14011 8243 0.063727
1400 16320 9173 0.073025
1500 17831 9584 0.078473
1600 18720 10078 0.082235
1700 20525 12855 0.095567
1800 21819 11821 0.096456
1900 22394 14250 0.104773
2000 24090 14168 0.109474
