100 610 349 0.003405
200 1620 961 0.007459
300 2834 1801 0.013278
400 3501 1844 0.01543
500 4692 2933 0.021784
600 6996 4544 0.032916
700 7511 4124 0.033477
800 7764 5023 0.036498
900 9222 4992 0.040445
1000 11113 7474 0.053234
1100 12428 7372 0.056507
1200 13112 8093 0.060663
1300 15112 8683 0.067927
1400 16947 8625 0.073136
1500 17375 9142 0.075766
1600 20648 11165 0.091776
1700 19944 11865 0.091355
1800 21390 12017 0.09595
1900 22825 12597 0.101974
2000 24436 13953 0.109898
100 705 556 0.003591
200 1793 1269 0.008779
300 2230 1403 0.010432
400 3570 2217 0.016539
500 5046 2938 0.022906
600 6102 3156 0.026482
700 6949 4199 0.03212
800 8985 5912 0.042705
900 9530 5544 0.04304
1000 11015 5668 0.047682
1100 11993 7226 0.055028
1200 12729 6988 0.056335
1300 14496 9023 0.06744
1400 14816 8878 0.06773
1500 16748 10405 0.077869
1600 18365 9519 0.080424
1700 19958 10721 0.088713
1800 21226 12542 0.096768
1900 23597 12852 0.104185
2000 25252 15754 0.116905
100 549 370 0.00267
200 1457 1014 0.007108
300 2623 1778 0.012636
400 3645 2381 0.017171
500 4562 3201 0.022302
600 6412 3151 0.027466
700 6652 4194 0.031071
800 8253 4868 0.037377
900 9870 5494 0.043912
1000 10452 6587 0.048664
1100 11404 6145 0.04999
1200 13558 8287 0.062396
1300 13742 8024 0.062192
1400 16494 9058 0.072888
1500 16847 9382 0.075013
1600 17998 11349 0.083877
1700 19166 11443 0.087804
1800 20995 10842 0.091755
1900 23840 12226 0.102802
2000 23922 15060 0.111384
100 654 514 0.00337
200 1627 993 0.007491
300 2413 1486 0.011141
400 3689 2525 0.017804
500 4457 2673 0.020374
600 5745 3226 0.025745
700 6834 4222 0.031492
800 7899 5073 0.037053
900 8815 5076 0.039809
1000 11642 7618 0.054914
1100 12652 7969 0.058848
1200 12764 7889 0.059084
1300 15966 9984 0.07417
1400 17374 10113 0.078715
1500 17039 10491 0.078599
1600 18728 11403 0.086492
1700 19397 10820 0.086429
1800 22785 13001 0.101942
1900 23256 13242 0.104072
2000 24555 15535 0.114628
100 581 416 0.002915
200 1469 935 0.006951
300 2540 1636 0.011985
400 3465 2217 0.016239
500 4931 2342 0.020823
600 6236 3281 0.026988
700 6735 3821 0.030092
800 9385 5491 0.04228
900 10556 5994 0.047255
1000 11079 6551 0.050379
1100 13084 7708 0.059168
1200 12806 6894 0.056717
1300 14820 9827 0.070516
1400 16485 9466 0.074062
1500 17529 9933 0.078799
1600 19803 10557 0.087395
1700 18932 12053 0.089551
1800 21163 12076 0.095255
1900 24883 14291 0.112036
2000 24899 13576 0.110024
100 622 357 0.002841
200 1622 1193 0.007961
300 2582 1531 0.01182
400 3348 1942 0.015232
500 4648 2610 0.020805
600 5673 2973 0.024676
700 7368 5045 0.035458
800 8813 4764 0.0388
900 9444 5366 0.042282
1000 11268 5986 0.049205
1100 12380 7397 0.056908
1200 14306 7623 0.062697
1300 14522 7888 0.063958
1400 15375 8933 0.069239
1500 17202 9488 0.076122
1600 19097 10844 0.085404
1700 20266 10523 0.088003
1800 20953 11397 0.092544
1900 22794 13132 0.103034
2000 24209 14046 0.109438
100 701 501 0.003404
200 1602 1045 0.007642
300 2829 1942 0.013663
400 3535 2424 0.016984
500 4611 3017 0.021945
600 5685 3276 0.025553
700 7162 4526 0.033418
800 8108 5096 0.037719
900 9912 5133 0.043033
1000 10987 7428 0.052906
1100 12614 8034 0.059399
1200 13685 7247 0.059835
1300 16246 9720 0.074445
1400 16593 10168 0.076975
1500 19459 10677 0.086563
1600 20140 10709 0.088133
1700 20192 12340 0.093149
1800 20356 11716 0.092009
1900 22714 13044 0.102063
2000 26161 14781 0.116844
100 602 394 0.002843
200 1911 1055 0.008507
300 2451 1662 0.011777
400 3834 2241 0.017353
500 5067 2959 0.022875
600 5981 3473 0.02698
700 7200 4195 0.032695
800 8441 4769 0.037776
900 9859 5685 0.044285
1000 10852 6173 0.048654
1100 12184 7933 0.057582
1200 12954 7352 0.057846
1300 13687 8421 0.06319
1400 16329 10925 0.077733
1500 18443 9329 0.079266
1600 17725 10176 0.079486
1700 20330 11639 0.091186
1800 21464 10591 0.091595
1900 25172 13319 0.109965
2000 24036 12937 0.105579
100 668 380 0.002992
200 1588 1173 0.007914
300 2569 1584 0.01191
400 3552 1953 0.015758
500 4415 2653 0.020296
600 5778 2850 0.024665
700 8028 4409 0.035611
800 8398 5119 0.038667
900 9639 6295 0.045577
1000 10800 6065 0.048345
1100 13116 7704 0.059682
1200 12860 6864 0.056823
1300 16029 9455 0.07268
1400 16620 9655 0.074994
1500 18078 8982 0.077009
1600 19060 11038 0.08608
1700 19522 11954 0.09012
1800 20301 11929 0.092179
1900 22391 13267 0.10193
2000 23186 13265 0.104322
100 694 404 0.003173
200 1482 867 0.006609
300 2516 1623 0.01184
400 3487 2011 0.015775
500 4734 2711 0.021232
600 5862 3318 0.026264
700 7665 4400 0.034453
800 8455 4982 0.038295
900 9669 5304 0.042719
1000 12434 6789 0.054923
1100 11683 6603 0.052204
1200 13637 8168 0.0624
1300 14643 8166 0.065179
1400 16318 10553 0.076573
1500 17843 11100 0.082784
1600 19865 11853 0.090957
1700 21828 12300 0.097193
1800 22503 12509 0.100042
1900 22506 11559 0.09752
2000 25035 11713 0.105181
100 627 357 0.002813
200 1470 985 0.006961
300 2717 1761 0.01292
400 3335 1879 0.015047
500 5651 3299 0.025586
600 5643 3315 0.025639
700 7130 3997 0.032027
800 8451 5058 0.038773
900 9934 5799 0.045024
1000 10299 6632 0.048294
1100 12528 7232 0.056435
1200 13060 7168 0.057727
1300 13974 8365 0.063763
1400 16095 10086 0.074646
1500 17370 10697 0.080055
1600 18499 11865 0.086732
1700 21235 12091 0.09548
1800 21508 13801 0.100573
1900 22304 12939 0.101049
2000 24870 13478 0.109539
100 617 441 0.003085
200 1753 1141 0.008297
300 2447 1424 0.01106
400 3738 2467 0.017706
500 4755 2339 0.020235
600 5847 3184 0.025744
700 7637 4102 0.033562
800 7727 4159 0.033928
900 11164 6060 0.049313
1000 11347 5507 0.048091
1100 11486 6210 0.05064
1200 12913 7740 0.058844
1300 14088 7859 0.062706
1400 16677 9453 0.07439
1500 18082 10222 0.08091
1600 19046 10006 0.082805
1700 19609 11434 0.088677
1800 21108 13250 0.098129
1900 23099 13744 0.105121
2000 23521 12447 0.102887
100 654 410 0.003047
200 1516 957 0.007099
300 2565 1483 0.011626
400 3674 2203 0.016906
500 5627 3695 0.026918
600 5668 3533 0.026404
700 7122 4079 0.032198
800 7505 4531 0.034358
900 10540 6273 0.048325
1000 10617 5897 0.047638
1100 11682 6720 0.053256
1200 14318 8815 0.065752
1300 13886 8070 0.062748
1400 16964 9674 0.076289
1500 17056 9248 0.07491
1600 20577 11375 0.091255
1700 19511 12608 0.09182
1800 21858 12101 0.097179
1900 23515 13868 0.106922
2000 25079 15228 0.115302
100 630 416 0.002984
200 1744 1229 0.008578
300 3046 2023 0.014429
400 3450 1868 0.015159
500 4751 2831 0.021733
600 6481 3914 0.029601
700 7045 4057 0.031727
800 8407 4618 0.037294
900 10888 6078 0.048375
1000 12176 7510 0.056243
1100 11714 6982 0.053288
1200 14126 7595 0.062201
1300 14742 8934 0.067744
1400 16019 9454 0.072679
1500 17531 9557 0.077391
1600 18534 10405 0.082869
1700 19625 11344 0.088419
1800 21909 11886 0.09648
1900 26880 14425 0.118864
2000 24664 14764 0.112651
100 658 505 0.003283
200 1539 847 0.006883
300 2328 1391 0.010635
400 3612 1994 0.01605
500 5114 2797 0.022689
600 6133 3280 0.026883
700 8972 6097 0.043269
800 8389 5124 0.03854
900 9711 5884 0.044576
1000 11335 7911 0.05508
1100 13075 7341 0.05842
1200 13866 7596 0.061389
1300 16151 9440 0.073268
1400 15169 8307 0.067199
1500 19775 12943 0.093653
1600 19027 10310 0.08399
1700 20517 12704 0.094618
1800 21136 13102 0.097506
1900 23586 12789 0.103941
2000 25573 15556 0.117341
100 611 414 0.002961
200 1532 1031 0.007373
300 2294 1446 0.010729
400 3754 2079 0.016551
500 4997 3117 0.02323
600 6117 3317 0.027028
700 7339 4020 0.032295
800 8654 5500 0.040428
900 10322 5873 0.046336
1000 10988 6095 0.048711
1100 12055 7694 0.056243
1200 14086 9045 0.066137
1300 16100 9060 0.071743
1400 16483 8310 0.070761
1500 16792 9433 0.074656
1600 19742 11447 0.089395
1700 19919 11120 0.089366
1800 22447 12274 0.098956
1900 22559 12257 0.099299
2000 24011 13114 0.106076
100 594 369 0.002763
200 1624 1074 0.00775
300 3346 1817 0.014595
400 3547 1803 0.015204
500 4530 2553 0.020308
600 6408 4244 0.030512
700 7349 4237 0.033149
800 8140 5464 0.038918
900 10148 5475 0.044475
1000 10032 5762 0.044974
1100 12451 7751 0.057779
1200 13333 8707 0.063102
1300 15233 9250 0.070194
1400 16542 9090 0.073112
1500 17256 11305 0.081681
1600 18486 10735 0.083522
1700 20345 11941 0.092139
1800 22398 12577 0.099914
1900 23169 13054 0.103744
2000 25917 14445 0.11532
100 696 413 0.003261
200 1782 1181 0.008446
300 2732 1752 0.012835
400 3734 2655 0.018176
500 5153 2762 0.022635
600 5545 3780 0.026559
700 7779 3595 0.032617
800 7972 4139 0.034512
900 10180 5397 0.044799
1000 11178 6960 0.051591
1100 12844 6919 0.056615
1200 13498 8683 0.063159
1300 16515 10799 0.078015
1400 16512 10327 0.077137
1500 17121 9676 0.076797
1600 18891 11302 0.086298
1700 21088 11338 0.092309
1800 21128 13514 0.098982
1900 25417 13566 0.111383
2000 24770 14169 0.111083
100 563 337 0.002565
200 1715 1028 0.007923
300 2551 1332 0.011079
400 3403 2241 0.016073
500 4782 2907 0.022097
600 5999 3358 0.026423
700 7164 4701 0.033934
800 8389 4759 0.0378
900 10293 5573 0.045379
1000 11067 6283 0.049509
1100 13325 7313 0.05878
1200 14988 8569 0.067175
1300 14848 7836 0.064733
1400 17307 9115 0.075364
1500 19236 10695 0.085213
1600 17636 9242 0.076757
1700 20392 12553 0.094567
1800 21290 12707 0.096997
1900 22487 12399 0.099726
2000 24730 14109 0.110764
100 787 469 0.003623
200 1497 869 0.006835
300 3005 1835 0.013844
400 3722 2247 0.017028
500 5602 2932 0.024241
600 5841 3463 0.026753
700 7477 4030 0.033137
800 8631 5127 0.03935
900 9266 5222 0.04136
1000 10081 5982 0.045792
1100 12369 7646 0.057547
1200 13668 8115 0.062702
1300 14855 8719 0.068003
1400 15862 9261 0.072379
1500 17670 9999 0.0798
1600 18324 10610 0.083168
1700 19759 11408 0.089611
1800 21593 11391 0.094715
1900 22074 13392 0.101572
2000 24714 14879 0.11368
100 604 362 0.00277
200 1420 907 0.006651
300 2401 1590 0.011479
400 3739 2668 0.0183
500 4610 2854 0.021469
600 6708 3911 0.030326
700 7227 4132 0.032604
800 8663 5700 0.040982
900 9725 5683 0.04424
1000 11169 6424 0.050688
1100 12612 7528 0.058155
1200 13362 8248 0.062358
1300 17540 10826 0.082098
1400 16117 9796 0.074497
1500 16707 9753 0.076317
1600 18864 10690 0.085387
1700 24112 13581 0.109142
1800 22016 13287 0.101709
1900 23847 15312 0.112914
2000 24506 15862 0.116316
100 679 425 0.00316
200 1501 941 0.007014
300 2634 1677 0.012334
400 3557 1908 0.015678
500 4914 3420 0.023955
600 5973 3207 0.026499
700 6904 4473 0.032717
800 9034 5410 0.041518
900 11039 7754 0.054129
1000 11991 6361 0.052599
1100 12984 8654 0.062098
1200 13160 8148 0.060827
1300 14202 7816 0.063398
1400 15668 9382 0.072581
1500 17688 11318 0.083309
1600 18086 10074 0.08098
1700 20432 9816 0.086929
1800 21113 11471 0.093858
1900 22683 13211 0.103318
2000 24875 16834 0.120386
100 722 534 0.003614
200 1477 981 0.007098
300 2523 1616 0.012007
400 3574 2352 0.017069
500 4398 2915 0.021057
600 5821 3701 0.027539
700 7379 4868 0.035309
800 10139 4353 0.041794
900 9531 5631 0.043865
1000 10964 6358 0.050148
1100 12260 6364 0.053781
1200 13787 8406 0.063712
1300 14804 9057 0.068744
1400 16815 10541 0.078844
1500 18328 11389 0.08615
1600 17696 11034 0.083515
1700 20606 12440 0.095319
1800 23262 14256 0.107938
1900 22536 11042 0.096654
2000 24720 15349 0.115368
100 681 395 0.003125
200 1444 935 0.006975
300 2420 1548 0.01139
400 3681 2244 0.017255
500 4417 2572 0.020181
600 6098 4072 0.029463
700 6746 3740 0.03014
800 8235 4455 0.03653
900 10238 4683 0.043049
1000 11017 5797 0.048213
1100 12970 7633 0.059378
1200 13454 7968 0.061595
1300 14491 8365 0.065964
1400 15671 9962 0.073839
1500 18403 11542 0.086105
1600 18619 10053 0.082493
1700 19742 12144 0.09165
1800 19932 11609 0.090993
1900 22182 13255 0.102044
2000 23414 13056 0.104751
100 676 421 0.003163
200 1620 1011 0.007544
300 2487 1428 0.011207
400 3918 2252 0.017592
500 4735 2705 0.021327
600 6163 3839 0.028796
700 7435 4520 0.034573
800 9199 5331 0.041965
900 9485 5351 0.042827
1000 11833 6505 0.053036
1100 13581 7815 0.062044
1200 13195 7731 0.060659
1300 17810 11071 0.083315
1400 17294 9620 0.077335
1500 16554 10227 0.077521
1600 17301 9598 0.077543
1700 20128 11669 0.091726
1800 23146 13268 0.104961
1900 23606 13833 0.107927
2000 23583 15080 0.111327
100 608 421 0.002943
200 1481 1013 0.00717
300 2571 1704 0.012245
400 3912 2151 0.017414
500 4857 2604 0.021443
600 6970 3757 0.030962
700 6695 3584 0.029804
800 7672 4521 0.035138
900 9935 6201 0.046806
1000 10639 6641 0.049988
1100 12044 7289 0.055853
1200 12800 8075 0.059712
1300 14950 8018 0.06632
1400 15442 9212 0.07126
1500 19266 12174 0.09068
1600 18419 10171 0.081854
1700 20567 12611 0.09568
1800 21971 12366 0.098627
1900 22999 13706 0.105566
2000 26438 14003 0.116279
100 593 408 0.002888
200 1512 912 0.00698
300 2442 1350 0.010923
400 4202 2148 0.018133
500 5226 3322 0.024565
600 5437 3357 0.025314
700 6972 4078 0.03183
800 8483 4723 0.038296
900 9729 5891 0.045056
1000 10270 5629 0.045712
1100 12102 6924 0.054983
1200 12460 7509 0.057415
1300 16941 8352 0.073313
1400 15485 8862 0.070095
1500 17996 11526 0.085281
1600 19228 10798 0.086642
1700 20059 11428 0.091051
1800 23314 13635 0.106264
1900 22912 13481 0.104381
2000 24765 13669 0.110698
100 663 436 0.003143
200 1550 1017 0.007381
300 2548 1605 0.011866
400 3263 1825 0.01451
500 4517 3079 0.02172
600 5201 3170 0.024227
700 6710 3987 0.030879
800 7625 4823 0.036011
900 11913 5518 0.050328
1000 9957 5671 0.044727
1100 11594 6796 0.053171
1200 12882 7366 0.058048
1300 15118 7892 0.066328
1400 15787 8389 0.069823
1500 18628 10589 0.084056
1600 20150 10709 0.088641
1700 21082 12373 0.096303
1800 21072 12582 0.096772
1900 22688 12257 0.100581
2000 24818 15286 0.115434
100 667 436 0.003171
200 1697 1125 0.008104
300 2525 1646 0.011925
400 3752 2387 0.017579
500 4667 2623 0.020867
600 6154 3646 0.028092
700 7027 3877 0.031501
800 8574 4676 0.038296
900 8782 5012 0.039752
1000 10636 6007 0.048097
1100 11504 6459 0.051733
1200 12632 7685 0.058397
1300 14431 8134 0.065125
1400 16079 8909 0.072246
1500 17248 10501 0.080238
1600 18069 11517 0.085419
1700 19648 11695 0.090287
1800 23677 14407 0.109587
1900 21699 11917 0.096756
2000 26209 12438 0.11128
100 649 322 0.002852
200 1741 930 0.00763
300 2915 1901 0.013833
400 3612 2461 0.017398
500 5107 2830 0.022797
600 7272 4007 0.032662
700 7284 4417 0.033831
800 7869 4838 0.036738
900 10544 5826 0.04728
1000 12590 6120 0.053949
1100 13209 7498 0.059772
1200 13554 7631 0.061421
1300 15483 9407 0.071879
1400 16977 10386 0.078802
1500 18110 10724 0.083072
1600 18660 10377 0.083443
1700 20067 11418 0.090656
1800 22837 13332 0.104176
1900 24798 13773 0.11103
2000 24418 13841 0.109145
100 699 444 0.0033
200 1519 1055 0.007381
300 2650 1546 0.012036
400 3728 1892 0.015917
500 5009 2692 0.022099
600 5675 3001 0.024933
700 7847 4303 0.034557
800 7997 4751 0.036676
900 9443 4772 0.040828
1000 12527 6763 0.055399
1100 12388 8398 0.059988
1200 13982 7437 0.061722
1300 15982 8920 0.071597
1400 17175 9284 0.076072
1500 17795 9716 0.079133
1600 18767 9493 0.081553
1700 20005 11524 0.090464
1800 20416 12194 0.093544
1900 23338 13402 0.105024
2000 25547 12431 0.108958
100 579 363 0.00268
200 1551 1075 0.007521
300 2375 1391 0.010804
400 4034 2666 0.01923
500 4795 2603 0.021245
600 6947 3526 0.029827
700 7517 4788 0.035334
800 8110 5040 0.037765
900 9620 5787 0.044238
1000 9953 6009 0.045514
1100 12413 8475 0.060095
1200 13332 8168 0.061593
1300 15988 10023 0.075068
1400 15854 8801 0.070972
1500 17278 10451 0.079966
1600 20644 11646 0.093565
1700 20500 13266 0.097028
1800 21439 13824 0.101382
1900 24349 14620 0.112498
2000 23702 12605 0.104283
100 682 424 0.003214
200 1621 935 0.007234
300 2953 1593 0.012991
400 3395 1949 0.015431
500 4724 2675 0.021305
600 5909 3838 0.028121
700 7496 4797 0.035442
800 8993 5658 0.042299
900 9140 5582 0.042211
1000 11948 7718 0.056333
1100 13663 7672 0.061127
1200 13026 7040 0.057671
1300 14856 8818 0.067966
1400 17309 8210 0.073721
1500 17516 10950 0.081869
1600 19184 10469 0.085038
1700 21060 11524 0.093977
1800 21629 12314 0.098309
1900 22283 11661 0.098199
2000 24944 12465 0.109116
100 680 492 0.003375
200 1506 946 0.007115
300 2490 1804 0.012467
400 3559 2223 0.016881
500 5304 3243 0.024802
600 6146 3854 0.029019
700 6595 4247 0.031502
800 9523 4760 0.041419
900 10295 6216 0.047801
1000 10565 5901 0.047034
1100 12293 7582 0.05692
1200 13378 7327 0.059233
1300 14454 8917 0.067147
1400 15740 10631 0.07561
1500 16416 10236 0.076442
1600 19231 11125 0.087001
1700 19295 10023 0.084712
1800 24612 14825 0.11327
1900 23581 14927 0.110676
2000 23405 12618 0.103868
100 544 379 0.002634
200 1616 936 0.007294
300 2610 1419 0.011472
400 3672 1935 0.016014
500 4613 2748 0.021061
600 5831 3631 0.027158
700 7480 3998 0.033051
800 7819 4723 0.036191
900 9682 6274 0.04583
1000 10731 5939 0.047811
1100 12969 6740 0.057062
1200 13659 8238 0.062741
1300 14195 7891 0.063501
1400 16635 10594 0.077792
1500 17377 11577 0.082548
1600 18335 10411 0.082369
1700 21357 11210 0.092781
1800 20939 13069 0.096654
1900 22419 12671 0.100212
2000 26040 14235 0.114641
100 663 481 0.003242
200 1732 930 0.007586
300 2591 1386 0.011363
400 3889 2448 0.018139
500 4646 2806 0.02112
600 6134 3493 0.027514
700 6543 3916 0.029852
800 8681 4608 0.037842
900 9601 5607 0.043411
1000 11239 5539 0.047829
1100 11703 6859 0.052924
1200 12890 7675 0.058507
1300 15747 9891 0.073431
1400 16987 10042 0.076776
1500 18817 8694 0.078515
1600 18644 11050 0.084688
1700 22649 13017 0.102092
1800 21932 10653 0.093627
1900 22514 12445 0.10001
2000 23937 13867 0.107976
100 674 466 0.003282
200 1498 1024 0.007192
300 3278 1822 0.014639
400 3647 2129 0.016566
500 4821 3097 0.022583
600 5839 3379 0.026261
700 7337 4116 0.032748
800 9272 5353 0.04151
900 11217 7796 0.054225
1000 10905 6371 0.049073
1100 12256 7299 0.05591
1200 13914 7491 0.060877
1300 15423 8645 0.068893
1400 16705 10191 0.076518
1500 18011 10191 0.080404
1600 20864 12053 0.093664
1700 19307 11794 0.088637
1800 21259 11605 0.093507
1900 22167 13378 0.101484
2000 24587 13249 0.108053
100 629 430 0.003057
200 1487 991 0.007123
300 2595 1566 0.011809
400 3539 2322 0.016685
500 4890 2756 0.02202
600 5818 3192 0.025833
700 7665 4400 0.034973
800 8330 5114 0.038583
900 9371 5719 0.043203
1000 11263 6797 0.051415
1100 11826 6864 0.053161
1200 13493 7217 0.059245
1300 14246 8381 0.064695
1400 15612 10013 0.073147
1500 18465 9606 0.079502
1600 18892 11325 0.08678
1700 20093 11576 0.090426
1800 23376 12309 0.102198
1900 22574 13793 0.103915
2000 25036 16139 0.117097
100 726 400 0.003232
200 1360 832 0.006328
300 2378 1317 0.010552
400 3706 2399 0.017409
500 4818 2586 0.021231
600 5929 3586 0.027007
700 7572 4154 0.033406
800 8220 4738 0.036676
900 9013 5547 0.041512
1000 11841 6604 0.052536
1100 12882 6295 0.054961
1200 15622 9156 0.070557
1300 15301 9923 0.071928
1400 16907 10871 0.079189
1500 17548 9871 0.078207
1600 20000 10953 0.087948
1700 19523 11065 0.087535
1800 22160 10706 0.093679
1900 22872 13445 0.104172
2000 24382 15052 0.112865
100 599 424 0.002951
200 1597 960 0.007344
300 2869 1737 0.013402
400 3841 2176 0.017292
500 4479 2888 0.02104
600 5869 3841 0.027797
700 6799 4304 0.031657
800 8092 5079 0.037563
900 9567 5612 0.04365
1000 10013 5989 0.045727
1100 11659 7087 0.05347
1200 13071 7905 0.059869
1300 15400 8919 0.069508
1400 15921 9140 0.072177
1500 16461 10077 0.076358
1600 18097 10509 0.081899
1700 22800 10492 0.095285
1800 20993 12285 0.0951
1900 22155 13540 0.101939
2000 24779 13335 0.108999
100 689 441 0.003232
200 1726 869 0.007361
300 2392 1326 0.010544
400 3882 2455 0.018138
500 4493 2765 0.020775
600 5947 3532 0.027091
700 7615 4172 0.033775
800 8425 4951 0.038095
900 9968 6479 0.046966
1000 10618 6050 0.047616
1100 12615 7993 0.05903
1200 13881 7149 0.059857
1300 14505 8186 0.064638
1400 15031 9430 0.069519
1500 16851 9731 0.075842
1600 18777 9766 0.081288
1700 20651 12998 0.096276
1800 20413 11310 0.090598
1900 23285 15414 0.110936
2000 23136 14081 0.106164
100 634 391 0.002941
200 1415 920 0.006742
300 2547 1549 0.011722
400 3517 1969 0.015781
500 4621 2711 0.021116
600 5448 3366 0.025261
700 6743 4119 0.031043
800 7930 5086 0.037229
900 9673 5567 0.043623
1000 12950 8856 0.062243
1100 12391 7007 0.055471
1200 13017 6998 0.057687
1300 13795 8050 0.062518
1400 16731 9411 0.074513
1500 17391 11686 0.083018
1600 19451 11683 0.089095
1700 19971 10687 0.087969
1800 21744 12810 0.098522
1900 25128 15073 0.114713
2000 25083 16092 0.118165
100 593 373 0.002797
200 1437 979 0.006833
300 2587 1314 0.011204
400 3701 1974 0.01619
500 5328 3468 0.025259
600 5877 3500 0.026866
700 6623 4007 0.03073
800 8301 5030 0.038407
900 9387 5605 0.043095
1000 11193 6862 0.051829
1100 11514 7278 0.053838
1200 12582 7973 0.058728
1300 17464 10409 0.079842
1400 16067 10147 0.075333
1500 17329 9494 0.077154
1600 19932 12450 0.092363
1700 21221 12399 0.096696
1800 20734 11825 0.093409
1900 22866 13582 0.104901
2000 24721 13549 0.110803
100 602 368 0.002795
200 1662 1060 0.007866
300 2627 1536 0.012017
400 3492 1690 0.014936
500 5330 3067 0.024113
600 5564 3091 0.024731
700 7429 4371 0.034032
800 7957 4728 0.036515
900 9092 4751 0.039868
1000 11076 6093 0.049469
1100 12495 7304 0.056753
1200 14618 8141 0.065313
1300 14052 8824 0.06548
1400 19257 10378 0.085276
1500 19888 11229 0.090152
1600 18376 10257 0.082415
1700 21097 12024 0.095268
1800 22364 12267 0.099689
1900 22884 12567 0.102123
2000 24055 13729 0.108857
100 666 352 0.002917
200 1538 1061 0.007473
300 2844 1476 0.012421
400 3940 2075 0.017239
500 5083 2912 0.022829
600 5626 3508 0.026268
700 6906 4326 0.032458
800 7482 4392 0.034205
900 9247 5090 0.041197
1000 11743 6849 0.053611
1100 11751 7019 0.054371
1200 14463 8047 0.065029
1300 14123 8432 0.064988
1400 16503 8362 0.071699
1500 18450 9071 0.079231
1600 18558 9865 0.081812
1700 20081 12387 0.093307
1800 22183 14363 0.105102
1900 22385 14485 0.106294
2000 26705 15227 0.121078
100 703 466 0.003368
200 1663 1035 0.007767
300 2637 1690 0.012522
400 3734 2132 0.016929
500 4508 2569 0.020285
600 6511 4246 0.031115
700 7066 4026 0.031847
800 9289 5100 0.041541
900 9392 5334 0.042342
1000 10080 6102 0.046405
1100 11795 6751 0.053456
1200 14386 8814 0.067358
1300 15155 9233 0.070184
1400 17050 10199 0.078511
1500 17497 9879 0.078623
1600 19291 11697 0.088954
1700 19319 11372 0.088131
1800 21306 13244 0.099227
1900 22298 13515 0.102682
2000 23750 12498 0.103939
100 626 450 0.003091
200 1532 988 0.007209
300 2619 1545 0.011916
400 3681 1895 0.015935
500 5595 2694 0.023791
600 5864 3576 0.027184
700 7452 4676 0.034895
800 7915 4281 0.035154
900 10449 5886 0.047112
1000 10959 6665 0.050547
1100 11800 7448 0.055588
1200 14198 7029 0.061375
1300 14898 9497 0.070111
1400 16095 9591 0.074121
1500 16634 10046 0.07696
1600 19337 11773 0.089312
1700 20544 12655 0.095153
1800 21568 11493 0.095047
1900 25827 14286 0.115339
2000 25415 13279 0.110872
100 730 410 0.003299
200 1638 1122 0.007886
300 2521 1710 0.012064
400 3528 2221 0.016305
500 5367 2829 0.023569
600 5996 3740 0.027966
700 7933 3927 0.03396
800 9178 4500 0.039299
900 9208 5220 0.041817
1000 10026 5887 0.045489
1100 12397 8081 0.05881
1200 13086 8107 0.060801
1300 16995 7967 0.071903
1400 16659 9744 0.076331
1500 17617 10955 0.08198
1600 18782 10708 0.084515
1700 19633 10458 0.086223
1800 22883 13409 0.103829
1900 23750 12661 0.104669
2000 25956 14122 0.115034
100 726 453 0.00338
200 1430 1029 0.007044
300 2293 1556 0.01092
400 3802 2418 0.017877
500 4570 2680 0.020765
600 6394 3779 0.029121
700 7550 4317 0.033988
800 8477 5167 0.039214
900 9192 4944 0.040617
1000 11631 6241 0.050954
1100 12849 7858 0.059325
1200 14861 8798 0.067792
1300 15506 9466 0.07162
1400 17216 9133 0.075649
1500 21649 13326 0.10032
1600 18812 10826 0.085514
1700 19999 11330 0.089915
1800 23590 12830 0.104869
1900 23776 13967 0.108491
2000 26433 16696 0.123827
100 598 416 0.002935
200 1569 1126 0.007791
300 2399 1503 0.011346
400 3536 2150 0.016545
500 4511 2880 0.021222
600 5817 3010 0.02548
700 7733 5386 0.037746
800 7835 4445 0.035318
900 9428 5589 0.043185
1000 11020 5910 0.048643
1100 11760 6861 0.053597
1200 14769 7361 0.063424
1300 14987 9626 0.07066
1400 14846 9200 0.069111
1500 16466 10020 0.076334
1600 18616 9644 0.081089
1700 19679 11257 0.088755
1800 22206 13215 0.10219
1900 21989 11537 0.096548
2000 27303 16496 0.126301
100 668 369 0.002977
200 1484 902 0.006862
300 2536 1658 0.012068
400 3933 2347 0.018203
500 4817 2566 0.021265
600 5863 3637 0.027357
700 7049 3833 0.03129
800 8626 4352 0.037288
900 9590 5672 0.043668
1000 10478 6013 0.047469
1100 12534 7781 0.058368
1200 12900 7721 0.059223
1300 14368 7857 0.064038
1400 14590 8584 0.066676
1500 17770 10670 0.081669
1600 18960 11846 0.088112
1700 19372 10532 0.085863
1800 20494 11525 0.091812
1900 22519 11886 0.098595
2000 27843 14712 0.121991
100 647 409 0.003038
200 1443 903 0.00671
300 2570 1468 0.011444
400 3437 2264 0.016345
500 4403 2887 0.020815
600 5850 3548 0.027102
700 7403 4507 0.033965
800 8061 4911 0.03707
900 8805 5657 0.041284
1000 10709 6516 0.049004
1100 11352 6965 0.051967
1200 12625 7198 0.056693
1300 15818 9479 0.072766
1400 15945 9121 0.072032
1500 16782 9766 0.075955
1600 18574 9106 0.079225
1700 22545 11842 0.098629
1800 21140 11677 0.09373
1900 23335 12731 0.102917
2000 24540 15538 0.114135
100 667 462 0.003269
200 1361 859 0.006386
300 2466 1680 0.011907
400 3642 2440 0.017513
500 4735 3036 0.022379
600 6121 3587 0.027558
700 8291 4634 0.036929
800 8517 4659 0.037552
900 10228 6977 0.049211
1000 10918 5692 0.047568
1100 12590 7743 0.058525
1200 12928 7662 0.059314
1300 14780 7450 0.063418
1400 16118 9864 0.074229
1500 16264 9327 0.072936
1600 19346 10251 0.084579
1700 21544 12364 0.096816
1800 20709 12153 0.093718
1900 24633 14691 0.112164
2000 25589 14679 0.115097
100 583 372 0.002759
200 1772 984 0.007748
300 2562 1485 0.011626
400 3458 2189 0.016162
500 4806 2794 0.021807
600 6047 4009 0.028675
700 6767 4159 0.030975
800 8833 4776 0.038722
900 9791 5089 0.042644
1000 11698 7065 0.053454
1100 11128 6511 0.050139
1200 12305 7146 0.055444
1300 14723 8237 0.065579
1400 18521 9970 0.08147
1500 17005 9636 0.075782
1600 18425 9972 0.080987
1700 20119 12181 0.092049
1800 22872 14364 0.106363
1900 21427 12205 0.095964
2000 24747 16819 0.119118
100 597 383 0.002823
200 1518 803 0.006688
300 2358 1336 0.010647
400 4339 2842 0.020679
500 5049 3088 0.023558
600 5553 3225 0.025501
700 6740 4111 0.031668
800 8342 5412 0.039548
900 9922 5457 0.044254
1000 11417 5836 0.049737
1100 11976 6197 0.052452
1200 13771 8701 0.064636
1300 15446 7926 0.067199
1400 16653 8578 0.073
1500 18423 11038 0.08493
1600 17630 9278 0.077808
1700 21019 14069 0.10078
1800 23187 13806 0.105958
1900 26493 13853 0.115002
2000 25842 13262 0.111516
100 668 406 0.003095
200 1690 1197 0.008236
300 2581 1741 0.012451
400 4282 2775 0.020133
500 4597 3058 0.021913
600 5663 3631 0.026597
700 7683 4507 0.03475
800 8268 4878 0.037543
900 9254 5347 0.041728
1000 10851 6295 0.048692
1100 12286 7242 0.055839
1200 14178 8906 0.0658
1300 15278 10249 0.072777
1400 16759 10505 0.077759
1500 17805 8755 0.075885
1600 20542 13098 0.095935
1700 19296 11785 0.088883
1800 22309 12007 0.09795
1900 21186 12568 0.096628
2000 24269 14823 0.112536
100 685 400 0.003139
200 1457 845 0.006517
300 2922 1408 0.012456
400 3551 2162 0.016374
500 4643 2943 0.021442
600 6160 3802 0.028612
700 7236 4131 0.032511
800 8069 4792 0.036875
900 9598 5137 0.042047
1000 11700 6790 0.052905
1100 12612 8033 0.058985
1200 13549 8300 0.062441
1300 14274 8372 0.064897
1400 16409 10037 0.075692
1500 16963 10400 0.078419
1600 20151 11962 0.092242
1700 19314 11546 0.088615
1800 23481 13124 0.104935
1900 21958 12647 0.099163
2000 25101 13809 0.11127
100 581 316 0.002542
200 1455 894 0.006618
300 2493 1640 0.011805
400 3354 2110 0.015697
500 4659 2988 0.021984
600 5523 2983 0.024303
700 6625 4170 0.030974
800 8140 4066 0.034996
900 9511 5528 0.042918
1000 12036 7051 0.054605
1100 12172 7455 0.056415
1200 14181 8168 0.064154
1300 14494 8513 0.066132
1400 16929 9861 0.077093
1500 17074 10101 0.078353
1600 18437 10575 0.08393
1700 19305 11070 0.087157
1800 21921 11882 0.096825
1900 23462 13090 0.104953
2000 23710 14513 0.109168
100 634 435 0.003093
200 1494 857 0.006758
300 2618 1521 0.01185
400 3546 2228 0.016571
500 4333 2912 0.020852
600 6562 3876 0.029908
700 7216 3807 0.031593
800 8711 4620 0.038112
900 9617 5135 0.042045
1000 11487 6842 0.052432
1100 12482 7547 0.057298
1200 13322 6874 0.05768
1300 15584 9690 0.072196
1400 17176 9576 0.077196
1500 17023 10394 0.078581
1600 20794 10305 0.089085
1700 20992 14058 0.100335
1800 22088 12905 0.099975
1900 22841 14049 0.105383
2000 24198 13683 0.108352
100 696 438 0.003241
200 1738 974 0.007819
300 2429 1633 0.011643
400 4182 2625 0.019471
500 5021 2873 0.022542
600 6192 3233 0.027024
700 7568 4069 0.033305
800 8543 5730 0.040604
900 8551 4924 0.038556
1000 9927 5913 0.045296
1100 12215 7441 0.056243
1200 12334 7362 0.056378
1300 14833 9163 0.068794
1400 16289 10030 0.075448
1500 18616 10637 0.08402
1600 18690 11313 0.085991
1700 18744 11053 0.085619
1800 23376 14540 0.108629
1900 23468 13316 0.105389
2000 26357 15953 0.121276
100 691 485 0.003418
200 1557 1076 0.007527
300 2322 1481 0.010952
400 3583 2156 0.016437
500 5231 3167 0.024123
600 5911 3296 0.026276
700 7114 3885 0.03145
800 8147 5222 0.038225
900 8952 5630 0.04187
1000 11225 6942 0.051934
1100 12215 7114 0.055498
1200 13108 8309 0.061427
1300 14527 8266 0.064797
1400 16772 10424 0.077125
1500 18152 9281 0.078299
1600 18415 11508 0.085632
1700 19792 12718 0.093056
1800 20497 11942 0.093219
1900 23271 14867 0.109058
2000 22938 13004 0.103087
100 574 351 0.002722
200 1739 1205 0.00838
300 2450 1459 0.011241
400 3660 2344 0.017224
500 4506 2845 0.020924
600 6195 3656 0.028262
700 7402 4897 0.035131
800 8501 4592 0.037379
900 9783 6158 0.045778
1000 9876 5591 0.044227
1100 12179 7718 0.057112
1200 12873 7618 0.058696
1300 14048 8107 0.063414
1400 17812 9756 0.079217
1500 17155 9942 0.077777
1600 18180 10745 0.08296
1700 19989 12290 0.092541
1800 22381 12667 0.100308
1900 23600 12665 0.103939
2000 26074 16039 0.120667
100 609 443 0.003013
200 1526 1081 0.007432
300 2576 1672 0.012128
400 3617 1957 0.015857
500 4490 2911 0.021251
600 6283 3509 0.02777
700 7580 4924 0.035935
800 7966 4575 0.035949
900 10296 5667 0.045556
1000 12878 6240 0.054803
1100 13220 7459 0.059055
1200 13635 7998 0.061986
1300 15659 8780 0.070051
1400 15132 9682 0.070835
1500 16792 9950 0.076639
1600 17907 10131 0.080171
1700 19264 10921 0.086713
1800 21988 13132 0.100475
1900 23794 15946 0.113806
2000 24157 12182 0.103803
100 640 401 0.002965
200 1461 843 0.00663
300 3061 2183 0.01504
400 3756 2333 0.017504
500 5069 2992 0.02327
600 5978 3207 0.026105
700 8459 4925 0.038194
800 8220 4610 0.03699
900 10637 5945 0.047524
1000 11612 7455 0.054582
1100 12038 6958 0.054351
1200 13991 6822 0.059674
1300 14998 8300 0.066641
1400 16988 10507 0.07827
1500 17999 10970 0.082668
1600 18805 10831 0.084362
1700 20380 10423 0.088441
1800 21971 13698 0.102149
1900 24562 15503 0.114744
2000 23544 14776 0.110083
100 642 406 0.003084
200 1698 1213 0.008352
300 2788 1935 0.01356
400 4166 2493 0.019009
500 4316 2496 0.019515
600 5884 2782 0.024676
700 7179 4533 0.033371
800 7838 4528 0.035252
900 9585 5669 0.043478
1000 10380 6180 0.0476
1100 11476 6721 0.051907
1200 12852 7895 0.059463
1300 14662 8982 0.067756
1400 15674 10390 0.074651
1500 17971 9905 0.079597
1600 17742 10715 0.081402
1700 20981 11171 0.091883
1800 21102 11915 0.094485
1900 23100 12445 0.101796
2000 23197 12822 0.103116
100 635 389 0.002924
200 1421 883 0.006507
300 2908 1404 0.01241
400 3557 2005 0.015964
500 4868 2764 0.021893
600 5852 3584 0.027095
700 6812 4163 0.031554
800 9758 5639 0.044459
900 9182 5532 0.042711
1000 10936 6262 0.049516
1100 12454 7511 0.057412
1200 13483 6662 0.057944
1300 14594 8576 0.066378
1400 15971 8545 0.069762
1500 16521 10192 0.076389
1600 18732 11486 0.086381
1700 20172 10845 0.088485
1800 20307 11814 0.091941
1900 24382 14330 0.110655
2000 22674 13880 0.104327
100 599 406 0.002885
200 1693 1074 0.007902
300 2573 1785 0.012578
400 3554 2324 0.016797
500 4493 2756 0.020709
600 6370 3647 0.028674
700 6966 4381 0.032406
800 8719 5083 0.039576
900 9031 5662 0.042141
1000 11034 5869 0.048157
1100 13538 7119 0.058959
1200 13831 7596 0.061223
1300 14281 9091 0.067053
1400 15058 9190 0.069121
1500 18711 9628 0.080949
1600 18033 10513 0.081615
1700 20818 12522 0.094882
1800 20674 12474 0.094783
1900 22555 12760 0.10077
2000 23007 13340 0.103997
100 645 432 0.003082
200 1495 860 0.006847
300 2313 1391 0.010702
400 3544 1961 0.015718
500 4666 2924 0.021809
600 5415 3269 0.024939
700 7462 4432 0.034287
800 8024 4967 0.036917
900 9837 6013 0.045171
1000 10132 6102 0.045938
1100 12530 7024 0.05583
1200 15159 9661 0.070847
1300 15024 8479 0.067316
1400 15409 8927 0.069623
1500 17175 10076 0.077854
1600 23374 13588 0.105929
1700 19799 12552 0.092869
1800 20458 12504 0.094015
1900 24083 11523 0.101839
2000 23958 14102 0.108982
100 631 348 0.002862
200 1582 929 0.007187
300 2702 1362 0.011543
400 3876 2658 0.018768
500 5389 3305 0.02483
600 5861 3431 0.026493
700 7230 4308 0.033128
800 8176 5296 0.038508
900 8738 5475 0.040654
1000 10572 5850 0.047024
1100 12302 7966 0.057851
1200 13310 6392 0.056326
1300 14251 8435 0.065008
1400 16720 9596 0.075413
1500 18464 10423 0.082666
1600 18085 10066 0.080404
1700 20508 10540 0.088811
1800 21467 13681 0.100211
1900 22263 12521 0.099644
2000 24163 13817 0.108796
100 605 445 0.003056
200 1548 987 0.007318
300 2480 1436 0.011197
400 3459 1917 0.015364
500 5137 3353 0.024302
600 5863 2995 0.025224
700 6905 4404 0.032294
800 8673 4821 0.038655
900 9710 4865 0.041501
1000 11454 5564 0.04868
1100 11689 6920 0.053318
1200 13602 8427 0.063017
1300 14920 8644 0.067505
1400 16253 10017 0.075418
1500 17505 8621 0.074909
1600 19182 12618 0.090737
1700 19922 11444 0.08935
1800 21458 12091 0.095933
1900 23359 12820 0.103852
2000 25485 15581 0.117371
100 698 439 0.003284
200 1897 1367 0.009317
300 2483 1293 0.010835
400 3503 2017 0.015731
500 4721 2818 0.021559
600 5455 3119 0.024519
700 7647 5026 0.036246
800 9033 5637 0.042027
900 8824 4790 0.03878
1000 11037 7293 0.052624
1100 12239 7124 0.055219
1200 13204 7329 0.058696
1300 14366 9109 0.067331
1400 15853 9704 0.073289
1500 17420 9924 0.078219
1600 20324 13004 0.095508
1700 19643 10848 0.087329
1800 22698 13295 0.103559
1900 22591 12123 0.099132
2000 25660 15043 0.116515
100 661 439 0.003136
200 1657 857 0.007258
300 2764 1744 0.012867
400 3989 1991 0.017266
500 5422 3207 0.024698
600 5735 3126 0.025385
700 7285 4741 0.03449
800 8865 6178 0.043089
900 8768 5269 0.040245
1000 11099 5775 0.048067
1100 11322 6960 0.052453
1200 14559 9416 0.068617
1300 15724 7816 0.067162
1400 15460 9653 0.071646
1500 18574 11230 0.08513
1600 17601 10699 0.080737
1700 20009 11501 0.09005
1800 21319 11591 0.094127
1900 24825 12286 0.106272
2000 23350 13487 0.105207
100 575 393 0.002823
200 1755 1150 0.00837
300 2452 1478 0.011245
400 3563 2202 0.016422
500 4999 3409 0.024001
600 6113 3649 0.027712
700 7271 4961 0.035064
800 8986 5831 0.042502
900 10164 6141 0.046584
1000 10827 5689 0.047146
1100 12356 6523 0.054079
1200 12996 7510 0.058713
1300 13800 8406 0.063342
1400 14703 8359 0.066029
1500 17340 8332 0.073966
1600 17889 10656 0.082235
1700 20644 11106 0.091503
1800 22419 14766 0.106467
1900 22723 12990 0.102143
2000 24135 13923 0.108698
100 593 357 0.002718
200 1483 849 0.006649
300 2687 1901 0.013123
400 3633 2717 0.018189
500 4767 2715 0.021317
600 5914 3718 0.027554
700 6598 3930 0.030143
800 8293 5234 0.038673
900 9472 4943 0.041277
1000 10338 5964 0.046562
1100 11581 7107 0.053596
1200 13103 7761 0.059562
1300 14047 7826 0.062615
1400 17075 9867 0.077039
1500 17928 10535 0.081191
1600 18136 11131 0.083544
1700 21927 12281 0.097848
1800 21775 13573 0.100904
1900 23835 13693 0.1073
2000 24543 14118 0.110605
100 762 347 0.003172
200 1639 878 0.007238
300 2591 1384 0.011312
400 3630 2013 0.016128
500 4955 2722 0.021905
600 5721 3202 0.025363
700 7125 4413 0.03319
800 7952 4510 0.035641
900 9759 5657 0.044172
1000 10591 6813 0.049843
1100 11708 7229 0.054041
1200 14388 8820 0.066299
1300 14879 7887 0.065095
1400 16850 9419 0.075493
1500 16827 10161 0.077594
1600 18209 10708 0.082669
1700 23202 15548 0.110615
1800 23841 12855 0.104966
1900 22875 13990 0.105351
2000 24810 14936 0.113846
100 656 364 0.002911
200 1755 1283 0.00867
300 2406 1382 0.0109
400 3919 2468 0.018172
500 4732 2983 0.02212
600 6319 3582 0.028366
700 7680 3556 0.032213
800 8545 4751 0.037911
900 9086 5475 0.041748
1000 11350 7200 0.053086
1100 13059 8110 0.060582
1200 13648 8134 0.062267
1300 14744 9413 0.069125
1400 15598 8847 0.069592
1500 17374 10600 0.07982
1600 18310 11140 0.084157
1700 19412 11222 0.087694
1800 21278 11902 0.094808
1900 23246 12642 0.102683
2000 26577 16588 0.124001
100 588 343 0.002726
200 1548 1022 0.007332
300 2647 1801 0.01261
400 3584 2425 0.017284
500 4641 2709 0.021044
600 6680 4449 0.03176
700 7263 4304 0.033007
800 8799 5862 0.041955
900 9739 5240 0.042774
1000 10622 6572 0.049192
1100 12602 8488 0.060681
1200 13592 8288 0.063034
1300 14544 7419 0.063808
1400 15658 8907 0.07003
1500 17209 9690 0.077037
1600 20456 11383 0.09101
1700 19420 11473 0.088688
1800 22370 13119 0.101578
1900 21568 12046 0.09638
2000 24513 15457 0.114558
100 606 393 0.00292
200 1653 1147 0.00805
300 2292 1334 0.01026
400 3877 2445 0.018082
500 4689 2807 0.021498
600 5836 3836 0.027619
700 7003 4261 0.032253
800 7842 4704 0.035702
900 9163 5875 0.043018
1000 11596 6490 0.051775
1100 12584 7739 0.057949
1200 14843 7535 0.063769
1300 14261 8183 0.064317
1400 17489 10310 0.079169
1500 17117 9716 0.076831
1600 17629 10139 0.079497
1700 20350 11565 0.091572
1800 20019 11213 0.08955
1900 21484 12708 0.098129
2000 24361 13996 0.109683
100 652 409 0.002974
200 1635 1003 0.007456
300 2519 1579 0.01164
400 3528 2005 0.015764
500 5090 3512 0.024746
600 6546 3993 0.03016
700 8565 5066 0.039341
800 8384 5041 0.03854
900 9227 6214 0.044484
1000 10369 6168 0.047021
1100 12729 6983 0.056392
1200 13079 8305 0.061218
1300 13974 8142 0.063538
1400 14972 9164 0.06906
1500 16768 9977 0.076453
1600 19177 11782 0.088391
1700 23274 11952 0.100906
1800 23888 14530 0.110082
1900 24480 14824 0.112687
2000 24905 15328 0.114972
100 772 525 0.003698
200 1674 847 0.007164
300 2514 1492 0.011532
400 3444 1968 0.015521
500 4874 3001 0.02263
600 5527 3665 0.026226
700 6870 3916 0.030872
800 8237 4864 0.037391
900 10289 5885 0.046077
1000 11991 6595 0.053335
1100 12560 7520 0.057346
1200 14049 7310 0.061224
1300 16723 9131 0.074068
1400 16260 9445 0.073614
1500 17112 9924 0.077631
1600 18280 10972 0.083533
1700 21869 12734 0.099351
1800 23968 12228 0.103728
1900 23190 15425 0.11052
2000 25656 15121 0.117206
100 589 384 0.002822
200 1472 1000 0.007086
300 2656 1321 0.011401
400 3368 2031 0.015464
500 4569 3162 0.022089
600 5906 3824 0.027817
700 8420 5313 0.039134
800 8604 5499 0.040342
900 9142 5270 0.041376
1000 10713 6174 0.048232
1100 12247 6495 0.053848
1200 13675 8106 0.06249
1300 14172 8495 0.064952
1400 16395 10491 0.07684
1500 17735 11027 0.082433
1600 19884 11517 0.090097
1700 19902 11807 0.090706
1800 22559 12843 0.101454
1900 23780 13716 0.107828
2000 26964 17509 0.127419
100 735 477 0.003487
200 1552 967 0.007311
300 2467 1416 0.011119
400 4081 2743 0.019384
500 4740 2687 0.021285
600 5695 3684 0.026907
700 7007 4053 0.031853
800 8282 4981 0.037986
900 10003 5854 0.045543
1000 10278 6066 0.046881
1100 11446 6779 0.052228
1200 13642 8084 0.06218
1300 13560 8642 0.063548
1400 16026 8312 0.069886
1500 17866 9714 0.079185
1600 18983 9863 0.082499
1700 19429 10678 0.086208
1800 23326 12374 0.102576
1900 23971 14213 0.109588
2000 24942 14190 0.111925
100 712 558 0.00362
200 1549 849 0.006801
300 2693 1411 0.011811
400 3685 2079 0.016541
500 4633 2593 0.02072
600 5947 3438 0.02697
700 6653 4120 0.030966
800 8463 4599 0.037307
900 9524 5640 0.043565
1000 11139 5947 0.048905
1100 12220 7121 0.05524
1200 13964 7904 0.06267
1300 16101 8183 0.069428
1400 18549 10074 0.082172
1500 16999 10657 0.079316
1600 19448 11633 0.089281
1700 20535 13649 0.098019
1800 21442 12326 0.097197
1900 22346 13204 0.101927
2000 26037 14733 0.116931
100 710 367 0.003085
200 1597 1086 0.00774
300 3093 1508 0.013187
400 3910 2065 0.017106
500 4518 2999 0.021638
600 6020 3136 0.026055
700 7811 4407 0.035155
800 8783 5418 0.040822
900 8966 5037 0.040004
1000 10442 5931 0.046877
1100 12754 7917 0.059259
1200 14234 8433 0.064895
1300 13867 7831 0.062097
1400 16948 8971 0.074173
1500 16878 10224 0.077363
1600 22240 12309 0.099319
1700 19594 10635 0.086511
1800 23745 12322 0.103112
1900 22984 12823 0.102252
2000 24205 14359 0.110473
100 716 586 0.00375
200 1473 973 0.007012
300 2480 1653 0.011883
400 3362 2075 0.015564
500 4580 2908 0.021394
600 5591 3235 0.025053
700 7011 4647 0.033209
800 8066 4361 0.035661
900 9332 4929 0.040731
1000 11035 6364 0.049695
1100 12304 6151 0.052664
1200 13653 7448 0.060336
1300 14173 9114 0.066717
1400 15920 9514 0.07246
1500 16967 10283 0.077964
1600 18874 9783 0.081868
1700 21026 12574 0.096092
1800 21266 12701 0.097291
1900 22255 13189 0.101288
2000 25877 12982 0.111308
100 633 409 0.003045
200 1889 1248 0.009028
300 2848 1830 0.013382
400 4012 1642 0.016157
500 4673 2796 0.021289
600 6311 3499 0.02811
700 6797 3694 0.029974
800 8543 5241 0.039517
900 11549 8333 0.056728
1000 10249 5846 0.046078
1100 12656 6681 0.055282
1200 14697 7394 0.062821
1300 16282 9651 0.07454
1400 17945 11309 0.083973
1500 17552 9306 0.076807
1600 18813 10101 0.082619
1700 21135 13020 0.097691
1800 22662 11568 0.098022
1900 23226 12614 0.102499
2000 25162 14372 0.113184
100 898 606 0.004273
200 1550 1030 0.007458
300 2366 1328 0.010622
400 3648 2400 0.017314
500 4822 2759 0.021726
600 5903 3504 0.026845
700 6845 4365 0.032014
800 9403 4521 0.039737
900 9363 5613 0.042842
1000 11498 6332 0.050918
1100 12907 7190 0.057556
1200 13953 8331 0.064001
1300 14691 8655 0.06684
1400 16073 9385 0.073181
1500 20434 12786 0.095495
1600 19167 11017 0.08649
1700 19264 11491 0.088204
1800 22378 12453 0.099924
1900 23982 15601 0.113615
2000 28956 14160 0.123794
100 571 392 0.002765
200 1518 811 0.006685
300 2479 1404 0.011148
400 3273 1877 0.014796
500 4488 2737 0.020747
600 6043 3621 0.027668
700 8123 4890 0.037412
800 8198 4695 0.037096
900 9672 5913 0.044717
1000 11239 7143 0.053108
1100 12279 6687 0.054433
1200 14029 9387 0.067393
1300 13815 7998 0.062577
1400 17896 8980 0.077121
1500 18409 9734 0.08089
1600 19358 11632 0.089239
1700 21503 12166 0.096755
1800 20681 11801 0.093474
1900 22945 14507 0.107507
2000 24551 14261 0.111463
100 590 377 0.002791
200 1504 899 0.006867
300 2609 1716 0.012479
400 4039 2034 0.017433
500 4886 2874 0.022276
600 6410 4357 0.030977
700 6892 4198 0.031814
800 8362 4908 0.038014
900 10018 6631 0.047919
1000 10592 6273 0.048289
1100 11600 7232 0.054029
1200 14016 7877 0.062883
1300 14375 7917 0.064025
1400 15840 8665 0.070348
1500 17039 10612 0.079321
1600 18911 10397 0.08439
1700 20534 12690 0.095445
1800 21748 11985 0.096903
1900 22805 13162 0.103291
2000 25277 14155 0.1131
100 611 414 0.002948
200 1572 866 0.007005
300 2656 1549 0.012015
400 3721 1966 0.016406
500 4521 3100 0.021908
600 5626 3622 0.026495
700 7680 5037 0.036465
800 8529 4980 0.038729
900 9672 4911 0.041891
1000 10633 6485 0.049119
1100 11991 7297 0.055315
1200 13586 7894 0.061581
1300 15013 7900 0.06572
1400 15557 8963 0.070331
1500 18683 10688 0.084408
1600 18295 11368 0.085264
1700 22869 13681 0.105089
1800 21615 12587 0.098449
1900 23223 14433 0.108282
2000 24680 15506 0.115311
100 607 419 0.002986
200 1465 865 0.006707
300 2828 1703 0.013039
400 3445 2228 0.016169
500 5129 3248 0.024069
600 7119 4668 0.033787
700 7335 3343 0.030631
800 8543 5241 0.039523
900 10179 5973 0.046274
1000 10370 5724 0.046196
1100 12578 7629 0.0578
1200 14162 8081 0.063854
1300 14210 8284 0.06481
1400 14895 8608 0.067542
1500 17490 10985 0.081944
1600 18366 10375 0.082671
1700 21102 11392 0.093281
1800 21443 13027 0.099045
1900 23857 12265 0.103946
2000 24183 14052 0.110054
100 667 431 0.003147
200 1388 883 0.00653
300 2677 1691 0.012593
400 4112 2433 0.018815
500 5346 3277 0.024744
600 6335 3690 0.028776
700 7263 4529 0.033827
800 8163 5057 0.037971
900 9785 6048 0.045578
1000 11342 6075 0.049952
1100 12019 6485 0.053079
1200 14163 7349 0.061741
1300 14219 8958 0.066567
1400 17225 9460 0.076608
1500 17731 10523 0.081134
1600 19340 11972 0.089816
1700 22768 12586 0.101557
1800 23493 12965 0.104518
1900 22018 12634 0.099486
2000 25110 12422 0.107686
100 597 383 0.002815
200 1534 958 0.007165
300 2633 1655 0.012334
400 3990 2723 0.019237
500 4839 2988 0.022423
600 7243 4466 0.033552
700 7091 3514 0.030469
800 8828 4584 0.038501
900 9635 5229 0.042619
1000 10722 5562 0.046688
1100 11625 6889 0.053192
1200 14693 8061 0.065381
1300 15041 9168 0.069377
1400 14683 7945 0.065127
1500 16466 9371 0.074313
1600 17836 10402 0.08116
1700 20616 10882 0.09049
1800 21111 13254 0.098696
1900 22495 13010 0.101972
2000 26696 14165 0.117178
100 634 402 0.003016
200 1522 994 0.007202
300 2428 1480 0.011263
400 3647 2266 0.017069
500 4919 3419 0.024111
600 5556 3133 0.02507
700 7930 3949 0.034137
800 7979 4850 0.036805
900 10171 6433 0.047576
1000 11539 5732 0.049453
1100 12419 7603 0.057359
1200 13428 7795 0.060881
1300 14916 7745 0.064908
1400 15827 9484 0.072707
1500 19481 12312 0.090923
1600 19502 12241 0.091009
1700 21284 12840 0.097847
1800 23065 14259 0.107115
1900 23431 14874 0.109677
2000 23119 14112 0.106638
100 559 335 0.002565
200 1747 1046 0.008029
300 2615 1440 0.011653
400 3891 2040 0.017033
500 4579 2966 0.021645
600 5990 3697 0.027734
700 6837 3984 0.031122
800 7839 4613 0.035673
900 9617 5229 0.042644
1000 11282 6290 0.050388
1100 12459 7430 0.056959
1200 13704 8180 0.06266
1300 16414 7669 0.069052
1400 15225 8563 0.068062
1500 17176 10283 0.078773
1600 19089 11986 0.08925
1700 20679 12401 0.094746
1800 24284 11421 0.101978
1900 23809 13979 0.108427
2000 25435 15943 0.11872
100 603 380 0.002812
200 1585 956 0.00732
300 2554 1684 0.012149
400 3462 1959 0.015616
500 4609 2749 0.021014
600 7638 4957 0.036178
700 7034 4415 0.032775
800 9265 4728 0.039966
900 9683 5724 0.044206
1000 10948 6236 0.049205
1100 12835 8886 0.062226
1200 14565 7814 0.064211
1300 14366 8898 0.066751
1400 17552 9401 0.077157
1500 16880 9525 0.075588
1600 18605 10076 0.08201
1700 19098 11049 0.086154
1800 21290 13414 0.098872
1900 22891 13174 0.103128
2000 24338 14022 0.109951
100 573 339 0.002632
200 1469 854 0.006644
300 2493 1695 0.011884
400 3845 2655 0.018647
500 4800 2608 0.021097
600 6614 3705 0.029593
700 6781 4256 0.031699
800 8011 4901 0.036796
900 9488 5150 0.041907
1000 11134 7040 0.051921
1100 11917 6640 0.053205
1200 13082 7576 0.059325
1300 14294 7791 0.063389
1400 16130 8999 0.07206
1500 20413 10021 0.087303
1600 18121 10992 0.08346
1700 20336 12961 0.095474
1800 23301 12988 0.104181
1900 24473 13499 0.108978
2000 24687 15712 0.116069
100 630 446 0.0031
200 1866 1144 0.00866
300 2888 1681 0.013065
400 3602 2231 0.01676
500 4517 2664 0.020581
600 6889 3995 0.031299
700 7302 4249 0.033057
800 8799 5686 0.041551
900 11382 7289 0.053705
1000 10414 5951 0.047086
1100 13178 8654 0.062612
1200 13256 7953 0.060918
1300 15062 8176 0.06658
1400 15809 8042 0.068524
1500 16682 9363 0.074837
1600 18988 11657 0.087992
1700 20970 11970 0.094746
1800 21949 12616 0.099229
1900 25024 13410 0.110364
2000 23151 13127 0.104174
100 574 381 0.002736
200 1579 1007 0.007409
300 2466 1520 0.011561
400 3779 2228 0.017208
500 4513 2529 0.020241
600 5888 3412 0.026636
700 7690 4692 0.035611
800 7622 4536 0.034729
900 9584 5414 0.043016
1000 10835 6295 0.04913
1100 12155 7467 0.056398
1200 13744 8366 0.063507
1300 14507 8633 0.066497
1400 18112 8729 0.076867
1500 18610 9456 0.080614
1600 19338 9599 0.083092
1700 20584 11285 0.091642
1800 21845 12600 0.098775
1900 23396 12293 0.102339
2000 23318 13500 0.105562
100 643 380 0.002932
200 1414 883 0.006586
300 2699 1496 0.012138
400 3511 2340 0.016853
500 5245 3579 0.025254
600 5787 3652 0.027086
700 6657 4244 0.031334
800 7872 4805 0.03631
900 10014 5556 0.044595
1000 10798 6040 0.048238
1100 12748 7399 0.057771
1200 13259 7449 0.059501
1300 14851 9553 0.069975
1400 16029 9714 0.073929
1500 17426 10188 0.079131
1600 19490 11399 0.088406
1700 21149 12571 0.096901
1800 22941 12155 0.100397
1900 23226 15097 0.109971
2000 26828 16245 0.123304
