100 0 200 0.001285
200 0 600 0.002533
300 0 900 0.003939
400 0 1200 0.004738
500 0 1500 0.005609
600 0 1800 0.006859
700 0 2100 0.007273
800 0 2400 0.008028
900 0 2700 0.008838
1000 0 3000 0.009723
1100 0 4400 0.013979
1200 0 4800 0.015864
1300 0 5200 0.016407
1400 0 5600 0.016572
1500 0 6000 0.019347
1600 0 6400 0.020291
1700 0 6800 0.020098
1800 0 7200 0.020949
1900 0 7600 0.022314
2000 0 8000 0.023278
2100 0 8400 0.024386
2200 0 8800 0.02558
2300 0 9200 0.026653
2400 0 9600 0.027821
2500 0 10000 0.029011
2600 0 10400 0.03009
2700 0 10800 0.03117
2800 0 11200 0.032424
2900 0 11600 0.033463
3000 0 12000 0.034563
3100 0 12400 0.036201
3200 0 12800 0.040329
3300 0 13200 0.043423
3400 0 13600 0.046342
3500 0 14000 0.047539
3600 0 14400 0.043482
3700 0 14800 0.04253
3800 0 15200 0.043753
3900 0 15600 0.044748
4000 0 16000 0.045907
4100 0 16400 0.047107
4200 0 16800 0.048137
4300 0 17200 0.05134
4400 0 17600 0.0597
4500 0 18000 0.058153
4600 0 18400 0.059379
4700 0 18800 0.059833
4800 0 19200 0.062028
4900 0 19600 0.063976
5000 0 20000 0.064745
5100 0 20400 0.066707
5200 0 20800 0.067416
5300 0 21200 0.067784
5400 0 21600 0.068868
5500 0 22000 0.071618
5600 0 22400 0.070117
5700 0 22800 0.065309
5800 0 23200 0.066297
5900 0 23600 0.071427
6000 0 24000 0.068643
6100 0 24400 0.070944
6200 0 24800 0.081833
6300 0 25200 0.072325
6400 0 25600 0.073792
6500 0 26000 0.074282
6600 0 26400 0.075359
6700 0 26800 0.076595
6800 0 27200 0.077736
6900 0 27600 0.078774
7000 0 28000 0.079967
7100 0 28400 0.081066
7200 0 28800 0.085039
7300 0 29200 0.082949
7400 0 29600 0.084104
7500 0 30000 0.085214
7600 0 30400 0.086364
7700 0 30800 0.087524
7800 0 31200 0.088623
7900 0 31600 0.089769
8000 0 32000 0.090883
8100 0 32400 0.092023
8200 0 32800 0.093232
8300 0 33200 0.096256
8400 0 33600 0.096073
8500 0 34000 0.096561
8600 0 34400 0.09769
8700 0 34800 0.098924
8800 0 35200 0.100095
8900 0 35600 0.101138
9000 0 36000 0.102204
9100 0 36400 0.103382
9200 0 36800 0.104536
9300 0 37200 0.108034
9400 0 37600 0.106988
9500 0 38000 0.107942
9600 0 38400 0.109066
9700 0 38800 0.110176
9800 0 39200 0.111314
9900 0 39600 0.112491
10000 0 40000 0.1136
