100 0 200 0.000665
200 0 600 0.0024
300 0 900 0.003829
400 0 1200 0.004505
500 0 1500 0.00521
600 0 1800 0.006166
700 0 2100 0.006805
800 0 2400 0.007606
900 0 2700 0.008346
1000 0 3000 0.009169
1100 0 4400 0.014271
1200 0 4800 0.015093
1300 0 5200 0.015905
1400 0 5600 0.016467
1500 0 6000 0.017134
1600 0 6400 0.018275
1700 0 6800 0.019428
1800 0 7200 0.020558
1900 0 7600 0.021731
2000 0 8000 0.022853
2100 0 8400 0.024014
2200 0 8800 0.025143
2300 0 9200 0.026256
2400 0 9600 0.029185
2500 0 10000 0.030067
2600 0 10400 0.029703
2700 0 10800 0.03081
2800 0 11200 0.031948
2900 0 11600 0.033084
3000 0 12000 0.034256
3100 0 12400 0.035548
3200 0 12800 0.038713
3300 0 13200 0.042678
3400 0 13600 0.047497
3500 0 14000 0.051051
3600 0 14400 0.046755
3700 0 14800 0.042665
3800 0 15200 0.043274
3900 0 15600 0.044423
4000 0 16000 0.04556
4100 0 16400 0.046781
4200 0 16800 0.047898
4300 0 17200 0.050313
4400 0 17600 0.066427
4500 0 18000 0.06492
4600 0 18400 0.06434
4700 0 18800 0.067396
4800 0 19200 0.065411
4900 0 19600 0.067683
5000 0 20000 0.066401
5100 0 20400 0.068019
5200 0 20800 0.068626
5300 0 21200 0.068889
5400 0 21600 0.070151
5500 0 22000 0.072469
5600 0 22400 0.066618
5700 0 22800 0.0653
5800 0 23200 0.066471
5900 0 23600 0.067858
6000 0 24000 0.069028
6100 0 24400 0.071315
6200 0 24800 0.07319
6300 0 25200 0.072495
6400 0 25600 0.077317
6500 0 26000 0.084096
6600 0 26400 0.111919
6700 0 26800 0.127189
6800 0 27200 0.108719
6900 0 27600 0.100709
7000 0 28000 0.08597
7100 0 28400 0.085122
7200 0 28800 0.086477
7300 0 29200 0.087075
7400 0 29600 0.1005
7500 0 30000 0.096314
7600 0 30400 0.093557
7700 0 30800 0.097196
7800 0 31200 0.089887
7900 0 31600 0.090384
8000 0 32000 0.091226
8100 0 32400 0.092341
8200 0 32800 0.093428
8300 0 33200 0.097753
8400 0 33600 0.095918
8500 0 34000 0.097534
8600 0 34400 0.09816
8700 0 34800 0.099328
8800 0 35200 0.101353
8900 0 35600 0.101545
9000 0 36000 0.102665
9100 0 36400 0.104292
9200 0 36800 0.112271
9300 0 37200 0.114072
9400 0 37600 0.107759
9500 0 38000 0.108407
9600 0 38400 0.110344
9700 0 38800 0.116586
9800 0 39200 0.112118
9900 0 39600 0.155205
10000 0 40000 0.120944
100 0 200 0.000598
200 0 600 0.001741
300 0 900 0.00258
400 0 1200 0.003503
500 0 1500 0.004388
600 0 1800 0.005151
700 0 2100 0.005995
800 0 2400 0.007649
900 0 2700 0.008673
1000 0 3000 0.009581
1100 0 4400 0.013722
1200 0 4800 0.014276
1300 0 5200 0.017078
1400 0 5600 0.017687
1500 0 6000 0.017629
1600 0 6400 0.018296
1700 0 6800 0.019544
1800 0 7200 0.020549
1900 0 7600 0.02178
2000 0 8000 0.023001
2100 0 8400 0.023976
2200 0 8800 0.025126
2300 0 9200 0.026431
2400 0 9600 0.02739
2500 0 10000 0.028626
2600 0 10400 0.029682
2700 0 10800 0.03092
2800 0 11200 0.031954
2900 0 11600 0.033186
3000 0 12000 0.034221
3100 0 12400 0.035492
3200 0 12800 0.036448
3300 0 13200 0.037708
3400 0 13600 0.038789
3500 0 14000 0.04005
3600 0 14400 0.041024
3700 0 14800 0.042312
3800 0 15200 0.043296
3900 0 15600 0.044649
4000 0 16000 0.045545
4100 0 16400 0.04682
4200 0 16800 0.047827
4300 0 17200 0.049107
4400 0 17600 0.052436
4500 0 18000 0.051479
4600 0 18400 0.052507
4700 0 18800 0.055445
4800 0 19200 0.0668
4900 0 19600 0.057851
5000 0 20000 0.05727
5100 0 20400 0.062252
5200 0 20800 0.059343
5300 0 21200 0.060614
5400 0 21600 0.061592
5500 0 22000 0.062679
5600 0 22400 0.063753
5700 0 22800 0.064949
5800 0 23200 0.066112
5900 0 23600 0.067187
6000 0 24000 0.071554
6100 0 24400 0.0699
6200 0 24800 0.070613
6300 0 25200 0.071833
6400 0 25600 0.072924
6500 0 26000 0.073993
6600 0 26400 0.075169
6700 0 26800 0.076309
6800 0 27200 0.077561
6900 0 27600 0.078659
7000 0 28000 0.079729
7100 0 28400 0.080846
7200 0 28800 0.082027
7300 0 29200 0.085879
7400 0 29600 0.084705
7500 0 30000 0.085482
7600 0 30400 0.086576
7700 0 30800 0.088255
7800 0 31200 0.090795
7900 0 31600 0.089934
8000 0 32000 0.091188
8100 0 32400 0.094453
8200 0 32800 0.093522
8300 0 33200 0.094487
8400 0 33600 0.098259
8500 0 34000 0.097308
8600 0 34400 0.103648
8700 0 34800 0.104954
8800 0 35200 0.100434
8900 0 35600 0.101417
9000 0 36000 0.103964
9100 0 36400 0.103662
9200 0 36800 0.106015
9300 0 37200 0.105854
9400 0 37600 0.110373
9500 0 38000 0.10812
9600 0 38400 0.111354
9700 0 38800 0.111368
9800 0 39200 0.112246
9900 0 39600 0.114922
10000 0 40000 0.116171
100 0 200 0.000593
200 0 600 0.001776
300 0 900 0.002918
400 0 1200 0.003894
500 0 1500 0.004725
600 0 1800 0.005409
700 0 2100 0.006096
800 0 2400 0.006864
900 0 2700 0.007734
1000 0 3000 0.008556
1100 0 4400 0.012604
1200 0 4800 0.013784
1300 0 5200 0.014838
1400 0 5600 0.015962
1500 0 6000 0.017417
1600 0 6400 0.018271
1700 0 6800 0.019408
1800 0 7200 0.020558
1900 0 7600 0.021702
2000 0 8000 0.022849
2100 0 8400 0.024306
2200 0 8800 0.027941
2300 0 9200 0.027081
2400 0 9600 0.02736
2500 0 10000 0.028605
2600 0 10400 0.034261
2700 0 10800 0.035428
2800 0 11200 0.038697
2900 0 11600 0.041348
3000 0 12000 0.040968
3100 0 12400 0.036796
3200 0 12800 0.036494
3300 0 13200 0.037637
3400 0 13600 0.038799
3500 0 14000 0.039953
3600 0 14400 0.041032
3700 0 14800 0.042168
3800 0 15200 0.04356
3900 0 15600 0.044439
4000 0 16000 0.045636
4100 0 16400 0.046743
4200 0 16800 0.047882
4300 0 17200 0.049031
4400 0 17600 0.050138
4500 0 18000 0.051285
4600 0 18400 0.052868
4700 0 18800 0.055878
4800 0 19200 0.054805
4900 0 19600 0.055965
5000 0 20000 0.057286
5100 0 20400 0.058124
5200 0 20800 0.059341
5300 0 21200 0.060361
5400 0 21600 0.061525
5500 0 22000 0.062673
5600 0 22400 0.063843
5700 0 22800 0.0649
5800 0 23200 0.066058
5900 0 23600 0.067231
6000 0 24000 0.0683
6100 0 24400 0.079887
6200 0 24800 0.11402
6300 0 25200 0.089612
6400 0 25600 0.075863
6500 0 26000 0.073913
6600 0 26400 0.075067
6700 0 26800 0.076221
6800 0 27200 0.077441
6900 0 27600 0.080353
7000 0 28000 0.079786
7100 0 28400 0.082317
7200 0 28800 0.082266
7300 0 29200 0.083493
7400 0 29600 0.086641
7500 0 30000 0.089525
7600 0 30400 0.087053
7700 0 30800 0.08765
7800 0 31200 0.090222
7900 0 31600 0.089925
8000 0 32000 0.09274
8100 0 32400 0.092466
8200 0 32800 0.093317
8300 0 33200 0.094458
8400 0 33600 0.095915
8500 0 34000 0.099692
8600 0 34400 0.098029
8700 0 34800 0.105396
8800 0 35200 0.107147
8900 0 35600 0.101811
9000 0 36000 0.102721
9100 0 36400 0.103604
9200 0 36800 0.104698
9300 0 37200 0.106251
9400 0 37600 0.111499
9500 0 38000 0.122211
9600 0 38400 0.11061
9700 0 38800 0.123983
9800 0 39200 0.1116
9900 0 39600 0.118426
10000 0 40000 0.115622
100 0 200 0.000571
200 0 600 0.001714
300 0 900 0.002564
400 0 1200 0.003412
500 0 1500 0.004275
600 0 1800 0.005118
700 0 2100 0.005975
800 0 2400 0.006829
900 0 2700 0.007694
1000 0 3000 0.008543
1100 0 4400 0.012823
1200 0 4800 0.013654
1300 0 5200 0.014814
1400 0 5600 0.015933
1500 0 6000 0.017099
1600 0 6400 0.01824
1700 0 6800 0.019363
1800 0 7200 0.020559
1900 0 7600 0.021831
2000 0 8000 0.022792
2100 0 8400 0.023929
2200 0 8800 0.025081
2300 0 9200 0.026331
2400 0 9600 0.02835
2500 0 10000 0.030192
2600 0 10400 0.029645
2700 0 10800 0.030781
2800 0 11200 0.031893
2900 0 11600 0.03304
3000 0 12000 0.034487
3100 0 12400 0.036937
3200 0 12800 0.036474
3300 0 13200 0.03757
3400 0 13600 0.038915
3500 0 14000 0.039901
3600 0 14400 0.041002
3700 0 14800 0.042199
3800 0 15200 0.047951
3900 0 15600 0.045835
4000 0 16000 0.045628
4100 0 16400 0.046687
4200 0 16800 0.047809
4300 0 17200 0.048987
4400 0 17600 0.050186
4500 0 18000 0.051506
4600 0 18400 0.052572
4700 0 18800 0.053684
4800 0 19200 0.057291
4900 0 19600 0.056785
5000 0 20000 0.057106
5100 0 20400 0.05825
5200 0 20800 0.060442
5300 0 21200 0.060652
5400 0 21600 0.064615
5500 0 22000 0.062629
5600 0 22400 0.063906
5700 0 22800 0.064935
5800 0 23200 0.066076
5900 0 23600 0.070643
6000 0 24000 0.070723
6100 0 24400 0.06953
6200 0 24800 0.070612
6300 0 25200 0.071792
6400 0 25600 0.07575
6500 0 26000 0.073929
6600 0 26400 0.075314
6700 0 26800 0.076218
6800 0 27200 0.078858
6900 0 27600 0.078584
7000 0 28000 0.079775
7100 0 28400 0.080843
7200 0 28800 0.088091
7300 0 29200 0.083304
7400 0 29600 0.084292
7500 0 30000 0.085378
7600 0 30400 0.091505
7700 0 30800 0.087675
7800 0 31200 0.088827
7900 0 31600 0.091951
8000 0 32000 0.091082
8100 0 32400 0.092343
8200 0 32800 0.093745
8300 0 33200 0.097407
8400 0 33600 0.095667
8500 0 34000 0.09687
8600 0 34400 0.097913
8700 0 34800 0.102627
8800 0 35200 0.102214
8900 0 35600 0.117582
9000 0 36000 0.103021
9100 0 36400 0.105257
9200 0 36800 0.11084
9300 0 37200 0.106052
9400 0 37600 0.107005
9500 0 38000 0.108081
9600 0 38400 0.114637
9700 0 38800 0.111839
9800 0 39200 0.111516
9900 0 39600 0.117995
10000 0 40000 0.114418
100 0 200 0.000623
200 0 600 0.001748
300 0 900 0.002584
400 0 1200 0.003454
500 0 1500 0.0043
600 0 1800 0.00515
700 0 2100 0.006019
800 0 2400 0.006859
900 0 2700 0.007727
1000 0 3000 0.008578
1100 0 4400 0.0126
1200 0 4800 0.01374
1300 0 5200 0.014909
1400 0 5600 0.018637
1500 0 6000 0.017674
1600 0 6400 0.018225
1700 0 6800 0.019361
1800 0 7200 0.02219
1900 0 7600 0.022235
2000 0 8000 0.022805
2100 0 8400 0.023948
2200 0 8800 0.025082
2300 0 9200 0.026218
2400 0 9600 0.027376
2500 0 10000 0.0286
2600 0 10400 0.03053
2700 0 10800 0.031201
2800 0 11200 0.031892
2900 0 11600 0.033946
3000 0 12000 0.036354
3100 0 12400 0.035355
3200 0 12800 0.036468
3300 0 13200 0.037646
3400 0 13600 0.04003
3500 0 14000 0.043539
3600 0 14400 0.041367
3700 0 14800 0.042286
3800 0 15200 0.0433
3900 0 15600 0.044427
4000 0 16000 0.04556
4100 0 16400 0.046697
4200 0 16800 0.047794
4300 0 17200 0.048986
4400 0 17600 0.05024
4500 0 18000 0.052907
4600 0 18400 0.052422
4700 0 18800 0.053689
4800 0 19200 0.054696
4900 0 19600 0.05581
5000 0 20000 0.056962
5100 0 20400 0.065233
5200 0 20800 0.060084
5300 0 21200 0.06079
5400 0 21600 0.06181
5500 0 22000 0.062783
5600 0 22400 0.063956
5700 0 22800 0.065669
5800 0 23200 0.068512
5900 0 23600 0.067576
6000 0 24000 0.068742
6100 0 24400 0.069632
6200 0 24800 0.072062
6300 0 25200 0.077105
6400 0 25600 0.073011
6500 0 26000 0.074002
6600 0 26400 0.078639
6700 0 26800 0.076661
6800 0 27200 0.078587
6900 0 27600 0.078768
7000 0 28000 0.079732
7100 0 28400 0.082926
7200 0 28800 0.084807
7300 0 29200 0.083178
7400 0 29600 0.084348
7500 0 30000 0.085442
7600 0 30400 0.086555
7700 0 30800 0.089042
7800 0 31200 0.097529
7900 0 31600 0.089958
8000 0 32000 0.110968
8100 0 32400 0.097684
8200 0 32800 0.093765
8300 0 33200 0.094876
8400 0 33600 0.096018
8500 0 34000 0.098001
8600 0 34400 0.098472
8700 0 34800 0.099406
8800 0 35200 0.116809
8900 0 35600 0.103714
9000 0 36000 0.102874
9100 0 36400 0.103891
9200 0 36800 0.106663
9300 0 37200 0.106329
9400 0 37600 0.107411
9500 0 38000 0.116369
9600 0 38400 0.109629
9700 0 38800 0.11547
9800 0 39200 0.113367
9900 0 39600 0.113025
10000 0 40000 0.123018
100 0 200 0.000778
200 0 600 0.002314
300 0 900 0.003155
400 0 1200 0.003749
500 0 1500 0.00449
600 0 1800 0.005297
700 0 2100 0.006018
800 0 2400 0.006888
900 0 2700 0.007721
1000 0 3000 0.008587
1100 0 4400 0.012601
1200 0 4800 0.013709
1300 0 5200 0.014879
1400 0 5600 0.01598
1500 0 6000 0.017162
1600 0 6400 0.018262
1700 0 6800 0.019419
1800 0 7200 0.020589
1900 0 7600 0.021713
2000 0 8000 0.022848
2100 0 8400 0.024014
2200 0 8800 0.025146
2300 0 9200 0.026296
2400 0 9600 0.027403
2500 0 10000 0.028573
2600 0 10400 0.029713
2700 0 10800 0.030836
2800 0 11200 0.031946
2900 0 11600 0.0331
3000 0 12000 0.034246
3100 0 12400 0.035425
3200 0 12800 0.036519
3300 0 13200 0.04024
3400 0 13600 0.038937
3500 0 14000 0.041407
3600 0 14400 0.041074
3700 0 14800 0.042268
3800 0 15200 0.043346
3900 0 15600 0.044455
4000 0 16000 0.045548
4100 0 16400 0.046743
4200 0 16800 0.052128
4300 0 17200 0.054009
4400 0 17600 0.050642
4500 0 18000 0.051493
4600 0 18400 0.053752
4700 0 18800 0.053706
4800 0 19200 0.054851
4900 0 19600 0.056777
5000 0 20000 0.057698
5100 0 20400 0.058658
5200 0 20800 0.05944
5300 0 21200 0.075396
5400 0 21600 0.071059
5500 0 22000 0.06295
5600 0 22400 0.063905
5700 0 22800 0.065148
5800 0 23200 0.066421
5900 0 23600 0.067307
6000 0 24000 0.068523
6100 0 24400 0.069489
6200 0 24800 0.082365
6300 0 25200 0.075683
6400 0 25600 0.072904
6500 0 26000 0.074232
6600 0 26400 0.075117
6700 0 26800 0.079835
6800 0 27200 0.080322
6900 0 27600 0.079954
7000 0 28000 0.093811
7100 0 28400 0.106038
7200 0 28800 0.120266
7300 0 29200 0.086907
7400 0 29600 0.084247
7500 0 30000 0.087657
7600 0 30400 0.086577
7700 0 30800 0.087661
7800 0 31200 0.104092
7900 0 31600 0.091578
8000 0 32000 0.091178
8100 0 32400 0.09228
8200 0 32800 0.093402
8300 0 33200 0.094548
8400 0 33600 0.095689
8500 0 34000 0.096738
8600 0 34400 0.09941
8700 0 34800 0.099099
8800 0 35200 0.103237
8900 0 35600 0.114012
9000 0 36000 0.102469
9100 0 36400 0.103572
9200 0 36800 0.104785
9300 0 37200 0.105943
9400 0 37600 0.107038
9500 0 38000 0.10814
9600 0 38400 0.10924
9700 0 38800 0.110327
9800 0 39200 0.117036
9900 0 39600 0.112835
10000 0 40000 0.114592
100 0 200 0.000788
200 0 600 0.002445
300 0 900 0.003163
400 0 1200 0.004012
500 0 1500 0.005003
600 0 1800 0.006343
700 0 2100 0.007848
800 0 2400 0.00806
900 0 2700 0.009238
1000 0 3000 0.009495
1100 0 4400 0.01353
1200 0 4800 0.014267
1300 0 5200 0.014862
1400 0 5600 0.016014
1500 0 6000 0.017133
1600 0 6400 0.018265
1700 0 6800 0.01941
1800 0 7200 0.02059
1900 0 7600 0.021692
2000 0 8000 0.022868
2100 0 8400 0.024008
2200 0 8800 0.02515
2300 0 9200 0.026238
2400 0 9600 0.027384
2500 0 10000 0.029554
2600 0 10400 0.029771
2700 0 10800 0.030851
2800 0 11200 0.031986
2900 0 11600 0.033079
3000 0 12000 0.034267
3100 0 12400 0.035338
3200 0 12800 0.036475
3300 0 13200 0.037608
3400 0 13600 0.043781
3500 0 14000 0.048729
3600 0 14400 0.041825
3700 0 14800 0.042455
3800 0 15200 0.04341
3900 0 15600 0.046104
4000 0 16000 0.046103
4100 0 16400 0.049263
4200 0 16800 0.04794
4300 0 17200 0.049435
4400 0 17600 0.050853
4500 0 18000 0.051574
4600 0 18400 0.052519
4700 0 18800 0.064508
4800 0 19200 0.058478
4900 0 19600 0.056011
5000 0 20000 0.057074
5100 0 20400 0.060929
5200 0 20800 0.060712
5300 0 21200 0.061944
5400 0 21600 0.063688
5500 0 22000 0.062625
5600 0 22400 0.072475
5700 0 22800 0.090029
5800 0 23200 0.068074
5900 0 23600 0.067176
6000 0 24000 0.069151
6100 0 24400 0.070256
6200 0 24800 0.07079
6300 0 25200 0.071711
6400 0 25600 0.076998
6500 0 26000 0.084988
6600 0 26400 0.075388
6700 0 26800 0.080359
6800 0 27200 0.079634
6900 0 27600 0.079334
7000 0 28000 0.080478
7100 0 28400 0.081084
7200 0 28800 0.09664
7300 0 29200 0.084037
7400 0 29600 0.088343
7500 0 30000 0.087553
7600 0 30400 0.087238
7700 0 30800 0.08843
7800 0 31200 0.090367
7900 0 31600 0.113968
8000 0 32000 0.091582
8100 0 32400 0.093524
8200 0 32800 0.095639
8300 0 33200 0.095655
8400 0 33600 0.095906
8500 0 34000 0.102251
8600 0 34400 0.100143
8700 0 34800 0.099102
8800 0 35200 0.101638
8900 0 35600 0.10587
9000 0 36000 0.102482
9100 0 36400 0.113979
9200 0 36800 0.105445
9300 0 37200 0.10589
9400 0 37600 0.10866
9500 0 38000 0.108358
9600 0 38400 0.109462
9700 0 38800 0.118748
9800 0 39200 0.114661
9900 0 39600 0.114276
10000 0 40000 0.114086
100 0 200 0.000612
200 0 600 0.001745
300 0 900 0.002592
400 0 1200 0.003438
500 0 1500 0.004302
600 0 1800 0.005162
700 0 2100 0.00601
800 0 2400 0.006853
900 0 2700 0.007711
1000 0 3000 0.008564
1100 0 4400 0.012552
1200 0 4800 0.0137
1300 0 5200 0.014831
1400 0 5600 0.015974
1500 0 6000 0.017129
1600 0 6400 0.018653
1700 0 6800 0.022008
1800 0 7200 0.027777
1900 0 7600 0.025982
2000 0 8000 0.02549
2100 0 8400 0.024536
2200 0 8800 0.025179
2300 0 9200 0.026409
2400 0 9600 0.027435
2500 0 10000 0.028721
2600 0 10400 0.030834
2700 0 10800 0.030994
2800 0 11200 0.033732
2900 0 11600 0.033401
3000 0 12000 0.034238
3100 0 12400 0.036427
3200 0 12800 0.03652
3300 0 13200 0.037861
3400 0 13600 0.038837
3500 0 14000 0.043579
3600 0 14400 0.054047
3700 0 14800 0.048863
3800 0 15200 0.044292
3900 0 15600 0.045919
4000 0 16000 0.055499
4100 0 16400 0.04849
4200 0 16800 0.048714
4300 0 17200 0.049998
4400 0 17600 0.050192
4500 0 18000 0.051321
4600 0 18400 0.052474
4700 0 18800 0.053561
4800 0 19200 0.054659
4900 0 19600 0.055779
5000 0 20000 0.056958
5100 0 20400 0.058044
5200 0 20800 0.059209
5300 0 21200 0.066063
5400 0 21600 0.072404
5500 0 22000 0.063028
5600 0 22400 0.063736
5700 0 22800 0.064825
5800 0 23200 0.065955
5900 0 23600 0.067136
6000 0 24000 0.06824
6100 0 24400 0.069401
6200 0 24800 0.070513
6300 0 25200 0.07177
6400 0 25600 0.072806
6500 0 26000 0.073967
6600 0 26400 0.075107
6700 0 26800 0.076234
6800 0 27200 0.080067
6900 0 27600 0.07856
7000 0 28000 0.079732
7100 0 28400 0.080906
7200 0 28800 0.08187
7300 0 29200 0.083017
7400 0 29600 0.084173
7500 0 30000 0.085347
7600 0 30400 0.087345
7700 0 30800 0.087641
7800 0 31200 0.088802
7900 0 31600 0.09655
8000 0 32000 0.098001
8100 0 32400 0.09228
8200 0 32800 0.093239
8300 0 33200 0.09621
8400 0 33600 0.095719
8500 0 34000 0.096887
8600 0 34400 0.108836
8700 0 34800 0.099076
8800 0 35200 0.10018
8900 0 35600 0.102722
9000 0 36000 0.111103
9100 0 36400 0.103553
9200 0 36800 0.114674
9300 0 37200 0.106468
9400 0 37600 0.107042
9500 0 38000 0.108144
9600 0 38400 0.109609
9700 0 38800 0.111733
9800 0 39200 0.111543
9900 0 39600 0.12139
10000 0 40000 0.125727
100 0 200 0.000642
200 0 600 0.001858
300 0 900 0.002769
400 0 1200 0.003676
500 0 1500 0.004487
600 0 1800 0.005281
700 0 2100 0.006417
800 0 2400 0.007438
900 0 2700 0.008591
1000 0 3000 0.010242
1100 0 4400 0.017297
1200 0 4800 0.018235
1300 0 5200 0.016873
1400 0 5600 0.01709
1500 0 6000 0.017169
1600 0 6400 0.018224
1700 0 6800 0.019369
1800 0 7200 0.020502
1900 0 7600 0.021655
2000 0 8000 0.022794
2100 0 8400 0.023916
2200 0 8800 0.025066
2300 0 9200 0.026188
2400 0 9600 0.027376
2500 0 10000 0.029113
2600 0 10400 0.030994
2700 0 10800 0.030916
2800 0 11200 0.031883
2900 0 11600 0.033079
3000 0 12000 0.034214
3100 0 12400 0.035333
3200 0 12800 0.036464
3300 0 13200 0.037652
3400 0 13600 0.042141
3500 0 14000 0.045353
3600 0 14400 0.041563
3700 0 14800 0.043544
3800 0 15200 0.044469
3900 0 15600 0.044392
4000 0 16000 0.045559
4100 0 16400 0.046682
4200 0 16800 0.049772
4300 0 17200 0.048977
4400 0 17600 0.05025
4500 0 18000 0.051208
4600 0 18400 0.052541
4700 0 18800 0.054507
4800 0 19200 0.062504
4900 0 19600 0.056992
5000 0 20000 0.056966
5100 0 20400 0.05811
5200 0 20800 0.059959
5300 0 21200 0.06099
5400 0 21600 0.061552
5500 0 22000 0.062564
5600 0 22400 0.066523
5700 0 22800 0.073953
5800 0 23200 0.068247
5900 0 23600 0.067199
6000 0 24000 0.068314
6100 0 24400 0.070743
6200 0 24800 0.07057
6300 0 25200 0.071893
6400 0 25600 0.072852
6500 0 26000 0.077931
6600 0 26400 0.08157
6700 0 26800 0.076183
6800 0 27200 0.077416
6900 0 27600 0.081635
7000 0 28000 0.081658
7100 0 28400 0.08096
7200 0 28800 0.082929
7300 0 29200 0.090669
7400 0 29600 0.084169
7500 0 30000 0.085389
7600 0 30400 0.087647
7700 0 30800 0.087812
7800 0 31200 0.088754
7900 0 31600 0.090954
8000 0 32000 0.099923
8100 0 32400 0.099989
8200 0 32800 0.093348
8300 0 33200 0.096802
8400 0 33600 0.095655
8500 0 34000 0.096673
8600 0 34400 0.106831
8700 0 34800 0.099011
8800 0 35200 0.100184
8900 0 35600 0.101564
9000 0 36000 0.10379
9100 0 36400 0.111426
9200 0 36800 0.104794
9300 0 37200 0.132422
9400 0 37600 0.112532
9500 0 38000 0.109477
9600 0 38400 0.111909
9700 0 38800 0.110866
9800 0 39200 0.111591
9900 0 39600 0.119518
10000 0 40000 0.119094
100 0 200 0.00057
200 0 600 0.001722
300 0 900 0.002562
400 0 1200 0.003416
500 0 1500 0.00427
600 0 1800 0.005118
700 0 2100 0.005992
800 0 2400 0.006832
900 0 2700 0.007676
1000 0 3000 0.008534
1100 0 4400 0.012547
1200 0 4800 0.013672
1300 0 5200 0.014797
1400 0 5600 0.015948
1500 0 6000 0.017102
1600 0 6400 0.018308
1700 0 6800 0.01943
1800 0 7200 0.020961
1900 0 7600 0.022269
2000 0 8000 0.022894
2100 0 8400 0.023942
2200 0 8800 0.025255
2300 0 9200 0.026197
2400 0 9600 0.027332
2500 0 10000 0.028475
2600 0 10400 0.029623
2700 0 10800 0.030743
2800 0 11200 0.031894
2900 0 11600 0.033664
3000 0 12000 0.038893
3100 0 12400 0.03904
3200 0 12800 0.036558
3300 0 13200 0.037604
3400 0 13600 0.038867
3500 0 14000 0.039913
3600 0 14400 0.041018
3700 0 14800 0.044032
3800 0 15200 0.04349
3900 0 15600 0.045736
4000 0 16000 0.051776
4100 0 16400 0.046765
4200 0 16800 0.047822
4300 0 17200 0.048966
4400 0 17600 0.05013
4500 0 18000 0.051221
4600 0 18400 0.057931
4700 0 18800 0.058512
4800 0 19200 0.054727
4900 0 19600 0.055783
5000 0 20000 0.056926
5100 0 20400 0.058064
5200 0 20800 0.059212
5300 0 21200 0.061604
5400 0 21600 0.061498
5500 0 22000 0.062575
5600 0 22400 0.063762
5700 0 22800 0.071644
5800 0 23200 0.0681
5900 0 23600 0.098293
6000 0 24000 0.095295
6100 0 24400 0.074777
6200 0 24800 0.072005
6300 0 25200 0.073157
6400 0 25600 0.073419
6500 0 26000 0.074527
6600 0 26400 0.075734
6700 0 26800 0.085326
6800 0 27200 0.077976
6900 0 27600 0.079034
7000 0 28000 0.085176
7100 0 28400 0.081447
7200 0 28800 0.082556
7300 0 29200 0.084432
7400 0 29600 0.09367
7500 0 30000 0.085944
7600 0 30400 0.087074
7700 0 30800 0.08976
7800 0 31200 0.089463
7900 0 31600 0.090406
8000 0 32000 0.097612
8100 0 32400 0.096197
8200 0 32800 0.093584
8300 0 33200 0.100051
8400 0 33600 0.109206
8500 0 34000 0.100421
8600 0 34400 0.104835
8700 0 34800 0.099007
8800 0 35200 0.10156
8900 0 35600 0.101544
9000 0 36000 0.102451
9100 0 36400 0.118179
9200 0 36800 0.105436
9300 0 37200 0.107251
9400 0 37600 0.107247
9500 0 38000 0.108179
9600 0 38400 0.117757
9700 0 38800 0.111197
9800 0 39200 0.112939
9900 0 39600 0.11297
10000 0 40000 0.116612
