100 607 385 0.004172
200 1663 838 0.007623
300 2642 1568 0.012253
400 3663 2328 0.017363
500 4517 3149 0.022365
600 5812 3108 0.026044
700 6655 3802 0.030479
800 8369 4807 0.038305
900 11474 5555 0.049483
1000 10408 6563 0.049273
1100 13027 9049 0.064194
1200 14555 8158 0.065992
1300 13560 8576 0.06452
1400 15116 8581 0.069654
1500 17241 9987 0.079576
1600 18231 10843 0.085215
1700 20810 11157 0.093114
1800 23600 13400 0.107147
1900 21507 12666 0.099395
2000 24484 13464 0.110198
2100 24725 14354 0.114128
2200 25864 14745 0.118731
2300 29345 15996 0.131608
2400 30754 16012 0.136403
2500 31212 17156 0.140758
2600 33222 20658 0.156433
2700 36838 19972 0.165215
2800 34283 19130 0.154968
2900 35966 21377 0.166439
3000 39534 24566 0.186124
3100 44084 26107 0.203782
3200 39459 24064 0.188118
3300 45061 25212 0.204764
3400 44582 26889 0.207306
3500 48675 25413 0.215742
3600 47687 25438 0.212739
3700 48865 30100 0.229607
3800 53179 29348 0.2398
3900 49919 28060 0.22647
4000 52963 31188 0.244189
4100 57406 32745 0.262668
4200 56756 31913 0.258107
4300 57217 30730 0.256153
4400 58198 34928 0.27125
4500 62579 33501 0.278851
4600 63583 36596 0.291312
4700 65301 37540 0.298339
4800 70267 41084 0.323294
4900 70363 37710 0.313521
5000 73902 36809 0.322351
5100 70660 43234 0.330943
5200 71981 41293 0.32844
5300 75691 40666 0.337837
5400 80088 46198 0.366902
5500 78118 43239 0.352347
5600 81159 42488 0.359426
5700 86833 51593 0.40265
5800 84540 46614 0.380521
5900 89669 45845 0.393372
6000 79019 45717 0.362378
6100 89943 44452 0.390738
6200 89492 55804 0.421368
6300 91616 53726 0.42193
6400 89697 52660 0.41325
6500 89357 51488 0.408921
6600 94498 53368 0.429816
6700 101245 58815 0.464394
6800 107964 63830 0.498255
6900 100826 56997 0.458669
7000 97150 53185 0.436949
7100 104841 58535 0.475015
7200 112143 58279 0.494289
7300 111976 67812 0.522815
7400 112572 61871 0.509047
7500 106752 64434 0.497128
7600 126074 76727 0.588763
7700 112610 62317 0.508022
7800 117788 67097 0.538736
7900 127875 61366 0.549236
8000 117010 63324 0.523738
8100 123382 66680 0.552449
8200 117478 68616 0.541888
8300 131626 74001 0.596826
8400 124030 69383 0.561333
8500 133505 69405 0.59018
8600 122996 72354 0.566657
8700 135378 77599 0.618304
8800 128677 72473 0.58343
8900 135359 69890 0.59657
9000 137872 74787 0.616992
9100 138723 79255 0.63267
9200 142726 80197 0.648087
9300 138898 73916 0.616968
9400 152164 89751 0.702936
9500 141365 84098 0.655309
9600 160651 85161 0.714126
9700 158887 92645 0.730866
9800 154849 84253 0.694962
9900 153585 87555 0.699825
10000 154532 83489 0.693553
100 640 403 0.00304
200 1468 845 0.006669
300 2483 1289 0.01101
400 3702 2147 0.017091
500 5527 3679 0.026755
600 6135 3874 0.029193
700 6874 4506 0.033346
800 7878 4285 0.035749
900 10433 5017 0.045074
1000 11303 5464 0.049088
1100 11788 7770 0.057183
1200 13001 7123 0.05875
1300 15434 8524 0.069808
1400 15679 9720 0.074154
1500 16979 9444 0.077135
1600 20746 11146 0.093058
1700 19360 11508 0.089907
1800 21219 11386 0.094996
1900 26351 14894 0.119693
2000 25308 13950 0.114023
2100 25495 14563 0.116503
2200 27722 15792 0.126395
2300 30341 18297 0.141231
2400 31074 18359 0.14391
2500 30305 17884 0.140273
2600 35392 19467 0.15957
2700 38536 17275 0.162399
2800 36004 21364 0.167483
2900 41096 23035 0.186204
3000 41562 22207 0.185634
3100 41209 24975 0.19227
3200 43574 24759 0.198569
3300 43949 24106 0.1977
3400 48831 28162 0.223367
3500 46053 26224 0.210145
3600 48744 27588 0.221963
3700 49829 27270 0.224472
3800 52387 32476 0.24666
3900 51909 31709 0.24285
4000 53472 31202 0.246429
4100 59542 33108 0.268992
4200 59435 37390 0.281398
4300 56734 31020 0.255709
4400 58293 35040 0.271801
4500 65222 37578 0.29885
4600 63637 40121 0.301753
4700 63606 35991 0.289627
4800 70104 33524 0.301603
4900 71948 40104 0.325547
5000 76748 35604 0.327339
5100 75212 41227 0.338534
5200 74554 41236 0.33737
5300 77891 42652 0.350061
5400 83644 47772 0.381863
5500 81514 46133 0.370308
5600 83474 40418 0.359772
5700 79922 40834 0.351416
5800 84915 44474 0.375923
5900 81318 47437 0.373554
6000 88540 48032 0.396164
6100 91113 48987 0.406347
6200 89279 46818 0.395569
6300 88761 50546 0.40447
6400 95195 57852 0.443411
6500 100804 52752 0.445442
6600 96214 56650 0.443017
6700 95347 58081 0.445575
6800 106362 59642 0.482491
6900 108542 57274 0.485174
7000 104197 65152 0.490736
7100 104925 54988 0.46435
7200 100300 56643 0.454764
7300 108261 66676 0.507195
7400 112388 55658 0.487264
7500 117016 59949 0.515569
7600 112768 64547 0.514145
7700 119309 69271 0.546805
7800 111775 58839 0.495668
7900 116630 63626 0.523113
8000 117502 67613 0.536976
8100 124925 69611 0.563534
8200 136959 80217 0.629269
8300 116028 66845 0.531213
8400 135453 69778 0.597617
8500 126005 67793 0.564494
8600 140151 72331 0.618303
8700 124359 68154 0.558532
8800 130081 78765 0.607151
8900 132615 79648 0.615008
9000 133171 71176 0.593065
9100 132683 75373 0.605188
9200 147203 75251 0.646749
9300 145851 82262 0.662692
9400 160201 83100 0.705555
9500 152029 78614 0.668045
9600 160941 84406 0.712312
9700 153346 84775 0.69237
9800 148883 83154 0.672978
9900 149769 89439 0.694034
10000 155054 85499 0.696938
100 590 389 0.002894
200 1636 1113 0.008024
300 2423 1668 0.0118
400 3335 1919 0.015306
500 4634 2863 0.021711
600 5663 3434 0.02656
700 7553 4467 0.035108
800 7962 4354 0.035678
900 9937 5017 0.043527
1000 10982 6220 0.049875
1100 12417 6708 0.055727
1200 13830 7712 0.06274
1300 15457 9153 0.071472
1400 15956 10446 0.076813
1500 18670 9741 0.082594
1600 17731 10576 0.082631
1700 20490 11526 0.093537
1800 20842 11951 0.095467
1900 21969 11738 0.097961
2000 24657 13807 0.111608
2100 26475 16311 0.1244
2200 27019 14725 0.121107
2300 30641 19691 0.145941
2400 31056 17448 0.140903
2500 31800 16421 0.140079
2600 31596 18404 0.144931
2700 33095 19014 0.151124
2800 35289 19725 0.160073
2900 37466 20011 0.166863
3000 39477 24921 0.186709
3100 38580 23080 0.179402
3200 44239 23182 0.195812
3300 45242 22376 0.196187
3400 46118 25957 0.208802
3500 45907 24771 0.204634
3600 48236 27161 0.219046
3700 54565 26817 0.235925
3800 51711 29719 0.23626
3900 50834 29729 0.233936
4000 54318 31162 0.248886
4100 54397 32063 0.251251
4200 56123 30727 0.251627
4300 61062 33587 0.274529
4400 60399 32081 0.267796
4500 64682 37655 0.297218
4600 71914 34130 0.307336
4700 64727 38362 0.300337
4800 70297 34259 0.303969
4900 67866 37027 0.30575
5000 72208 36884 0.317845
5100 69523 42022 0.324316
5200 76297 41308 0.341592
5300 78389 48099 0.367825
5400 76336 45588 0.354616
5500 77146 42406 0.346693
5600 88907 42748 0.383239
5700 81108 44455 0.36577
5800 84299 51524 0.393689
5900 91217 53949 0.422374
6000 88527 47863 0.397157
6100 88536 49701 0.401573
6200 90253 56818 0.427322
6300 89030 50868 0.406037
6400 97499 57257 0.449475
6500 100480 56780 0.459219
6600 89777 49349 0.40419
6700 98030 60834 0.461979
6800 100550 51934 0.442913
6900 108642 50067 0.461417
7000 96244 56685 0.444515
7100 104278 56413 0.46684
7200 112405 69426 0.527834
7300 105356 64166 0.492582
7400 109036 56053 0.478932
7500 115323 68590 0.533113
7600 108110 58819 0.484453
7700 121737 70397 0.558817
7800 113390 64263 0.516667
7900 124820 79388 0.592678
8000 130479 70121 0.58268
8100 128943 64861 0.563362
8200 123390 62605 0.540628
8300 129895 82077 0.61586
8400 123745 77814 0.586467
8500 122434 67084 0.551476
8600 138455 75907 0.622696
8700 135615 72708 0.605976
8800 126664 67262 0.563786
8900 134191 75891 0.610907
9000 140840 85167 0.657405
9100 142948 82349 0.655174
9200 141016 82765 0.649373
9300 153751 85877 0.699736
9400 145299 84179 0.665942
9500 144332 85134 0.66636
9600 146439 75867 0.646392
9700 149035 83292 0.674678
9800 142233 75016 0.631104
9900 152344 84027 0.686378
10000 153959 89121 0.706393
100 605 396 0.002898
200 1655 877 0.00738
300 2411 1692 0.011824
400 3596 2127 0.016617
500 4545 2605 0.020778
600 6061 3521 0.028026
700 7658 4591 0.035605
800 7970 4997 0.037947
900 9048 5822 0.043626
1000 11260 6308 0.050954
1100 11838 7051 0.055301
1200 14995 8751 0.069269
1300 15923 7103 0.067258
1400 16606 7683 0.071036
1500 18180 10194 0.082856
1600 21248 12882 0.099386
1700 19164 10762 0.087425
1800 22124 13110 0.10266
1900 23432 13605 0.107921
2000 24278 14981 0.114338
2100 26265 15511 0.121766
2200 29015 17560 0.13584
2300 29670 17397 0.137361
2400 28400 17380 0.132989
2500 31164 17020 0.14033
2600 34287 18406 0.153428
2700 34640 20466 0.159891
2800 35365 20504 0.163263
2900 36671 19588 0.163799
3000 37343 19689 0.165505
3100 41382 24859 0.192332
3200 41104 23493 0.187296
3300 44404 25734 0.203273
3400 44585 25885 0.204849
3500 46680 28271 0.217595
3600 51632 29982 0.236616
3700 47982 28486 0.22177
3800 52187 31386 0.242886
3900 52199 28966 0.235657
4000 55742 34376 0.261749
4100 59480 36586 0.2788
4200 59607 34949 0.275131
4300 61141 39618 0.292587
4400 57819 36187 0.272989
4500 64646 35633 0.291677
4600 66105 36522 0.300497
4700 69929 36126 0.307388
4800 68492 39324 0.312715
4900 66646 35077 0.295034
5000 69108 41201 0.320077
5100 78444 42113 0.350352
5200 77014 46230 0.357015
5300 70622 39830 0.320554
5400 74630 41335 0.3359
5500 78748 38753 0.341355
5600 76707 41450 0.343471
5700 80949 45985 0.367816
5800 81548 44457 0.365288
5900 86268 54960 0.410088
6000 93133 51898 0.420961
6100 84238 47505 0.38272
6200 89162 50692 0.405598
6300 96199 53356 0.433153
6400 92431 50596 0.414071
6500 95383 56199 0.440221
6600 101189 56867 0.458184
6700 100239 59501 0.463003
6800 102346 54288 0.455858
6900 106079 62419 0.489148
7000 102268 53651 0.453188
7100 109081 59972 0.490802
7200 102077 55332 0.456606
7300 120430 61991 0.528613
7400 109414 65056 0.506704
7500 113827 72833 0.541958
7600 111172 58388 0.492869
7700 115389 69005 0.534809
7800 110984 61576 0.500933
7900 117385 65829 0.533624
8000 118010 63346 0.525507
8100 131907 70543 0.586826
8200 123151 67787 0.557223
8300 123114 66281 0.550478
8400 125722 69078 0.565752
8500 125533 71246 0.570926
8600 126938 67857 0.564181
8700 133932 78438 0.614547
8800 129099 75631 0.593523
8900 142022 88018 0.665832
9000 135941 78105 0.619602
9100 138663 74676 0.619954
9200 135321 74188 0.607698
9300 132984 73426 0.600437
9400 143771 87136 0.671341
9500 138586 82247 0.642332
9600 144329 79617 0.649982
9700 145230 81326 0.658158
9800 147632 77135 0.656403
9900 152322 78845 0.670166
10000 154799 78259 0.675958
100 657 470 0.00329
200 1419 1000 0.007061
300 2501 1193 0.010796
400 3428 2127 0.016175
500 4983 3093 0.023545
600 6147 4088 0.029982
700 7132 4518 0.034092
800 8507 5594 0.041032
900 8869 5472 0.041822
1000 11571 6646 0.053078
1100 12084 6716 0.05456
1200 14057 8171 0.064461
1300 14133 7645 0.063194
1400 16644 8254 0.072424
1500 17310 10492 0.080936
1600 20493 13140 0.09791
1700 21030 12590 0.097923
1800 20599 11138 0.092304
1900 23760 13915 0.109668
2000 24650 14072 0.112277
2100 29812 18177 0.138928
2200 27271 16117 0.125682
2300 28102 16421 0.128933
2400 30731 15753 0.135375
2500 33497 19476 0.15399
2600 34081 19879 0.156527
2700 41614 19674 0.178512
2800 35602 19789 0.161127
2900 39827 20537 0.17494
3000 41235 23107 0.186433
3100 39416 22707 0.180338
3200 42101 26208 0.198019
3300 40645 23909 0.186772
3400 51026 26307 0.224283
3500 45145 24197 0.201096
3600 56721 26914 0.242508
3700 52079 26410 0.227243
3800 50250 27331 0.226161
3900 51524 31797 0.242149
4000 54132 29699 0.24378
4100 57261 34789 0.267061
4200 57523 32758 0.26154
4300 58452 35890 0.273423
4400 60856 34483 0.276868
4500 59947 34798 0.274874
4600 68635 30935 0.290636
4700 66500 39643 0.30819
4800 70233 34984 0.304832
4900 65991 35541 0.294646
5000 72452 39477 0.323655
5100 75660 44919 0.349263
5200 82841 38431 0.352097
5300 78451 45381 0.358367
5400 78718 42779 0.352368
5500 85399 53494 0.403327
5600 87946 48746 0.396086
5700 81329 43577 0.363242
5800 82325 45213 0.368955
5900 81415 46195 0.369536
6000 89576 50963 0.406772
6100 93987 50389 0.418604
6200 89543 51323 0.409155
6300 89900 54948 0.420262
6400 93664 53467 0.425935
6500 95934 56100 0.440614
6600 98008 57688 0.451224
6700 104212 61902 0.482206
6800 108070 66055 0.504481
6900 100100 54658 0.451069
7000 102755 59150 0.468652
7100 113002 57447 0.495032
7200 107795 54337 0.470723
7300 101382 56918 0.459853
7400 108054 64256 0.501305
7500 123530 68218 0.556991
7600 108285 60617 0.49083
7700 118243 65740 0.534793
7800 115444 59518 0.507202
7900 113945 65180 0.521871
8000 118885 61300 0.525252
8100 120019 62415 0.533315
8200 122998 73218 0.571526
8300 136717 76462 0.622275
8400 125527 68993 0.567595
8500 137100 77545 0.624468
8600 126434 73234 0.581725
8700 129193 74082 0.591262
8800 132764 72860 0.60198
8900 135279 69650 0.595075
9000 139616 81999 0.64138
9100 146744 81518 0.662542
9200 142179 73625 0.625345
9300 160137 86272 0.713479
9400 142668 86270 0.663789
9500 143929 76699 0.638975
9600 164843 87527 0.732488
9700 167748 96284 0.764846
9800 172053 89346 0.758364
9900 143456 78755 0.642996
10000 159807 87325 0.716361
100 677 443 0.003211
200 1654 1200 0.008364
300 2579 1495 0.011885
400 3546 2151 0.016528
500 4466 2872 0.021416
600 5955 3373 0.027106
700 6812 4059 0.031611
800 8533 4949 0.039351
900 11137 6035 0.049819
1000 11583 7039 0.053896
1100 12159 6574 0.054212
1200 14088 7438 0.062478
1300 14899 7921 0.066669
1400 16072 9263 0.073402
1500 17497 10039 0.079843
1600 19102 10017 0.084098
1700 20286 11038 0.090758
1800 22289 11474 0.098097
1900 21598 13050 0.100808
2000 25534 16928 0.123102
2100 25653 13923 0.114889
2200 27843 16757 0.12917
2300 29742 16593 0.133843
2400 28424 15101 0.1259
2500 32336 18111 0.146782
2600 32669 18939 0.150064
2700 35780 20347 0.163464
2800 36948 22639 0.172526
2900 39382 20751 0.174799
3000 40300 21879 0.181377
3100 40904 20317 0.178602
3200 43467 25638 0.200961
3300 47187 29952 0.224519
3400 44974 26701 0.208789
3500 49877 28289 0.227822
3600 47979 26203 0.216325
3700 52700 30581 0.24236
3800 49399 29524 0.230091
3900 52470 31741 0.245338
4000 59110 31120 0.262845
4100 55414 30314 0.247775
4200 60428 35575 0.277318
4300 58418 33155 0.264615
4400 58967 35587 0.274029
4500 66764 32034 0.286154
4600 71461 38779 0.32133
4700 63658 37903 0.294752
4800 63661 36029 0.288137
4900 67719 40932 0.315726
5000 70718 43765 0.336322
5100 73454 39531 0.328508
5200 71515 40440 0.325296
5300 79809 43075 0.35783
5400 71597 40872 0.327554
5500 80444 44278 0.363124
5600 79815 45122 0.363676
5700 88337 49054 0.397691
5800 84796 47751 0.384527
5900 87548 47065 0.389601
6000 82454 45189 0.369766
6100 87633 50909 0.40161
6200 86375 47432 0.388727
6300 94670 49991 0.419608
6400 97392 47679 0.421286
6500 93040 53276 0.423055
6600 99045 55162 0.450283
6700 106426 58952 0.482013
6800 98549 53656 0.443943
6900 105653 63382 0.491918
7000 104672 54790 0.462816
7100 109476 59611 0.492048
7200 105225 61491 0.484851
7300 106563 60909 0.486852
7400 104495 54443 0.462237
7500 114877 67169 0.530034
7600 113322 67238 0.525311
7700 122848 72008 0.567005
7800 126130 72997 0.578837
7900 113671 68151 0.52887
8000 120157 60866 0.527102
8100 116948 65810 0.530261
8200 125837 75163 0.582222
8300 125019 70467 0.56739
8400 124714 72875 0.573799
8500 132274 79864 0.617262
8600 130695 78250 0.605631
8700 138624 77952 0.627231
8800 132992 77195 0.609981
8900 141227 70036 0.611972
9000 140417 75189 0.626979
9100 138471 77581 0.627698
9200 162404 88449 0.728053
9300 146171 86134 0.67579
9400 159932 104110 0.767329
9500 144094 79008 0.649336
9600 148818 88235 0.688786
9700 155501 90040 0.71385
9800 141609 82087 0.649861
9900 147992 84225 0.674659
10000 155794 79161 0.682142
100 573 378 0.002775
200 1746 926 0.007705
300 2583 1360 0.011528
400 4089 2784 0.019793
500 4969 3026 0.02324
600 6187 3667 0.028964
700 7216 3778 0.032103
800 7794 4428 0.035801
900 9957 5747 0.045903
1000 10173 5727 0.046244
1100 14240 7800 0.064324
1200 12644 7322 0.057985
1300 13620 7567 0.061721
1400 15723 9085 0.072705
1500 18345 9970 0.082785
1600 18366 10524 0.084163
1700 20503 11986 0.094845
1800 21803 13579 0.103195
1900 21293 12364 0.097823
2000 23654 13876 0.109509
2100 26066 16439 0.123057
2200 27385 15603 0.124898
2300 28223 17136 0.131382
2400 30567 17148 0.138659
2500 31466 18534 0.145285
2600 32181 17343 0.143908
2700 36167 20070 0.163137
2800 36895 20999 0.167628
2900 39593 23318 0.182304
3000 39363 20155 0.172784
3100 40103 22647 0.182904
3200 42157 23446 0.190464
3300 44064 26425 0.204766
3400 50040 28764 0.228052
3500 47326 28591 0.220381
3600 47121 24066 0.206567
3700 47891 25311 0.212554
3800 55190 34386 0.260065
3900 60330 36350 0.281638
4000 55126 29686 0.247202
4100 64057 26477 0.263229
4200 56437 31625 0.256798
4300 58923 33317 0.267381
4400 63742 36344 0.290616
4500 62587 38994 0.295064
4600 65282 36385 0.296066
4700 65155 35518 0.293966
4800 67357 38756 0.308569
4900 66053 35267 0.294689
5000 72372 41780 0.331623
5100 68438 38843 0.312478
5200 73115 38714 0.323731
5300 80217 45822 0.366398
5400 78157 42006 0.349119
5500 80010 38142 0.341928
5600 85250 49042 0.388623
5700 81490 44632 0.365108
5800 80113 46488 0.366354
5900 92726 51923 0.419436
6000 90195 48201 0.401174
6100 88232 49446 0.398426
6200 94269 56341 0.436698
6300 92614 58037 0.436697
6400 97355 54398 0.439817
6500 93117 51179 0.418057
6600 98466 55432 0.445991
6700 99379 58663 0.457726
6800 95803 56786 0.442403
6900 100291 56103 0.453261
7000 110768 66869 0.51477
7100 106417 65657 0.4992
7200 112276 60091 0.500583
7300 106142 59401 0.481545
7400 112346 60980 0.502052
7500 124249 67629 0.557627
7600 111953 58935 0.49584
7700 116012 70438 0.539562
7800 115748 64095 0.520623
7900 128916 84444 0.61796
8000 115877 65300 0.526578
8100 124599 72816 0.571237
8200 121423 68001 0.548456
8300 121775 72993 0.564284
8400 129290 76642 0.597415
8500 125037 73293 0.575576
8600 132002 76177 0.603771
8700 131472 70023 0.584995
8800 138540 81576 0.63931
8900 132100 74116 0.598202
9000 142325 77128 0.639027
9100 136381 77774 0.622808
9200 142939 83669 0.656558
9300 153740 98822 0.73284
9400 152367 90573 0.705017
9500 153973 82678 0.687108
9600 151319 77527 0.665349
9700 158534 81128 0.696976
9800 149633 81724 0.672621
9900 162862 96429 0.752976
10000 154910 89329 0.707785
100 578 375 0.002743
200 1526 1086 0.007717
300 2560 1710 0.012423
400 3981 2771 0.0196
500 5273 3363 0.025104
600 6093 4105 0.029792
700 7053 3967 0.032204
800 8058 4974 0.037969
900 8537 5271 0.040258
1000 11217 6971 0.052706
1100 13251 7660 0.060784
1200 12464 7538 0.058456
1300 14467 8688 0.067354
1400 15030 8970 0.069756
1500 17772 9977 0.080716
1600 18546 10677 0.08513
1700 21089 13613 0.100557
1800 21459 12829 0.099258
1900 22699 13400 0.10529
2000 24263 15416 0.115757
2100 26541 16515 0.12499
2200 26720 15573 0.122804
2300 28955 16755 0.132779
2400 28961 16073 0.130621
2500 32539 18236 0.14719
2600 34281 23231 0.166838
2700 35907 20175 0.163011
2800 34985 20471 0.160669
2900 41937 24027 0.190894
3000 40756 22499 0.183539
3100 39101 22247 0.17736
3200 44180 24387 0.199726
3300 45872 28636 0.215883
3400 45826 24928 0.205288
3500 46393 28047 0.216419
3600 48189 26849 0.218361
3700 51438 31039 0.238868
3800 51531 29147 0.233359
3900 54318 29799 0.243927
4000 59916 32947 0.269372
4100 57577 31696 0.259144
4200 56132 33715 0.260748
4300 59193 34502 0.271627
4400 59610 32249 0.265821
4500 65814 39811 0.308044
4600 63334 32149 0.277123
4700 64000 36123 0.290109
4800 65437 36249 0.295799
4900 68386 38881 0.311342
5000 74691 46911 0.355689
5100 73587 38806 0.32738
5200 73159 43987 0.339685
5300 74095 43346 0.340448
5400 74864 44956 0.351036
5500 75079 43133 0.343644
5600 75773 43147 0.345
5700 78176 44046 0.354559
5800 80325 45650 0.36493
5900 94251 58222 0.443268
6000 87412 49476 0.396911
6100 83037 47755 0.379193
6200 84176 47644 0.382834
6300 93411 51660 0.421386
6400 96434 49654 0.424758
6500 97658 51952 0.43515
6600 101227 58268 0.462592
6700 97907 57171 0.451217
6800 109190 55182 0.476818
6900 105083 51927 0.455969
7000 108867 66670 0.509254
7100 101316 55870 0.455646
7200 111579 56784 0.488594
7300 110018 61985 0.499894
7400 111358 59445 0.495587
7500 113862 68296 0.527934
7600 116782 72179 0.54792
7700 113157 64960 0.51795
7800 113187 65784 0.519335
7900 122505 63239 0.539961
8000 115908 64555 0.52414
8100 123272 71421 0.565563
8200 131588 81325 0.617991
8300 120314 63314 0.532965
8400 125771 72788 0.578004
8500 129274 68035 0.573873
8600 142901 84625 0.66068
8700 140945 77492 0.638097
8800 143011 70130 0.619019
8900 138668 75087 0.62117
9000 136822 69139 0.59814
9100 140272 82132 0.646359
9200 143082 89656 0.676207
9300 153884 77669 0.672081
9400 139818 80095 0.638961
9500 149086 84589 0.678575
9600 151517 87090 0.692629
9700 142161 77797 0.638743
9800 153798 87088 0.700213
9900 155387 87004 0.702755
10000 170195 97597 0.777452
100 676 374 0.003045
200 1597 910 0.007356
300 2525 1772 0.012361
400 3483 2172 0.016329
500 4757 2868 0.022258
600 6345 3186 0.027651
700 7084 4251 0.03317
800 8217 5232 0.039363
900 9365 5930 0.044751
1000 11695 6080 0.051782
1100 11321 6165 0.051198
1200 13437 7570 0.061244
1300 14816 8749 0.069336
1400 15655 8276 0.069882
1500 17734 10148 0.081268
1600 19362 10987 0.088561
1700 20970 11514 0.094455
1800 21612 11969 0.097856
1900 23348 13104 0.105869
2000 25720 13749 0.115349
2100 27496 15816 0.126431
2200 28577 16523 0.131375
2300 28546 15342 0.127748
2400 29223 17605 0.136286
2500 32888 17236 0.145767
2600 34799 20087 0.159557
2700 35129 20237 0.160951
2800 36783 24070 0.177548
2900 37550 19673 0.166214
3000 39631 23905 0.184843
3100 38044 22731 0.176569
3200 43557 24557 0.197273
3300 42910 24195 0.194736
3400 44608 26184 0.206071
3500 47842 27339 0.218799
3600 52682 27106 0.231574
3700 55819 24083 0.232061
3800 52186 27482 0.231643
3900 49732 29243 0.229564
4000 54712 30820 0.248261
4100 54884 30355 0.24719
4200 57407 34153 0.2658
4300 58804 31395 0.262004
4400 59456 32430 0.266649
4500 65870 37646 0.300044
4600 64392 35485 0.289573
4700 67184 35726 0.298244
4800 66137 35617 0.295627
4900 64336 36006 0.290346
5000 71176 38578 0.319655
5100 72690 40403 0.331361
5200 80463 42658 0.356453
5300 71215 41736 0.327536
5400 75573 41745 0.341025
5500 77827 43387 0.351929
5600 81819 47644 0.376048
5700 91176 51191 0.413229
5800 79349 44635 0.360067
5900 86314 46137 0.384575
6000 89140 49240 0.401482
6100 89863 47916 0.401508
6200 86012 48067 0.388612
6300 102621 51514 0.448072
6400 94146 54257 0.431488
6500 90382 50583 0.409962
6600 99961 54145 0.447544
6700 99018 61349 0.466118
6800 98720 56645 0.451726
6900 103916 64958 0.490212
7000 99566 59613 0.463218
7100 102766 57539 0.465036
7200 109776 66709 0.513034
7300 107852 59514 0.486122
7400 115906 63901 0.522453
7500 118921 65190 0.534562
7600 118751 60905 0.521715
7700 118551 71265 0.55148
7800 118173 64695 0.531174
7900 121906 64178 0.540919
8000 119142 60942 0.522979
8100 127641 71240 0.578368
8200 121026 67012 0.546191
8300 122712 73237 0.573037
8400 132543 77051 0.608147
8500 127038 70131 0.572404
8600 138844 78273 0.630069
8700 129915 76804 0.599458
8800 136646 73125 0.609102
8900 148502 83514 0.673941
9000 141581 81534 0.647637
9100 137140 71249 0.606626
9200 134681 81749 0.629133
9300 141915 73176 0.624508
9400 142810 77114 0.638696
9500 148244 84900 0.676699
9600 149266 80578 0.666951
9700 147104 84141 0.672674
9800 161905 84511 0.716459
9900 155157 80920 0.685914
10000 165050 87599 0.733736
100 740 486 0.00358
200 1396 915 0.006792
300 2867 1905 0.013846
400 3782 2504 0.018275
500 5311 3018 0.024107
600 5877 3562 0.027729
700 7415 5380 0.037374
800 8504 4751 0.038892
900 9312 5917 0.044456
1000 11142 6335 0.050978
1100 12871 6950 0.057854
1200 13818 8563 0.065499
1300 15720 10262 0.075631
1400 17082 11202 0.08248
1500 17938 9698 0.0805
1600 17415 9407 0.078472
1700 21551 12529 0.099598
1800 23911 14978 0.11333
1900 25377 14239 0.115465
2000 24335 14047 0.111697
2100 25027 14659 0.115616
2200 27187 14734 0.122057
2300 30615 17593 0.140577
2400 31868 18130 0.145355
2500 33599 19001 0.153065
2600 35777 17374 0.154728
2700 34295 19216 0.155889
2800 34091 18822 0.15398
2900 40129 21821 0.180218
3000 39893 22631 0.181843
3100 42339 24282 0.194037
3200 42301 22028 0.187043
3300 41879 22543 0.187343
3400 43929 24945 0.200168
3500 46841 25751 0.211273
3600 48771 28907 0.225663
3700 47814 25826 0.214628
3800 48964 28221 0.224381
3900 50618 28646 0.230421
4000 53361 28040 0.237109
4100 60365 35775 0.279602
4200 55002 30844 0.250615
4300 62007 30954 0.272528
4400 57308 34758 0.26804
4500 60392 35527 0.279677
4600 65286 39758 0.305985
4700 67435 38884 0.308556
4800 68101 33944 0.296386
4900 67659 40328 0.313975
5000 70279 38949 0.317626
5100 71968 42414 0.333213
5200 72155 37695 0.319055
5300 80477 47826 0.372556
5400 77231 44890 0.354738
5500 81575 47113 0.373444
5600 91573 56526 0.430807
5700 79652 45321 0.363764
5800 79094 42178 0.352561
5900 85851 49730 0.393557
6000 85130 49538 0.390517
6100 91567 49026 0.408115
6200 86280 49799 0.39544
6300 94401 56055 0.435983
6400 90624 54669 0.421797
6500 88760 53676 0.413099
6600 97952 53759 0.441282
6700 97943 51879 0.434841
6800 95214 54714 0.435303
6900 109467 56293 0.481449
7000 105937 63130 0.49121
7100 101007 54307 0.451292
7200 111783 52509 0.476547
7300 112592 56565 0.489797
7400 103014 57436 0.465884
7500 113277 69762 0.53189
7600 115191 61609 0.514197
7700 115245 64570 0.523192
7800 116857 65989 0.530426
7900 118649 62937 0.527569
8000 118884 64976 0.533623
8100 118081 60450 0.518122
8200 133274 83668 0.633438
8300 118484 65581 0.534921
8400 129826 72187 0.587014
8500 125586 69136 0.56606
8600 131100 75746 0.600297
8700 137868 75989 0.620348
8800 134110 80712 0.624952
8900 135191 78968 0.623536
9000 134150 76010 0.610661
9100 135841 77730 0.620873
9200 160407 94378 0.738577
9300 140828 78305 0.635618
9400 145051 81897 0.659748
9500 146748 81652 0.663493
9600 146795 91673 0.691329
9700 146826 76670 0.647622
9800 150405 81191 0.673048
9900 151585 79269 0.672673
10000 160793 90703 0.730528
